<?xml version="1.0" encoding="utf-8"?>
<CoverageSession xmlns:xsd="http://www.w3.org/2001/XMLSchema" xmlns:xsi="http://www.w3.org/2001/XMLSchema-instance" Version="0.0.0.0">
  <Summary numSequencePoints="534" visitedSequencePoints="97" numBranchPoints="0" visitedBranchPoints="0" sequenceCoverage="18.16" branchCoverage="0.0" maxCyclomaticComplexity="0" minCyclomaticComplexity="0" maxCrapScore="0" minCrapScore="0" visitedClasses="4" numClasses="11" visitedMethods="8" numMethods="49" />
  <Modules>
    <Module>
      <Summary numSequencePoints="534" visitedSequencePoints="97" numBranchPoints="0" visitedBranchPoints="0" sequenceCoverage="18.16" branchCoverage="0.0" maxCyclomaticComplexity="0" minCyclomaticComplexity="0" maxCrapScore="0" minCrapScore="0" visitedClasses="4" numClasses="11" visitedMethods="8" numMethods="49" />
      <ModuleTime>0001-01-01T00:00:00</ModuleTime>
      <ModuleName>MainAssembly</ModuleName>
      <Files>
        <File uid="78" fullPath="C:/Users/milan/Unity/SuperLap/Unity/Assets/Scripts/RacelineOptimizer/CornerDetector.cs" />
        <File uid="79" fullPath="C:/Users/milan/Unity/SuperLap/Unity/Assets/Scripts/RacelineOptimizer/EdgeDataImporter.cs" />
        <File uid="80" fullPath="C:/Users/milan/Unity/SuperLap/Unity/Assets/Scripts/RacelineOptimizer/Particle.cs" />
        <File uid="81" fullPath="C:/Users/milan/Unity/SuperLap/Unity/Assets/Scripts/RL/Checkpoint.cs" />
        <File uid="82" fullPath="C:/Users/milan/Unity/SuperLap/Unity/Assets/Scripts/RL/CheckpointManager.cs" />
        <File uid="83" fullPath="C:/Users/milan/Unity/SuperLap/Unity/Assets/Scripts/RL/DrivingRecommendationEngine.cs" />
        <File uid="84" fullPath="C:/Users/milan/Unity/SuperLap/Unity/Assets/Scripts/RL/MotorcycleAgent.cs" />
        <File uid="85" fullPath="C:/Users/milan/Unity/SuperLap/Unity/Assets/Scripts/RL/MotorcyclePhysicsCalculator.cs" />
        <File uid="86" fullPath="C:/Users/milan/Unity/SuperLap/Unity/Assets/Scripts/RL/MotorcyclePlayer.cs" />
        <File uid="87" fullPath="C:/Users/milan/Unity/SuperLap/Unity/Assets/Scripts/RL/MotorcycleVisualEffects.cs" />
        <File uid="88" fullPath="C:/Users/milan/Unity/SuperLap/Unity/Assets/Scripts/RL/RacelineAnalyzer.cs" />
        <File uid="89" fullPath="C:/Users/milan/Unity/SuperLap/Unity/Assets/Scripts/RL/TrackDetector.cs" />
        <File uid="90" fullPath="C:/Users/milan/Unity/SuperLap/Unity/Assets/Scripts/RL/TrackMaster.cs" />
        <File uid="91" fullPath="C:/Users/milan/Unity/SuperLap/Unity/Assets/Scripts/RL/Trainer.cs" />
        <File uid="92" fullPath="C:/Users/milan/Unity/SuperLap/Unity/Assets/Scripts/RL/TrainingCameraController.cs" />
        <File uid="93" fullPath="C:/Users/milan/Unity/SuperLap/Unity/Assets/Scripts/RL/TrainingUIController.cs" />
        <File uid="94" fullPath="C:/Users/milan/Unity/SuperLap/Unity/Assets/Scripts/RL/TrajectoryPredictor.cs" />
        <File uid="95" fullPath="C:/Users/milan/Unity/SuperLap/Unity/Assets/Scripts/RacelineOptimizer/PlayerLineFromCSV.cs" />
        <File uid="96" fullPath="C:/Users/milan/Unity/SuperLap/Unity/Assets/Scripts/RacelineOptimizer/PSO.cs" />
        <File uid="97" fullPath="C:/Users/milan/Unity/SuperLap/Unity/Assets/Scripts/RacelineOptimizer/RacelineExporter.cs" />
        <File uid="98" fullPath="C:/Users/milan/Unity/SuperLap/Unity/Assets/Scripts/RacelineOptimizer/SavitzkyGolayFilter.cs" />
        <File uid="99" fullPath="C:/Users/milan/Unity/SuperLap/Unity/Assets/Scripts/RacelineOptimizer/TrackSampler.cs" />
        <File uid="100" fullPath="C:/Users/milan/Unity/SuperLap/Unity/Assets/Scripts/LibTessDotNet/Dict.cs" />
        <File uid="101" fullPath="C:/Users/milan/Unity/SuperLap/Unity/Assets/Scripts/LibTessDotNet/Geom.cs" />
        <File uid="102" fullPath="C:/Users/milan/Unity/SuperLap/Unity/Assets/Scripts/LibTessDotNet/Mesh.cs" />
        <File uid="103" fullPath="C:/Users/milan/Unity/SuperLap/Unity/Assets/Scripts/LibTessDotNet/MeshUtils.cs" />
        <File uid="104" fullPath="C:/Users/milan/Unity/SuperLap/Unity/Assets/Scripts/LibTessDotNet/PriorityHeap.cs" />
        <File uid="105" fullPath="C:/Users/milan/Unity/SuperLap/Unity/Assets/Scripts/LibTessDotNet/PriorityQueue.cs" />
        <File uid="106" fullPath="C:/Users/milan/Unity/SuperLap/Unity/Assets/Scripts/LibTessDotNet/Sweep.cs" />
        <File uid="107" fullPath="C:/Users/milan/Unity/SuperLap/Unity/Assets/Scripts/LibTessDotNet/Tess.cs" />
        <File uid="108" fullPath="C:/Users/milan/Unity/SuperLap/Unity/Assets/CleanFlatUI/Scripts/Dropdown/DropdownMultiCheck.cs" />
        <File uid="109" fullPath="C:/Users/milan/Unity/SuperLap/Unity/Assets/CleanFlatUI/Scripts/Dropdown/DropdownMultiCheckTransition.cs" />
        <File uid="110" fullPath="C:/Users/milan/Unity/SuperLap/Unity/Assets/CleanFlatUI/Scripts/Dropdown/DropdownTransition.cs" />
        <File uid="111" fullPath="C:/Users/milan/Unity/SuperLap/Unity/Assets/CleanFlatUI/Scripts/ProgressBar/ProgressBar.cs" />
        <File uid="112" fullPath="C:/Users/milan/Unity/SuperLap/Unity/Assets/CleanFlatUI/Scripts/ProgressBar/ProgressBarAuto.cs" />
        <File uid="113" fullPath="C:/Users/milan/Unity/SuperLap/Unity/Assets/CleanFlatUI/Scripts/ProgressBar/ProgressBarBubble.cs" />
        <File uid="114" fullPath="C:/Users/milan/Unity/SuperLap/Unity/Assets/CleanFlatUI/Scripts/ProgressBar/ProgressBarBubbleAuto.cs" />
        <File uid="115" fullPath="C:/Users/milan/Unity/SuperLap/Unity/Assets/CleanFlatUI/Scripts/ProgressBar/ProgressBarCircularMove.cs" />
        <File uid="116" fullPath="C:/Users/milan/Unity/SuperLap/Unity/Assets/CleanFlatUI/Scripts/ProgressBar/ProgressBarCircularMoveAuto.cs" />
        <File uid="117" fullPath="C:/Users/milan/Unity/SuperLap/Unity/Assets/CleanFlatUI/Scripts/ProgressBar/ProgressBarCircularRound.cs" />
        <File uid="118" fullPath="C:/Users/milan/Unity/SuperLap/Unity/Assets/CleanFlatUI/Scripts/ProgressBar/ProgressBarCircularRoundAuto.cs" />
        <File uid="119" fullPath="C:/Users/milan/Unity/SuperLap/Unity/Assets/CleanFlatUI/Scripts/ProgressBar/ProgressBarGridCircular.cs" />
        <File uid="120" fullPath="C:/Users/milan/Unity/SuperLap/Unity/Assets/CleanFlatUI/Scripts/ProgressBar/ProgressBarGridCircularAuto.cs" />
        <File uid="121" fullPath="C:/Users/milan/Unity/SuperLap/Unity/Assets/CleanFlatUI/Scripts/ProgressBar/ProgressBarGridLinear.cs" />
        <File uid="122" fullPath="C:/Users/milan/Unity/SuperLap/Unity/Assets/CleanFlatUI/Scripts/ProgressBar/ProgressBarGridLinearAuto.cs" />
        <File uid="123" fullPath="C:/Users/milan/Unity/SuperLap/Unity/Assets/CleanFlatUI/Scripts/ProgressBar/ProgressBarLoop.cs" />
        <File uid="124" fullPath="C:/Users/milan/Unity/SuperLap/Unity/Assets/CleanFlatUI/Scripts/ProgressBar/ProgressBarPattern.cs" />
        <File uid="125" fullPath="C:/Users/milan/Unity/SuperLap/Unity/Assets/CleanFlatUI/Scripts/ProgressBar/ProgressBarPatternAuto.cs" />
        <File uid="126" fullPath="C:/Users/milan/Unity/SuperLap/Unity/Assets/CleanFlatUI/Scripts/ProgressBar/ProgressBarPatternCircular.cs" />
        <File uid="127" fullPath="C:/Users/milan/Unity/SuperLap/Unity/Assets/CleanFlatUI/Scripts/ProgressBar/ProgressBarPatternCircularAuto.cs" />
        <File uid="128" fullPath="C:/Users/milan/Unity/SuperLap/Unity/Assets/CleanFlatUI/Scripts/ProgressBar/ProgressBarSpecial.cs" />
        <File uid="129" fullPath="C:/Users/milan/Unity/SuperLap/Unity/Assets/CleanFlatUI/Scripts/ProgressBar/ProgressBarSpecialAuto.cs" />
        <File uid="130" fullPath="C:/Users/milan/Unity/SuperLap/Unity/Assets/CleanFlatUI/Scripts/ProgressBar/ProgressBarSpecialPattern.cs" />
        <File uid="131" fullPath="C:/Users/milan/Unity/SuperLap/Unity/Assets/CleanFlatUI/Scripts/ProgressBar/ProgressBarSpecialPatternAuto.cs" />
        <File uid="132" fullPath="C:/Users/milan/Unity/SuperLap/Unity/Assets/CleanFlatUI/Scripts/Tooltip/Tooltip.cs" />
        <File uid="133" fullPath="C:/Users/milan/Unity/SuperLap/Unity/Assets/CleanFlatUI/Scripts/Tooltip/TooltipDetermine.cs" />
        <File uid="134" fullPath="C:/Users/milan/Unity/SuperLap/Unity/Assets/CleanFlatUI/Scripts/Tooltip/TooltipInDetermine.cs" />
        <File uid="135" fullPath="C:/Users/milan/Unity/SuperLap/Unity/Assets/CleanFlatUI/Scripts/Tooltip/TooltipSnap.cs" />
        <File uid="136" fullPath="C:/Users/milan/Unity/SuperLap/Unity/Assets/CleanFlatUI/Scripts/Tooltip/TooltipSpecial.cs" />
      </Files>
      <Classes>
        <Class>
          <Summary numSequencePoints="51" visitedSequencePoints="39" numBranchPoints="0" visitedBranchPoints="0" sequenceCoverage="76.47" branchCoverage="0.0" maxCyclomaticComplexity="0" minCyclomaticComplexity="0" maxCrapScore="0" minCrapScore="0" visitedClasses="1" numClasses="1" visitedMethods="3" numMethods="3" />
          <FullName>RacelineAnalyzer</FullName>
          <Methods>
            <Method visited="true" cyclomaticComplexity="0" nPathComplexity="0" sequenceCoverage="90.32" branchCoverage="0" crapScore="0" isConstructor="false" isStatic="true" isGetter="false" isSetter="false">
              <Summary numSequencePoints="31" visitedSequencePoints="28" numBranchPoints="0" visitedBranchPoints="0" sequenceCoverage="90.32" branchCoverage="0" maxCyclomaticComplexity="0" minCyclomaticComplexity="0" maxCrapScore="0" minCrapScore="0" visitedClasses="0" numClasses="0" visitedMethods="1" numMethods="1" />
              <MetadataToken>100663470</MetadataToken>
              <Name>static System.Void RacelineAnalyzer::Initialize(System.Collections.Generic.List[Vector2])</Name>
              <FileRef uid="88" />
              <SequencePoints>
                <SequencePoint vc="1" uspid="27042" ordinal="0" offset="0" sl="138" sc="5" el="138" ec="5" bec="0" bev="0" fileid="88" />
                <SequencePoint vc="1" uspid="27043" ordinal="0" offset="1" sl="139" sc="9" el="139" ec="9" bec="0" bev="0" fileid="88" />
                <SequencePoint vc="1" uspid="27044" ordinal="0" offset="12" sl="141" sc="9" el="141" ec="9" bec="0" bev="0" fileid="88" />
                <SequencePoint vc="0" uspid="27045" ordinal="0" offset="33" sl="142" sc="9" el="142" ec="9" bec="0" bev="0" fileid="88" />
                <SequencePoint vc="0" uspid="27046" ordinal="0" offset="34" sl="143" sc="13" el="143" ec="13" bec="0" bev="0" fileid="88" />
                <SequencePoint vc="0" uspid="27047" ordinal="0" offset="40" sl="144" sc="13" el="144" ec="13" bec="0" bev="0" fileid="88" />
                <SequencePoint vc="1" uspid="27048" ordinal="0" offset="45" sl="148" sc="9" el="148" ec="9" bec="0" bev="0" fileid="88" />
                <SequencePoint vc="1" uspid="27049" ordinal="0" offset="53" sl="149" sc="9" el="149" ec="9" bec="0" bev="0" fileid="88" />
                <SequencePoint vc="1" uspid="27050" ordinal="0" offset="61" sl="151" sc="9" el="151" ec="9" bec="0" bev="0" fileid="88" />
                <SequencePoint vc="1" uspid="27051" ordinal="0" offset="62" sl="151" sc="31" el="151" ec="31" bec="0" bev="0" fileid="88" />
                <SequencePoint vc="20" uspid="27052" ordinal="0" offset="72" sl="151" sc="18" el="151" ec="18" bec="0" bev="0" fileid="88" />
                <SequencePoint vc="20" uspid="27053" ordinal="0" offset="81" sl="152" sc="9" el="152" ec="9" bec="0" bev="0" fileid="88" />
                <SequencePoint vc="20" uspid="27054" ordinal="0" offset="82" sl="153" sc="13" el="153" ec="13" bec="0" bev="0" fileid="88" />
                <SequencePoint vc="20" uspid="27055" ordinal="0" offset="107" sl="154" sc="13" el="154" ec="13" bec="0" bev="0" fileid="88" />
                <SequencePoint vc="20" uspid="27056" ordinal="0" offset="132" sl="155" sc="13" el="155" ec="13" bec="0" bev="0" fileid="88" />
                <SequencePoint vc="20" uspid="27057" ordinal="0" offset="157" sl="156" sc="13" el="156" ec="13" bec="0" bev="0" fileid="88" />
                <SequencePoint vc="20" uspid="27058" ordinal="0" offset="182" sl="157" sc="9" el="157" ec="9" bec="0" bev="0" fileid="88" />
                <SequencePoint vc="21" uspid="27059" ordinal="0" offset="183" sl="151" sc="28" el="151" ec="28" bec="0" bev="0" fileid="88" />
                <SequencePoint vc="1" uspid="27060" ordinal="0" offset="209" sl="160" sc="9" el="160" ec="9" bec="0" bev="0" fileid="88" />
                <SequencePoint vc="1" uspid="27061" ordinal="0" offset="227" sl="161" sc="9" el="161" ec="9" bec="0" bev="0" fileid="88" />
                <SequencePoint vc="1" uspid="27062" ordinal="0" offset="235" sl="162" sc="9" el="162" ec="9" bec="0" bev="0" fileid="88" />
                <SequencePoint vc="1" uspid="27063" ordinal="0" offset="243" sl="164" sc="9" el="164" ec="9" bec="0" bev="0" fileid="88" />
                <SequencePoint vc="1" uspid="27064" ordinal="0" offset="288" sl="165" sc="9" el="165" ec="9" bec="0" bev="0" fileid="88" />
                <SequencePoint vc="1" uspid="27065" ordinal="0" offset="300" sl="168" sc="14" el="168" ec="14" bec="0" bev="0" fileid="88" />
                <SequencePoint vc="20" uspid="27066" ordinal="0" offset="305" sl="169" sc="9" el="169" ec="9" bec="0" bev="0" fileid="88" />
                <SequencePoint vc="20" uspid="27067" ordinal="0" offset="306" sl="170" sc="13" el="170" ec="13" bec="0" bev="0" fileid="88" />
                <SequencePoint vc="20" uspid="27068" ordinal="0" offset="327" sl="171" sc="9" el="171" ec="9" bec="0" bev="0" fileid="88" />
                <SequencePoint vc="20" uspid="27069" ordinal="0" offset="328" sl="168" sc="45" el="168" ec="45" bec="0" bev="0" fileid="88" />
                <SequencePoint vc="21" uspid="27070" ordinal="0" offset="334" sl="168" sc="25" el="168" ec="25" bec="0" bev="0" fileid="88" />
                <SequencePoint vc="1" uspid="27071" ordinal="0" offset="350" sl="173" sc="9" el="173" ec="9" bec="0" bev="0" fileid="88" />
                <SequencePoint vc="1" uspid="27072" ordinal="0" offset="377" sl="174" sc="5" el="174" ec="5" bec="0" bev="0" fileid="88" />
              </SequencePoints>
              <BranchPoints />
            </Method>
            <Method visited="true" cyclomaticComplexity="0" nPathComplexity="0" sequenceCoverage="47.06" branchCoverage="0" crapScore="0" isConstructor="false" isStatic="true" isGetter="false" isSetter="false">
              <Summary numSequencePoints="17" visitedSequencePoints="8" numBranchPoints="0" visitedBranchPoints="0" sequenceCoverage="47.06" branchCoverage="0" maxCyclomaticComplexity="0" minCyclomaticComplexity="0" maxCrapScore="0" minCrapScore="0" visitedClasses="0" numClasses="0" visitedMethods="1" numMethods="1" />
              <MetadataToken>100663472</MetadataToken>
              <Name>static System.Void RacelineAnalyzer::UpdateRacelineDeviation(UnityEngine.Vector3, System.Boolean, UnityEngine.LineRenderer, System.Single&amp;, System.Single&amp;)</Name>
              <FileRef uid="88" />
              <SequencePoints>
                <SequencePoint vc="1" uspid="27082" ordinal="0" offset="0" sl="197" sc="5" el="197" ec="5" bec="0" bev="0" fileid="88" />
                <SequencePoint vc="1" uspid="27083" ordinal="0" offset="1" sl="199" sc="9" el="199" ec="9" bec="0" bev="0" fileid="88" />
                <SequencePoint vc="1" uspid="27084" ordinal="0" offset="7" sl="200" sc="9" el="200" ec="9" bec="0" bev="0" fileid="88" />
                <SequencePoint vc="1" uspid="27085" ordinal="0" offset="26" sl="201" sc="9" el="201" ec="9" bec="0" bev="0" fileid="88" />
                <SequencePoint vc="1" uspid="27086" ordinal="0" offset="27" sl="202" sc="13" el="202" ec="13" bec="0" bev="0" fileid="88" />
                <SequencePoint vc="1" uspid="27087" ordinal="0" offset="34" sl="203" sc="13" el="203" ec="13" bec="0" bev="0" fileid="88" />
                <SequencePoint vc="1" uspid="27088" ordinal="0" offset="42" sl="204" sc="13" el="204" ec="13" bec="0" bev="0" fileid="88" />
                <SequencePoint vc="0" uspid="27089" ordinal="0" offset="44" sl="208" sc="9" el="208" ec="9" bec="0" bev="0" fileid="88" />
                <SequencePoint vc="0" uspid="27090" ordinal="0" offset="63" sl="209" sc="9" el="209" ec="9" bec="0" bev="0" fileid="88" />
                <SequencePoint vc="0" uspid="27091" ordinal="0" offset="72" sl="212" sc="9" el="212" ec="9" bec="0" bev="0" fileid="88" />
                <SequencePoint vc="0" uspid="27092" ordinal="0" offset="100" sl="213" sc="9" el="213" ec="9" bec="0" bev="0" fileid="88" />
                <SequencePoint vc="0" uspid="27093" ordinal="0" offset="101" sl="214" sc="13" el="214" ec="13" bec="0" bev="0" fileid="88" />
                <SequencePoint vc="0" uspid="27094" ordinal="0" offset="111" sl="215" sc="9" el="215" ec="9" bec="0" bev="0" fileid="88" />
                <SequencePoint vc="0" uspid="27095" ordinal="0" offset="114" sl="217" sc="9" el="217" ec="9" bec="0" bev="0" fileid="88" />
                <SequencePoint vc="0" uspid="27096" ordinal="0" offset="115" sl="218" sc="13" el="218" ec="13" bec="0" bev="0" fileid="88" />
                <SequencePoint vc="0" uspid="27097" ordinal="0" offset="123" sl="219" sc="9" el="219" ec="9" bec="0" bev="0" fileid="88" />
                <SequencePoint vc="1" uspid="27098" ordinal="0" offset="124" sl="220" sc="5" el="220" ec="5" bec="0" bev="0" fileid="88" />
              </SequencePoints>
              <BranchPoints />
            </Method>
            <Method visited="true" cyclomaticComplexity="0" nPathComplexity="0" sequenceCoverage="100.0" branchCoverage="0" crapScore="0" isConstructor="false" isStatic="true" isGetter="false" isSetter="false">
              <Summary numSequencePoints="3" visitedSequencePoints="3" numBranchPoints="0" visitedBranchPoints="0" sequenceCoverage="100.0" branchCoverage="0" maxCyclomaticComplexity="0" minCyclomaticComplexity="0" maxCrapScore="0" minCrapScore="0" visitedClasses="0" numClasses="0" visitedMethods="1" numMethods="1" />
              <MetadataToken>100663473</MetadataToken>
              <Name>static System.Collections.Generic.List[Vector2] RacelineAnalyzer::GetOptimalRaceline()</Name>
              <FileRef uid="88" />
              <SequencePoints>
                <SequencePoint vc="1" uspid="27099" ordinal="0" offset="0" sl="223" sc="5" el="223" ec="5" bec="0" bev="0" fileid="88" />
                <SequencePoint vc="1" uspid="27100" ordinal="0" offset="1" sl="225" sc="9" el="225" ec="9" bec="0" bev="0" fileid="88" />
                <SequencePoint vc="1" uspid="27101" ordinal="0" offset="9" sl="226" sc="5" el="226" ec="5" bec="0" bev="0" fileid="88" />
              </SequencePoints>
              <BranchPoints />
            </Method>
          </Methods>
        </Class>
        <Class>
          <Summary numSequencePoints="3" visitedSequencePoints="3" numBranchPoints="0" visitedBranchPoints="0" sequenceCoverage="100.0" branchCoverage="0.0" maxCyclomaticComplexity="0" minCyclomaticComplexity="0" maxCrapScore="0" minCrapScore="0" visitedClasses="1" numClasses="1" visitedMethods="1" numMethods="1" />
          <FullName>TrackMaster</FullName>
          <Methods>
            <Method visited="true" cyclomaticComplexity="0" nPathComplexity="0" sequenceCoverage="100.0" branchCoverage="0" crapScore="0" isConstructor="false" isStatic="true" isGetter="false" isSetter="false">
              <Summary numSequencePoints="3" visitedSequencePoints="3" numBranchPoints="0" visitedBranchPoints="0" sequenceCoverage="100.0" branchCoverage="0" maxCyclomaticComplexity="0" minCyclomaticComplexity="0" maxCrapScore="0" minCrapScore="0" visitedClasses="0" numClasses="0" visitedMethods="1" numMethods="1" />
              <MetadataToken>100663489</MetadataToken>
              <Name>static System.Collections.Generic.List[Vector2] TrackMaster::GetCurrentRaceline()</Name>
              <FileRef uid="90" />
              <SequencePoints>
                <SequencePoint vc="1" uspid="27404" ordinal="0" offset="0" sl="316" sc="5" el="316" ec="5" bec="0" bev="0" fileid="90" />
                <SequencePoint vc="1" uspid="27405" ordinal="0" offset="1" sl="317" sc="9" el="317" ec="9" bec="0" bev="0" fileid="90" />
                <SequencePoint vc="1" uspid="27406" ordinal="0" offset="9" sl="318" sc="5" el="318" ec="5" bec="0" bev="0" fileid="90" />
              </SequencePoints>
              <BranchPoints />
            </Method>
          </Methods>
        </Class>
        <Class>
          <Summary numSequencePoints="49" visitedSequencePoints="0" numBranchPoints="0" visitedBranchPoints="0" sequenceCoverage="0.0" branchCoverage="0.0" maxCyclomaticComplexity="0" minCyclomaticComplexity="0" maxCrapScore="0" minCrapScore="0" visitedClasses="0" numClasses="1" visitedMethods="0" numMethods="9" />
          <FullName>LibTessDotNet.Dict[TValue]</FullName>
          <Methods>
            <Method visited="false" cyclomaticComplexity="0" nPathComplexity="0" sequenceCoverage="0.0" branchCoverage="0" crapScore="0" isConstructor="false" isStatic="false" isGetter="true" isSetter="false">
              <Summary numSequencePoints="3" visitedSequencePoints="0" numBranchPoints="0" visitedBranchPoints="0" sequenceCoverage="0.0" branchCoverage="0" maxCyclomaticComplexity="0" minCyclomaticComplexity="0" maxCrapScore="0" minCrapScore="0" visitedClasses="0" numClasses="0" visitedMethods="0" numMethods="1" />
              <MetadataToken>100663900</MetadataToken>
              <Name>System.Boolean LibTessDotNet.Dict[TValue]::get_Empty()</Name>
              <FileRef uid="100" />
              <SequencePoints>
                <SequencePoint vc="0" uspid="29071" ordinal="0" offset="0" sl="72" sc="0" el="72" ec="0" bec="0" bev="0" fileid="100" />
                <SequencePoint vc="0" uspid="29072" ordinal="0" offset="1" sl="72" sc="0" el="72" ec="0" bec="0" bev="0" fileid="100" />
                <SequencePoint vc="0" uspid="29073" ordinal="0" offset="23" sl="72" sc="0" el="72" ec="0" bec="0" bev="0" fileid="100" />
              </SequencePoints>
              <BranchPoints />
            </Method>
            <Method visited="false" cyclomaticComplexity="0" nPathComplexity="0" sequenceCoverage="0.0" branchCoverage="0" crapScore="0" isConstructor="false" isStatic="false" isGetter="false" isSetter="false">
              <Summary numSequencePoints="5" visitedSequencePoints="0" numBranchPoints="0" visitedBranchPoints="0" sequenceCoverage="0.0" branchCoverage="0" maxCyclomaticComplexity="0" minCyclomaticComplexity="0" maxCrapScore="0" minCrapScore="0" visitedClasses="0" numClasses="0" visitedMethods="0" numMethods="1" />
              <MetadataToken>100663902</MetadataToken>
              <Name>System.Void LibTessDotNet.Dict[TValue]::Init()</Name>
              <FileRef uid="100" />
              <SequencePoints>
                <SequencePoint vc="0" uspid="29074" ordinal="0" offset="0" sl="83" sc="0" el="83" ec="0" bec="0" bev="0" fileid="100" />
                <SequencePoint vc="0" uspid="29075" ordinal="0" offset="1" sl="84" sc="0" el="84" ec="0" bec="0" bev="0" fileid="100" />
                <SequencePoint vc="0" uspid="29076" ordinal="0" offset="18" sl="85" sc="0" el="85" ec="0" bec="0" bev="0" fileid="100" />
                <SequencePoint vc="0" uspid="29077" ordinal="0" offset="35" sl="86" sc="0" el="86" ec="0" bec="0" bev="0" fileid="100" />
                <SequencePoint vc="0" uspid="29078" ordinal="0" offset="52" sl="87" sc="0" el="87" ec="0" bec="0" bev="0" fileid="100" />
              </SequencePoints>
              <BranchPoints />
            </Method>
            <Method visited="false" cyclomaticComplexity="0" nPathComplexity="0" sequenceCoverage="0.0" branchCoverage="0" crapScore="0" isConstructor="false" isStatic="false" isGetter="false" isSetter="false">
              <Summary numSequencePoints="3" visitedSequencePoints="0" numBranchPoints="0" visitedBranchPoints="0" sequenceCoverage="0.0" branchCoverage="0" maxCyclomaticComplexity="0" minCyclomaticComplexity="0" maxCrapScore="0" minCrapScore="0" visitedClasses="0" numClasses="0" visitedMethods="0" numMethods="1" />
              <MetadataToken>100663903</MetadataToken>
              <Name>System.Void LibTessDotNet.Dict[TValue]::Reset()</Name>
              <FileRef uid="100" />
              <SequencePoints>
                <SequencePoint vc="0" uspid="29079" ordinal="0" offset="0" sl="90" sc="0" el="90" ec="0" bec="0" bev="0" fileid="100" />
                <SequencePoint vc="0" uspid="29080" ordinal="0" offset="1" sl="91" sc="0" el="91" ec="0" bec="0" bev="0" fileid="100" />
                <SequencePoint vc="0" uspid="29081" ordinal="0" offset="19" sl="92" sc="0" el="92" ec="0" bec="0" bev="0" fileid="100" />
              </SequencePoints>
              <BranchPoints />
            </Method>
            <Method visited="false" cyclomaticComplexity="0" nPathComplexity="0" sequenceCoverage="0.0" branchCoverage="0" crapScore="0" isConstructor="false" isStatic="false" isGetter="false" isSetter="false">
              <Summary numSequencePoints="3" visitedSequencePoints="0" numBranchPoints="0" visitedBranchPoints="0" sequenceCoverage="0.0" branchCoverage="0" maxCyclomaticComplexity="0" minCyclomaticComplexity="0" maxCrapScore="0" minCrapScore="0" visitedClasses="0" numClasses="0" visitedMethods="0" numMethods="1" />
              <MetadataToken>100663904</MetadataToken>
              <Name>LibTessDotNet.Node LibTessDotNet.Dict[TValue]::Insert(TValue)</Name>
              <FileRef uid="100" />
              <SequencePoints>
                <SequencePoint vc="0" uspid="29082" ordinal="0" offset="0" sl="95" sc="0" el="95" ec="0" bec="0" bev="0" fileid="100" />
                <SequencePoint vc="0" uspid="29083" ordinal="0" offset="1" sl="96" sc="0" el="96" ec="0" bec="0" bev="0" fileid="100" />
                <SequencePoint vc="0" uspid="29084" ordinal="0" offset="17" sl="97" sc="0" el="97" ec="0" bec="0" bev="0" fileid="100" />
              </SequencePoints>
              <BranchPoints />
            </Method>
            <Method visited="false" cyclomaticComplexity="0" nPathComplexity="0" sequenceCoverage="0.0" branchCoverage="0" crapScore="0" isConstructor="false" isStatic="false" isGetter="false" isSetter="false">
              <Summary numSequencePoints="13" visitedSequencePoints="0" numBranchPoints="0" visitedBranchPoints="0" sequenceCoverage="0.0" branchCoverage="0" maxCyclomaticComplexity="0" minCyclomaticComplexity="0" maxCrapScore="0" minCrapScore="0" visitedClasses="0" numClasses="0" visitedMethods="0" numMethods="1" />
              <MetadataToken>100663905</MetadataToken>
              <Name>LibTessDotNet.Node LibTessDotNet.Dict[TValue]::InsertBefore(LibTessDotNet.Node, TValue)</Name>
              <FileRef uid="100" />
              <SequencePoints>
                <SequencePoint vc="0" uspid="29085" ordinal="0" offset="0" sl="100" sc="0" el="100" ec="0" bec="0" bev="0" fileid="100" />
                <SequencePoint vc="0" uspid="29086" ordinal="0" offset="1" sl="101" sc="0" el="101" ec="0" bec="0" bev="0" fileid="100" />
                <SequencePoint vc="0" uspid="29087" ordinal="0" offset="2" sl="102" sc="0" el="102" ec="0" bec="0" bev="0" fileid="100" />
                <SequencePoint vc="0" uspid="29088" ordinal="0" offset="10" sl="103" sc="0" el="103" ec="0" bec="0" bev="0" fileid="100" />
                <SequencePoint vc="0" uspid="29089" ordinal="0" offset="11" sl="103" sc="0" el="103" ec="0" bec="0" bev="0" fileid="100" />
                <SequencePoint vc="0" uspid="29090" ordinal="0" offset="52" sl="105" sc="0" el="105" ec="0" bec="0" bev="0" fileid="100" />
                <SequencePoint vc="0" uspid="29091" ordinal="0" offset="64" sl="106" sc="0" el="106" ec="0" bec="0" bev="0" fileid="100" />
                <SequencePoint vc="0" uspid="29092" ordinal="0" offset="71" sl="107" sc="0" el="107" ec="0" bec="0" bev="0" fileid="100" />
                <SequencePoint vc="0" uspid="29093" ordinal="0" offset="83" sl="108" sc="0" el="108" ec="0" bec="0" bev="0" fileid="100" />
                <SequencePoint vc="0" uspid="29094" ordinal="0" offset="95" sl="109" sc="0" el="109" ec="0" bec="0" bev="0" fileid="100" />
                <SequencePoint vc="0" uspid="29095" ordinal="0" offset="102" sl="110" sc="0" el="110" ec="0" bec="0" bev="0" fileid="100" />
                <SequencePoint vc="0" uspid="29096" ordinal="0" offset="109" sl="112" sc="0" el="112" ec="0" bec="0" bev="0" fileid="100" />
                <SequencePoint vc="0" uspid="29097" ordinal="0" offset="113" sl="113" sc="0" el="113" ec="0" bec="0" bev="0" fileid="100" />
              </SequencePoints>
              <BranchPoints />
            </Method>
            <Method visited="false" cyclomaticComplexity="0" nPathComplexity="0" sequenceCoverage="0.0" branchCoverage="0" crapScore="0" isConstructor="false" isStatic="false" isGetter="false" isSetter="false">
              <Summary numSequencePoints="8" visitedSequencePoints="0" numBranchPoints="0" visitedBranchPoints="0" sequenceCoverage="0.0" branchCoverage="0" maxCyclomaticComplexity="0" minCyclomaticComplexity="0" maxCrapScore="0" minCrapScore="0" visitedClasses="0" numClasses="0" visitedMethods="0" numMethods="1" />
              <MetadataToken>100663906</MetadataToken>
              <Name>LibTessDotNet.Node LibTessDotNet.Dict[TValue]::Find(TValue)</Name>
              <FileRef uid="100" />
              <SequencePoints>
                <SequencePoint vc="0" uspid="29098" ordinal="0" offset="0" sl="116" sc="0" el="116" ec="0" bec="0" bev="0" fileid="100" />
                <SequencePoint vc="0" uspid="29099" ordinal="0" offset="1" sl="117" sc="0" el="117" ec="0" bec="0" bev="0" fileid="100" />
                <SequencePoint vc="0" uspid="29100" ordinal="0" offset="8" sl="118" sc="0" el="118" ec="0" bec="0" bev="0" fileid="100" />
                <SequencePoint vc="0" uspid="29101" ordinal="0" offset="9" sl="119" sc="0" el="119" ec="0" bec="0" bev="0" fileid="100" />
                <SequencePoint vc="0" uspid="29102" ordinal="0" offset="16" sl="120" sc="0" el="120" ec="0" bec="0" bev="0" fileid="100" />
                <SequencePoint vc="0" uspid="29103" ordinal="0" offset="17" sl="120" sc="0" el="120" ec="0" bec="0" bev="0" fileid="100" />
                <SequencePoint vc="0" uspid="29104" ordinal="0" offset="58" sl="121" sc="0" el="121" ec="0" bec="0" bev="0" fileid="100" />
                <SequencePoint vc="0" uspid="29105" ordinal="0" offset="62" sl="122" sc="0" el="122" ec="0" bec="0" bev="0" fileid="100" />
              </SequencePoints>
              <BranchPoints />
            </Method>
            <Method visited="false" cyclomaticComplexity="0" nPathComplexity="0" sequenceCoverage="0.0" branchCoverage="0" crapScore="0" isConstructor="false" isStatic="false" isGetter="false" isSetter="false">
              <Summary numSequencePoints="3" visitedSequencePoints="0" numBranchPoints="0" visitedBranchPoints="0" sequenceCoverage="0.0" branchCoverage="0" maxCyclomaticComplexity="0" minCyclomaticComplexity="0" maxCrapScore="0" minCrapScore="0" visitedClasses="0" numClasses="0" visitedMethods="0" numMethods="1" />
              <MetadataToken>100663907</MetadataToken>
              <Name>LibTessDotNet.Node LibTessDotNet.Dict[TValue]::Min()</Name>
              <FileRef uid="100" />
              <SequencePoints>
                <SequencePoint vc="0" uspid="29106" ordinal="0" offset="0" sl="125" sc="0" el="125" ec="0" bec="0" bev="0" fileid="100" />
                <SequencePoint vc="0" uspid="29107" ordinal="0" offset="1" sl="126" sc="0" el="126" ec="0" bec="0" bev="0" fileid="100" />
                <SequencePoint vc="0" uspid="29108" ordinal="0" offset="15" sl="127" sc="0" el="127" ec="0" bec="0" bev="0" fileid="100" />
              </SequencePoints>
              <BranchPoints />
            </Method>
            <Method visited="false" cyclomaticComplexity="0" nPathComplexity="0" sequenceCoverage="0.0" branchCoverage="0" crapScore="0" isConstructor="false" isStatic="false" isGetter="false" isSetter="false">
              <Summary numSequencePoints="5" visitedSequencePoints="0" numBranchPoints="0" visitedBranchPoints="0" sequenceCoverage="0.0" branchCoverage="0" maxCyclomaticComplexity="0" minCyclomaticComplexity="0" maxCrapScore="0" minCrapScore="0" visitedClasses="0" numClasses="0" visitedMethods="0" numMethods="1" />
              <MetadataToken>100663908</MetadataToken>
              <Name>System.Void LibTessDotNet.Dict[TValue]::Remove(LibTessDotNet.Node)</Name>
              <FileRef uid="100" />
              <SequencePoints>
                <SequencePoint vc="0" uspid="29109" ordinal="0" offset="0" sl="130" sc="0" el="130" ec="0" bec="0" bev="0" fileid="100" />
                <SequencePoint vc="0" uspid="29110" ordinal="0" offset="1" sl="131" sc="0" el="131" ec="0" bec="0" bev="0" fileid="100" />
                <SequencePoint vc="0" uspid="29111" ordinal="0" offset="18" sl="132" sc="0" el="132" ec="0" bec="0" bev="0" fileid="100" />
                <SequencePoint vc="0" uspid="29112" ordinal="0" offset="35" sl="133" sc="0" el="133" ec="0" bec="0" bev="0" fileid="100" />
                <SequencePoint vc="0" uspid="29113" ordinal="0" offset="49" sl="134" sc="0" el="134" ec="0" bec="0" bev="0" fileid="100" />
              </SequencePoints>
              <BranchPoints />
            </Method>
            <Method visited="false" cyclomaticComplexity="0" nPathComplexity="0" sequenceCoverage="0.0" branchCoverage="0" crapScore="0" isConstructor="true" isStatic="false" isGetter="false" isSetter="false">
              <Summary numSequencePoints="6" visitedSequencePoints="0" numBranchPoints="0" visitedBranchPoints="0" sequenceCoverage="0.0" branchCoverage="0" maxCyclomaticComplexity="0" minCyclomaticComplexity="0" maxCrapScore="0" minCrapScore="0" visitedClasses="0" numClasses="0" visitedMethods="0" numMethods="1" />
              <MetadataToken>100663901</MetadataToken>
              <Name>LibTessDotNet.Dict[TValue]::Dict(LibTessDotNet.IPool, LibTessDotNet.LessOrEqual)</Name>
              <FileRef uid="100" />
              <SequencePoints>
                <SequencePoint vc="0" uspid="29114" ordinal="0" offset="0" sl="74" sc="0" el="74" ec="0" bec="0" bev="0" fileid="100" />
                <SequencePoint vc="0" uspid="29115" ordinal="0" offset="7" sl="75" sc="0" el="75" ec="0" bec="0" bev="0" fileid="100" />
                <SequencePoint vc="0" uspid="29116" ordinal="0" offset="8" sl="76" sc="0" el="76" ec="0" bec="0" bev="0" fileid="100" />
                <SequencePoint vc="0" uspid="29117" ordinal="0" offset="15" sl="77" sc="0" el="77" ec="0" bec="0" bev="0" fileid="100" />
                <SequencePoint vc="0" uspid="29118" ordinal="0" offset="22" sl="79" sc="0" el="79" ec="0" bec="0" bev="0" fileid="100" />
                <SequencePoint vc="0" uspid="29119" ordinal="0" offset="29" sl="80" sc="0" el="80" ec="0" bec="0" bev="0" fileid="100" />
              </SequencePoints>
              <BranchPoints />
            </Method>
          </Methods>
        </Class>
        <Class>
          <Summary numSequencePoints="26" visitedSequencePoints="0" numBranchPoints="0" visitedBranchPoints="0" sequenceCoverage="0.0" branchCoverage="0.0" maxCyclomaticComplexity="0" minCyclomaticComplexity="0" maxCrapScore="0" minCrapScore="0" visitedClasses="0" numClasses="1" visitedMethods="0" numMethods="4" />
          <FullName>LibTessDotNet.DefaultTypePool[T]</FullName>
          <Methods>
            <Method visited="false" cyclomaticComplexity="0" nPathComplexity="0" sequenceCoverage="0.0" branchCoverage="0" crapScore="0" isConstructor="false" isStatic="false" isGetter="false" isSetter="false">
              <Summary numSequencePoints="9" visitedSequencePoints="0" numBranchPoints="0" visitedBranchPoints="0" sequenceCoverage="0.0" branchCoverage="0" maxCyclomaticComplexity="0" minCyclomaticComplexity="0" maxCrapScore="0" minCrapScore="0" visitedClasses="0" numClasses="0" visitedMethods="0" numMethods="1" />
              <MetadataToken>100663949</MetadataToken>
              <Name>System.Object LibTessDotNet.DefaultTypePool[T]::Get()</Name>
              <FileRef uid="103" />
              <SequencePoints>
                <SequencePoint vc="0" uspid="29639" ordinal="0" offset="0" sl="133" sc="0" el="133" ec="0" bec="0" bev="0" fileid="103" />
                <SequencePoint vc="0" uspid="29640" ordinal="0" offset="1" sl="134" sc="0" el="134" ec="0" bec="0" bev="0" fileid="103" />
                <SequencePoint vc="0" uspid="29641" ordinal="0" offset="19" sl="135" sc="0" el="135" ec="0" bec="0" bev="0" fileid="103" />
                <SequencePoint vc="0" uspid="29642" ordinal="0" offset="20" sl="136" sc="0" el="136" ec="0" bec="0" bev="0" fileid="103" />
                <SequencePoint vc="0" uspid="29643" ordinal="0" offset="38" sl="137" sc="0" el="137" ec="0" bec="0" bev="0" fileid="103" />
                <SequencePoint vc="0" uspid="29644" ordinal="0" offset="39" sl="138" sc="0" el="138" ec="0" bec="0" bev="0" fileid="103" />
                <SequencePoint vc="0" uspid="29645" ordinal="0" offset="58" sl="140" sc="0" el="140" ec="0" bec="0" bev="0" fileid="103" />
                <SequencePoint vc="0" uspid="29646" ordinal="0" offset="72" sl="141" sc="0" el="141" ec="0" bec="0" bev="0" fileid="103" />
                <SequencePoint vc="0" uspid="29647" ordinal="0" offset="90" sl="142" sc="0" el="142" ec="0" bec="0" bev="0" fileid="103" />
              </SequencePoints>
              <BranchPoints />
            </Method>
            <Method visited="false" cyclomaticComplexity="0" nPathComplexity="0" sequenceCoverage="0.0" branchCoverage="0" crapScore="0" isConstructor="false" isStatic="false" isGetter="false" isSetter="false">
              <Summary numSequencePoints="15" visitedSequencePoints="0" numBranchPoints="0" visitedBranchPoints="0" sequenceCoverage="0.0" branchCoverage="0" maxCyclomaticComplexity="0" minCyclomaticComplexity="0" maxCrapScore="0" minCrapScore="0" visitedClasses="0" numClasses="0" visitedMethods="0" numMethods="1" />
              <MetadataToken>100663950</MetadataToken>
              <Name>System.Void LibTessDotNet.DefaultTypePool[T]::Return(System.Object)</Name>
              <FileRef uid="103" />
              <SequencePoints>
                <SequencePoint vc="0" uspid="29648" ordinal="0" offset="0" sl="145" sc="0" el="145" ec="0" bec="0" bev="0" fileid="103" />
                <SequencePoint vc="0" uspid="29649" ordinal="0" offset="1" sl="146" sc="0" el="146" ec="0" bec="0" bev="0" fileid="103" />
                <SequencePoint vc="0" uspid="29650" ordinal="0" offset="19" sl="147" sc="0" el="147" ec="0" bec="0" bev="0" fileid="103" />
                <SequencePoint vc="0" uspid="29651" ordinal="0" offset="20" sl="149" sc="0" el="149" ec="0" bec="0" bev="0" fileid="103" />
                <SequencePoint vc="0" uspid="29652" ordinal="0" offset="21" sl="149" sc="0" el="149" ec="0" bec="0" bev="0" fileid="103" />
                <SequencePoint vc="0" uspid="29653" ordinal="0" offset="35" sl="149" sc="0" el="149" ec="0" bec="0" bev="0" fileid="103" />
                <SequencePoint vc="0" uspid="29654" ordinal="0" offset="43" sl="150" sc="0" el="150" ec="0" bec="0" bev="0" fileid="103" />
                <SequencePoint vc="0" uspid="29655" ordinal="0" offset="44" sl="151" sc="0" el="151" ec="0" bec="0" bev="0" fileid="103" />
                <SequencePoint vc="0" uspid="29656" ordinal="0" offset="59" sl="152" sc="0" el="152" ec="0" bec="0" bev="0" fileid="103" />
                <SequencePoint vc="0" uspid="29657" ordinal="0" offset="60" sl="153" sc="0" el="153" ec="0" bec="0" bev="0" fileid="103" />
                <SequencePoint vc="0" uspid="29658" ordinal="0" offset="71" sl="155" sc="0" el="155" ec="0" bec="0" bev="0" fileid="103" />
                <SequencePoint vc="0" uspid="29659" ordinal="0" offset="72" sl="149" sc="0" el="149" ec="0" bec="0" bev="0" fileid="103" />
                <SequencePoint vc="0" uspid="29660" ordinal="0" offset="98" sl="157" sc="0" el="157" ec="0" bec="0" bev="0" fileid="103" />
                <SequencePoint vc="0" uspid="29661" ordinal="0" offset="121" sl="158" sc="0" el="158" ec="0" bec="0" bev="0" fileid="103" />
                <SequencePoint vc="0" uspid="29662" ordinal="0" offset="135" sl="159" sc="0" el="159" ec="0" bec="0" bev="0" fileid="103" />
              </SequencePoints>
              <BranchPoints />
            </Method>
            <Method visited="false" cyclomaticComplexity="0" nPathComplexity="0" sequenceCoverage="0.0" branchCoverage="0" crapScore="0" isConstructor="true" isStatic="false" isGetter="false" isSetter="false">
              <Summary numSequencePoints="1" visitedSequencePoints="0" numBranchPoints="0" visitedBranchPoints="0" sequenceCoverage="0.0" branchCoverage="0" maxCyclomaticComplexity="0" minCyclomaticComplexity="0" maxCrapScore="0" minCrapScore="0" visitedClasses="0" numClasses="0" visitedMethods="0" numMethods="1" />
              <MetadataToken>100663951</MetadataToken>
              <Name>LibTessDotNet.DefaultTypePool[T]::DefaultTypePool()</Name>
              <FileRef uid="103" />
              <SequencePoints>
                <SequencePoint vc="0" uspid="29663" ordinal="0" offset="0" sl="128" sc="0" el="128" ec="0" bec="0" bev="0" fileid="103" />
              </SequencePoints>
              <BranchPoints />
            </Method>
            <Method visited="false" cyclomaticComplexity="0" nPathComplexity="0" sequenceCoverage="0.0" branchCoverage="0" crapScore="0" isConstructor="true" isStatic="true" isGetter="false" isSetter="false">
              <Summary numSequencePoints="1" visitedSequencePoints="0" numBranchPoints="0" visitedBranchPoints="0" sequenceCoverage="0.0" branchCoverage="0" maxCyclomaticComplexity="0" minCyclomaticComplexity="0" maxCrapScore="0" minCrapScore="0" visitedClasses="0" numClasses="0" visitedMethods="0" numMethods="1" />
              <MetadataToken>100663952</MetadataToken>
              <Name>static LibTessDotNet.DefaultTypePool[T]::DefaultTypePool()</Name>
              <FileRef uid="103" />
              <SequencePoints>
                <SequencePoint vc="0" uspid="29664" ordinal="0" offset="0" sl="130" sc="0" el="130" ec="0" bec="0" bev="0" fileid="103" />
              </SequencePoints>
              <BranchPoints />
            </Method>
          </Methods>
        </Class>
        <Class>
          <Summary numSequencePoints="10" visitedSequencePoints="0" numBranchPoints="0" visitedBranchPoints="0" sequenceCoverage="0.0" branchCoverage="0.0" maxCyclomaticComplexity="0" minCyclomaticComplexity="0" maxCrapScore="0" minCrapScore="0" visitedClasses="0" numClasses="1" visitedMethods="0" numMethods="3" />
          <FullName>LibTessDotNet.NullPool</FullName>
          <Methods>
            <Method visited="false" cyclomaticComplexity="0" nPathComplexity="0" sequenceCoverage="0.0" branchCoverage="0" crapScore="0" isConstructor="false" isStatic="false" isGetter="false" isSetter="false">
              <Summary numSequencePoints="5" visitedSequencePoints="0" numBranchPoints="0" visitedBranchPoints="0" sequenceCoverage="0.0" branchCoverage="0" maxCyclomaticComplexity="0" minCyclomaticComplexity="0" maxCrapScore="0" minCrapScore="0" visitedClasses="0" numClasses="0" visitedMethods="0" numMethods="1" />
              <MetadataToken>100663957</MetadataToken>
              <Name>T LibTessDotNet.NullPool::Get[T]()</Name>
              <FileRef uid="103" />
              <SequencePoints>
                <SequencePoint vc="0" uspid="29674" ordinal="0" offset="0" sl="181" sc="0" el="181" ec="0" bec="0" bev="0" fileid="103" />
                <SequencePoint vc="0" uspid="29675" ordinal="0" offset="1" sl="182" sc="0" el="182" ec="0" bec="0" bev="0" fileid="103" />
                <SequencePoint vc="0" uspid="29676" ordinal="0" offset="7" sl="183" sc="0" el="183" ec="0" bec="0" bev="0" fileid="103" />
                <SequencePoint vc="0" uspid="29677" ordinal="0" offset="20" sl="184" sc="0" el="184" ec="0" bec="0" bev="0" fileid="103" />
                <SequencePoint vc="0" uspid="29678" ordinal="0" offset="24" sl="185" sc="0" el="185" ec="0" bec="0" bev="0" fileid="103" />
              </SequencePoints>
              <BranchPoints />
            </Method>
            <Method visited="false" cyclomaticComplexity="0" nPathComplexity="0" sequenceCoverage="0.0" branchCoverage="0" crapScore="0" isConstructor="false" isStatic="false" isGetter="false" isSetter="false">
              <Summary numSequencePoints="2" visitedSequencePoints="0" numBranchPoints="0" visitedBranchPoints="0" sequenceCoverage="0.0" branchCoverage="0" maxCyclomaticComplexity="0" minCyclomaticComplexity="0" maxCrapScore="0" minCrapScore="0" visitedClasses="0" numClasses="0" visitedMethods="0" numMethods="1" />
              <MetadataToken>100663958</MetadataToken>
              <Name>System.Void LibTessDotNet.NullPool::Register[T](LibTessDotNet.ITypePool)</Name>
              <FileRef uid="103" />
              <SequencePoints>
                <SequencePoint vc="0" uspid="29679" ordinal="0" offset="0" sl="188" sc="0" el="188" ec="0" bec="0" bev="0" fileid="103" />
                <SequencePoint vc="0" uspid="29680" ordinal="0" offset="1" sl="189" sc="0" el="189" ec="0" bec="0" bev="0" fileid="103" />
              </SequencePoints>
              <BranchPoints />
            </Method>
            <Method visited="false" cyclomaticComplexity="0" nPathComplexity="0" sequenceCoverage="0.0" branchCoverage="0" crapScore="0" isConstructor="false" isStatic="false" isGetter="false" isSetter="false">
              <Summary numSequencePoints="3" visitedSequencePoints="0" numBranchPoints="0" visitedBranchPoints="0" sequenceCoverage="0.0" branchCoverage="0" maxCyclomaticComplexity="0" minCyclomaticComplexity="0" maxCrapScore="0" minCrapScore="0" visitedClasses="0" numClasses="0" visitedMethods="0" numMethods="1" />
              <MetadataToken>100663959</MetadataToken>
              <Name>System.Void LibTessDotNet.NullPool::Return[T]()</Name>
              <FileRef uid="103" />
              <SequencePoints>
                <SequencePoint vc="0" uspid="29681" ordinal="0" offset="0" sl="192" sc="0" el="192" ec="0" bec="0" bev="0" fileid="103" />
                <SequencePoint vc="0" uspid="29682" ordinal="0" offset="1" sl="193" sc="0" el="193" ec="0" bec="0" bev="0" fileid="103" />
                <SequencePoint vc="0" uspid="29683" ordinal="0" offset="8" sl="194" sc="0" el="194" ec="0" bec="0" bev="0" fileid="103" />
              </SequencePoints>
              <BranchPoints />
            </Method>
          </Methods>
        </Class>
        <Class>
          <Summary numSequencePoints="30" visitedSequencePoints="0" numBranchPoints="0" visitedBranchPoints="0" sequenceCoverage="0.0" branchCoverage="0.0" maxCyclomaticComplexity="0" minCyclomaticComplexity="0" maxCrapScore="0" minCrapScore="0" visitedClasses="0" numClasses="1" visitedMethods="0" numMethods="3" />
          <FullName>LibTessDotNet.DefaultPool</FullName>
          <Methods>
            <Method visited="false" cyclomaticComplexity="0" nPathComplexity="0" sequenceCoverage="0.0" branchCoverage="0" crapScore="0" isConstructor="false" isStatic="false" isGetter="false" isSetter="false">
              <Summary numSequencePoints="7" visitedSequencePoints="0" numBranchPoints="0" visitedBranchPoints="0" sequenceCoverage="0.0" branchCoverage="0" maxCyclomaticComplexity="0" minCyclomaticComplexity="0" maxCrapScore="0" minCrapScore="0" visitedClasses="0" numClasses="0" visitedMethods="0" numMethods="1" />
              <MetadataToken>100663961</MetadataToken>
              <Name>System.Void LibTessDotNet.DefaultPool::Register[T](LibTessDotNet.ITypePool)</Name>
              <FileRef uid="103" />
              <SequencePoints>
                <SequencePoint vc="0" uspid="29684" ordinal="0" offset="0" sl="202" sc="0" el="202" ec="0" bec="0" bev="0" fileid="103" />
                <SequencePoint vc="0" uspid="29685" ordinal="0" offset="1" sl="203" sc="0" el="203" ec="0" bec="0" bev="0" fileid="103" />
                <SequencePoint vc="0" uspid="29686" ordinal="0" offset="14" sl="204" sc="0" el="204" ec="0" bec="0" bev="0" fileid="103" />
                <SequencePoint vc="0" uspid="29687" ordinal="0" offset="15" sl="206" sc="0" el="206" ec="0" bec="0" bev="0" fileid="103" />
                <SequencePoint vc="0" uspid="29688" ordinal="0" offset="26" sl="207" sc="0" el="207" ec="0" bec="0" bev="0" fileid="103" />
                <SequencePoint vc="0" uspid="29689" ordinal="0" offset="27" sl="208" sc="0" el="208" ec="0" bec="0" bev="0" fileid="103" />
                <SequencePoint vc="0" uspid="29690" ordinal="0" offset="50" sl="209" sc="0" el="209" ec="0" bec="0" bev="0" fileid="103" />
              </SequencePoints>
              <BranchPoints />
            </Method>
            <Method visited="false" cyclomaticComplexity="0" nPathComplexity="0" sequenceCoverage="0.0" branchCoverage="0" crapScore="0" isConstructor="false" isStatic="false" isGetter="false" isSetter="false">
              <Summary numSequencePoints="12" visitedSequencePoints="0" numBranchPoints="0" visitedBranchPoints="0" sequenceCoverage="0.0" branchCoverage="0" maxCyclomaticComplexity="0" minCyclomaticComplexity="0" maxCrapScore="0" minCrapScore="0" visitedClasses="0" numClasses="0" visitedMethods="0" numMethods="1" />
              <MetadataToken>100663962</MetadataToken>
              <Name>T LibTessDotNet.DefaultPool::Get[T]()</Name>
              <FileRef uid="103" />
              <SequencePoints>
                <SequencePoint vc="0" uspid="29691" ordinal="0" offset="0" sl="212" sc="0" el="212" ec="0" bec="0" bev="0" fileid="103" />
                <SequencePoint vc="0" uspid="29692" ordinal="0" offset="1" sl="214" sc="0" el="214" ec="0" bec="0" bev="0" fileid="103" />
                <SequencePoint vc="0" uspid="29693" ordinal="0" offset="9" sl="215" sc="0" el="215" ec="0" bec="0" bev="0" fileid="103" />
                <SequencePoint vc="0" uspid="29694" ordinal="0" offset="36" sl="216" sc="0" el="216" ec="0" bec="0" bev="0" fileid="103" />
                <SequencePoint vc="0" uspid="29695" ordinal="0" offset="37" sl="217" sc="0" el="217" ec="0" bec="0" bev="0" fileid="103" />
                <SequencePoint vc="0" uspid="29696" ordinal="0" offset="54" sl="218" sc="0" el="218" ec="0" bec="0" bev="0" fileid="103" />
                <SequencePoint vc="0" uspid="29697" ordinal="0" offset="55" sl="219" sc="0" el="219" ec="0" bec="0" bev="0" fileid="103" />
                <SequencePoint vc="0" uspid="29698" ordinal="0" offset="68" sl="220" sc="0" el="220" ec="0" bec="0" bev="0" fileid="103" />
                <SequencePoint vc="0" uspid="29699" ordinal="0" offset="69" sl="221" sc="0" el="221" ec="0" bec="0" bev="0" fileid="103" />
                <SequencePoint vc="0" uspid="29700" ordinal="0" offset="80" sl="223" sc="0" el="223" ec="0" bec="0" bev="0" fileid="103" />
                <SequencePoint vc="0" uspid="29701" ordinal="0" offset="93" sl="224" sc="0" el="224" ec="0" bec="0" bev="0" fileid="103" />
                <SequencePoint vc="0" uspid="29702" ordinal="0" offset="98" sl="225" sc="0" el="225" ec="0" bec="0" bev="0" fileid="103" />
              </SequencePoints>
              <BranchPoints />
            </Method>
            <Method visited="false" cyclomaticComplexity="0" nPathComplexity="0" sequenceCoverage="0.0" branchCoverage="0" crapScore="0" isConstructor="false" isStatic="false" isGetter="false" isSetter="false">
              <Summary numSequencePoints="11" visitedSequencePoints="0" numBranchPoints="0" visitedBranchPoints="0" sequenceCoverage="0.0" branchCoverage="0" maxCyclomaticComplexity="0" minCyclomaticComplexity="0" maxCrapScore="0" minCrapScore="0" visitedClasses="0" numClasses="0" visitedMethods="0" numMethods="1" />
              <MetadataToken>100663963</MetadataToken>
              <Name>System.Void LibTessDotNet.DefaultPool::Return[T]()</Name>
              <FileRef uid="103" />
              <SequencePoints>
                <SequencePoint vc="0" uspid="29703" ordinal="0" offset="0" sl="228" sc="0" el="228" ec="0" bec="0" bev="0" fileid="103" />
                <SequencePoint vc="0" uspid="29704" ordinal="0" offset="1" sl="229" sc="0" el="229" ec="0" bec="0" bev="0" fileid="103" />
                <SequencePoint vc="0" uspid="29705" ordinal="0" offset="19" sl="230" sc="0" el="230" ec="0" bec="0" bev="0" fileid="103" />
                <SequencePoint vc="0" uspid="29706" ordinal="0" offset="20" sl="231" sc="0" el="231" ec="0" bec="0" bev="0" fileid="103" />
                <SequencePoint vc="0" uspid="29707" ordinal="0" offset="22" sl="233" sc="0" el="233" ec="0" bec="0" bev="0" fileid="103" />
                <SequencePoint vc="0" uspid="29708" ordinal="0" offset="36" sl="235" sc="0" el="235" ec="0" bec="0" bev="0" fileid="103" />
                <SequencePoint vc="0" uspid="29709" ordinal="0" offset="63" sl="236" sc="0" el="236" ec="0" bec="0" bev="0" fileid="103" />
                <SequencePoint vc="0" uspid="29710" ordinal="0" offset="64" sl="237" sc="0" el="237" ec="0" bec="0" bev="0" fileid="103" />
                <SequencePoint vc="0" uspid="29711" ordinal="0" offset="82" sl="238" sc="0" el="238" ec="0" bec="0" bev="0" fileid="103" />
                <SequencePoint vc="0" uspid="29712" ordinal="0" offset="83" sl="239" sc="0" el="239" ec="0" bec="0" bev="0" fileid="103" />
                <SequencePoint vc="0" uspid="29713" ordinal="0" offset="90" sl="240" sc="0" el="240" ec="0" bec="0" bev="0" fileid="103" />
              </SequencePoints>
              <BranchPoints />
            </Method>
          </Methods>
        </Class>
        <Class>
          <Summary numSequencePoints="136" visitedSequencePoints="0" numBranchPoints="0" visitedBranchPoints="0" sequenceCoverage="0.0" branchCoverage="0.0" maxCyclomaticComplexity="0" minCyclomaticComplexity="0" maxCrapScore="0" minCrapScore="0" visitedClasses="0" numClasses="1" visitedMethods="0" numMethods="9" />
          <FullName>LibTessDotNet.PriorityHeap[TValue]</FullName>
          <Methods>
            <Method visited="false" cyclomaticComplexity="0" nPathComplexity="0" sequenceCoverage="0.0" branchCoverage="0" crapScore="0" isConstructor="false" isStatic="false" isGetter="true" isSetter="false">
              <Summary numSequencePoints="3" visitedSequencePoints="0" numBranchPoints="0" visitedBranchPoints="0" sequenceCoverage="0.0" branchCoverage="0" maxCyclomaticComplexity="0" minCyclomaticComplexity="0" maxCrapScore="0" minCrapScore="0" visitedClasses="0" numClasses="0" visitedMethods="0" numMethods="1" />
              <MetadataToken>100663976</MetadataToken>
              <Name>System.Boolean LibTessDotNet.PriorityHeap[TValue]::get_Empty()</Name>
              <FileRef uid="104" />
              <SequencePoints>
                <SequencePoint vc="0" uspid="29830" ordinal="0" offset="0" sl="66" sc="0" el="66" ec="0" bec="0" bev="0" fileid="104" />
                <SequencePoint vc="0" uspid="29831" ordinal="0" offset="1" sl="66" sc="0" el="66" ec="0" bec="0" bev="0" fileid="104" />
                <SequencePoint vc="0" uspid="29832" ordinal="0" offset="13" sl="66" sc="0" el="66" ec="0" bec="0" bev="0" fileid="104" />
              </SequencePoints>
              <BranchPoints />
            </Method>
            <Method visited="false" cyclomaticComplexity="0" nPathComplexity="0" sequenceCoverage="0.0" branchCoverage="0" crapScore="0" isConstructor="false" isStatic="false" isGetter="false" isSetter="false">
              <Summary numSequencePoints="21" visitedSequencePoints="0" numBranchPoints="0" visitedBranchPoints="0" sequenceCoverage="0.0" branchCoverage="0" maxCyclomaticComplexity="0" minCyclomaticComplexity="0" maxCrapScore="0" minCrapScore="0" visitedClasses="0" numClasses="0" visitedMethods="0" numMethods="1" />
              <MetadataToken>100663978</MetadataToken>
              <Name>System.Void LibTessDotNet.PriorityHeap[TValue]::FloatDown(System.Int32)</Name>
              <FileRef uid="104" />
              <SequencePoints>
                <SequencePoint vc="0" uspid="29833" ordinal="0" offset="0" sl="85" sc="0" el="85" ec="0" bec="0" bev="0" fileid="104" />
                <SequencePoint vc="0" uspid="29834" ordinal="0" offset="1" sl="89" sc="0" el="89" ec="0" bec="0" bev="0" fileid="104" />
                <SequencePoint vc="0" uspid="29835" ordinal="0" offset="15" sl="91" sc="0" el="91" ec="0" bec="0" bev="0" fileid="104" />
                <SequencePoint vc="0" uspid="29836" ordinal="0" offset="16" sl="92" sc="0" el="92" ec="0" bec="0" bev="0" fileid="104" />
                <SequencePoint vc="0" uspid="29837" ordinal="0" offset="20" sl="93" sc="0" el="93" ec="0" bec="0" bev="0" fileid="104" />
                <SequencePoint vc="0" uspid="29838" ordinal="0" offset="89" sl="94" sc="0" el="94" ec="0" bec="0" bev="0" fileid="104" />
                <SequencePoint vc="0" uspid="29839" ordinal="0" offset="90" sl="95" sc="0" el="95" ec="0" bec="0" bev="0" fileid="104" />
                <SequencePoint vc="0" uspid="29840" ordinal="0" offset="94" sl="96" sc="0" el="96" ec="0" bec="0" bev="0" fileid="104" />
                <SequencePoint vc="0" uspid="29841" ordinal="0" offset="95" sl="98" sc="0" el="98" ec="0" bec="0" bev="0" fileid="104" />
                <SequencePoint vc="0" uspid="29842" ordinal="0" offset="113" sl="100" sc="0" el="100" ec="0" bec="0" bev="0" fileid="104" />
                <SequencePoint vc="0" uspid="29843" ordinal="0" offset="122" sl="101" sc="0" el="101" ec="0" bec="0" bev="0" fileid="104" />
                <SequencePoint vc="0" uspid="29844" ordinal="0" offset="177" sl="102" sc="0" el="102" ec="0" bec="0" bev="0" fileid="104" />
                <SequencePoint vc="0" uspid="29845" ordinal="0" offset="178" sl="103" sc="0" el="103" ec="0" bec="0" bev="0" fileid="104" />
                <SequencePoint vc="0" uspid="29846" ordinal="0" offset="187" sl="104" sc="0" el="104" ec="0" bec="0" bev="0" fileid="104" />
                <SequencePoint vc="0" uspid="29847" ordinal="0" offset="201" sl="105" sc="0" el="105" ec="0" bec="0" bev="0" fileid="104" />
                <SequencePoint vc="0" uspid="29848" ordinal="0" offset="203" sl="108" sc="0" el="108" ec="0" bec="0" bev="0" fileid="104" />
                <SequencePoint vc="0" uspid="29849" ordinal="0" offset="212" sl="109" sc="0" el="109" ec="0" bec="0" bev="0" fileid="104" />
                <SequencePoint vc="0" uspid="29850" ordinal="0" offset="226" sl="110" sc="0" el="110" ec="0" bec="0" bev="0" fileid="104" />
                <SequencePoint vc="0" uspid="29851" ordinal="0" offset="229" sl="111" sc="0" el="111" ec="0" bec="0" bev="0" fileid="104" />
                <SequencePoint vc="0" uspid="29852" ordinal="0" offset="230" sl="90" sc="0" el="90" ec="0" bec="0" bev="0" fileid="104" />
                <SequencePoint vc="0" uspid="29853" ordinal="0" offset="238" sl="112" sc="0" el="112" ec="0" bec="0" bev="0" fileid="104" />
              </SequencePoints>
              <BranchPoints />
            </Method>
            <Method visited="false" cyclomaticComplexity="0" nPathComplexity="0" sequenceCoverage="0.0" branchCoverage="0" crapScore="0" isConstructor="false" isStatic="false" isGetter="false" isSetter="false">
              <Summary numSequencePoints="16" visitedSequencePoints="0" numBranchPoints="0" visitedBranchPoints="0" sequenceCoverage="0.0" branchCoverage="0" maxCyclomaticComplexity="0" minCyclomaticComplexity="0" maxCrapScore="0" minCrapScore="0" visitedClasses="0" numClasses="0" visitedMethods="0" numMethods="1" />
              <MetadataToken>100663979</MetadataToken>
              <Name>System.Void LibTessDotNet.PriorityHeap[TValue]::FloatUp(System.Int32)</Name>
              <FileRef uid="104" />
              <SequencePoints>
                <SequencePoint vc="0" uspid="29854" ordinal="0" offset="0" sl="115" sc="0" el="115" ec="0" bec="0" bev="0" fileid="104" />
                <SequencePoint vc="0" uspid="29855" ordinal="0" offset="1" sl="119" sc="0" el="119" ec="0" bec="0" bev="0" fileid="104" />
                <SequencePoint vc="0" uspid="29856" ordinal="0" offset="12" sl="121" sc="0" el="121" ec="0" bec="0" bev="0" fileid="104" />
                <SequencePoint vc="0" uspid="29857" ordinal="0" offset="13" sl="122" sc="0" el="122" ec="0" bec="0" bev="0" fileid="104" />
                <SequencePoint vc="0" uspid="29858" ordinal="0" offset="17" sl="123" sc="0" el="123" ec="0" bec="0" bev="0" fileid="104" />
                <SequencePoint vc="0" uspid="29859" ordinal="0" offset="26" sl="124" sc="0" el="124" ec="0" bec="0" bev="0" fileid="104" />
                <SequencePoint vc="0" uspid="29860" ordinal="0" offset="73" sl="125" sc="0" el="125" ec="0" bec="0" bev="0" fileid="104" />
                <SequencePoint vc="0" uspid="29861" ordinal="0" offset="74" sl="126" sc="0" el="126" ec="0" bec="0" bev="0" fileid="104" />
                <SequencePoint vc="0" uspid="29862" ordinal="0" offset="83" sl="127" sc="0" el="127" ec="0" bec="0" bev="0" fileid="104" />
                <SequencePoint vc="0" uspid="29863" ordinal="0" offset="97" sl="128" sc="0" el="128" ec="0" bec="0" bev="0" fileid="104" />
                <SequencePoint vc="0" uspid="29864" ordinal="0" offset="99" sl="130" sc="0" el="130" ec="0" bec="0" bev="0" fileid="104" />
                <SequencePoint vc="0" uspid="29865" ordinal="0" offset="108" sl="131" sc="0" el="131" ec="0" bec="0" bev="0" fileid="104" />
                <SequencePoint vc="0" uspid="29866" ordinal="0" offset="122" sl="132" sc="0" el="132" ec="0" bec="0" bev="0" fileid="104" />
                <SequencePoint vc="0" uspid="29867" ordinal="0" offset="125" sl="133" sc="0" el="133" ec="0" bec="0" bev="0" fileid="104" />
                <SequencePoint vc="0" uspid="29868" ordinal="0" offset="126" sl="120" sc="0" el="120" ec="0" bec="0" bev="0" fileid="104" />
                <SequencePoint vc="0" uspid="29869" ordinal="0" offset="131" sl="134" sc="0" el="134" ec="0" bec="0" bev="0" fileid="104" />
              </SequencePoints>
              <BranchPoints />
            </Method>
            <Method visited="false" cyclomaticComplexity="0" nPathComplexity="0" sequenceCoverage="0.0" branchCoverage="0" crapScore="0" isConstructor="false" isStatic="false" isGetter="false" isSetter="false">
              <Summary numSequencePoints="9" visitedSequencePoints="0" numBranchPoints="0" visitedBranchPoints="0" sequenceCoverage="0.0" branchCoverage="0" maxCyclomaticComplexity="0" minCyclomaticComplexity="0" maxCrapScore="0" minCrapScore="0" visitedClasses="0" numClasses="0" visitedMethods="0" numMethods="1" />
              <MetadataToken>100663980</MetadataToken>
              <Name>System.Void LibTessDotNet.PriorityHeap[TValue]::Init()</Name>
              <FileRef uid="104" />
              <SequencePoints>
                <SequencePoint vc="0" uspid="29870" ordinal="0" offset="0" sl="137" sc="0" el="137" ec="0" bec="0" bev="0" fileid="104" />
                <SequencePoint vc="0" uspid="29871" ordinal="0" offset="1" sl="138" sc="0" el="138" ec="0" bec="0" bev="0" fileid="104" />
                <SequencePoint vc="0" uspid="29872" ordinal="0" offset="10" sl="139" sc="0" el="139" ec="0" bec="0" bev="0" fileid="104" />
                <SequencePoint vc="0" uspid="29873" ordinal="0" offset="11" sl="140" sc="0" el="140" ec="0" bec="0" bev="0" fileid="104" />
                <SequencePoint vc="0" uspid="29874" ordinal="0" offset="19" sl="141" sc="0" el="141" ec="0" bec="0" bev="0" fileid="104" />
                <SequencePoint vc="0" uspid="29875" ordinal="0" offset="20" sl="138" sc="0" el="138" ec="0" bec="0" bev="0" fileid="104" />
                <SequencePoint vc="0" uspid="29876" ordinal="0" offset="24" sl="138" sc="0" el="138" ec="0" bec="0" bev="0" fileid="104" />
                <SequencePoint vc="0" uspid="29877" ordinal="0" offset="35" sl="142" sc="0" el="142" ec="0" bec="0" bev="0" fileid="104" />
                <SequencePoint vc="0" uspid="29878" ordinal="0" offset="42" sl="143" sc="0" el="143" ec="0" bec="0" bev="0" fileid="104" />
              </SequencePoints>
              <BranchPoints />
            </Method>
            <Method visited="false" cyclomaticComplexity="0" nPathComplexity="0" sequenceCoverage="0.0" branchCoverage="0" crapScore="0" isConstructor="false" isStatic="false" isGetter="false" isSetter="false">
              <Summary numSequencePoints="32" visitedSequencePoints="0" numBranchPoints="0" visitedBranchPoints="0" sequenceCoverage="0.0" branchCoverage="0" maxCyclomaticComplexity="0" minCyclomaticComplexity="0" maxCrapScore="0" minCrapScore="0" visitedClasses="0" numClasses="0" visitedMethods="0" numMethods="1" />
              <MetadataToken>100663981</MetadataToken>
              <Name>LibTessDotNet.PQHandle LibTessDotNet.PriorityHeap[TValue]::Insert(TValue)</Name>
              <FileRef uid="104" />
              <SequencePoints>
                <SequencePoint vc="0" uspid="29879" ordinal="0" offset="0" sl="146" sc="0" el="146" ec="0" bec="0" bev="0" fileid="104" />
                <SequencePoint vc="0" uspid="29880" ordinal="0" offset="1" sl="147" sc="0" el="147" ec="0" bec="0" bev="0" fileid="104" />
                <SequencePoint vc="0" uspid="29881" ordinal="0" offset="19" sl="148" sc="0" el="148" ec="0" bec="0" bev="0" fileid="104" />
                <SequencePoint vc="0" uspid="29882" ordinal="0" offset="34" sl="149" sc="0" el="149" ec="0" bec="0" bev="0" fileid="104" />
                <SequencePoint vc="0" uspid="29883" ordinal="0" offset="35" sl="150" sc="0" el="150" ec="0" bec="0" bev="0" fileid="104" />
                <SequencePoint vc="0" uspid="29884" ordinal="0" offset="49" sl="151" sc="0" el="151" ec="0" bec="0" bev="0" fileid="104" />
                <SequencePoint vc="0" uspid="29885" ordinal="0" offset="69" sl="152" sc="0" el="152" ec="0" bec="0" bev="0" fileid="104" />
                <SequencePoint vc="0" uspid="29886" ordinal="0" offset="89" sl="153" sc="0" el="153" ec="0" bec="0" bev="0" fileid="104" />
                <SequencePoint vc="0" uspid="29887" ordinal="0" offset="90" sl="156" sc="0" el="156" ec="0" bec="0" bev="0" fileid="104" />
                <SequencePoint vc="0" uspid="29888" ordinal="0" offset="105" sl="157" sc="0" el="157" ec="0" bec="0" bev="0" fileid="104" />
                <SequencePoint vc="0" uspid="29889" ordinal="0" offset="106" sl="158" sc="0" el="158" ec="0" bec="0" bev="0" fileid="104" />
                <SequencePoint vc="0" uspid="29890" ordinal="0" offset="108" sl="159" sc="0" el="159" ec="0" bec="0" bev="0" fileid="104" />
                <SequencePoint vc="0" uspid="29891" ordinal="0" offset="111" sl="161" sc="0" el="161" ec="0" bec="0" bev="0" fileid="104" />
                <SequencePoint vc="0" uspid="29892" ordinal="0" offset="112" sl="162" sc="0" el="162" ec="0" bec="0" bev="0" fileid="104" />
                <SequencePoint vc="0" uspid="29893" ordinal="0" offset="119" sl="163" sc="0" el="163" ec="0" bec="0" bev="0" fileid="104" />
                <SequencePoint vc="0" uspid="29894" ordinal="0" offset="138" sl="164" sc="0" el="164" ec="0" bec="0" bev="0" fileid="104" />
                <SequencePoint vc="0" uspid="29895" ordinal="0" offset="139" sl="166" sc="0" el="166" ec="0" bec="0" bev="0" fileid="104" />
                <SequencePoint vc="0" uspid="29896" ordinal="0" offset="148" sl="167" sc="0" el="167" ec="0" bec="0" bev="0" fileid="104" />
                <SequencePoint vc="0" uspid="29897" ordinal="0" offset="165" sl="168" sc="0" el="168" ec="0" bec="0" bev="0" fileid="104" />
                <SequencePoint vc="0" uspid="29898" ordinal="0" offset="166" sl="169" sc="0" el="169" ec="0" bec="0" bev="0" fileid="104" />
                <SequencePoint vc="0" uspid="29899" ordinal="0" offset="193" sl="170" sc="0" el="170" ec="0" bec="0" bev="0" fileid="104" />
                <SequencePoint vc="0" uspid="29900" ordinal="0" offset="196" sl="172" sc="0" el="172" ec="0" bec="0" bev="0" fileid="104" />
                <SequencePoint vc="0" uspid="29901" ordinal="0" offset="197" sl="173" sc="0" el="173" ec="0" bec="0" bev="0" fileid="104" />
                <SequencePoint vc="0" uspid="29902" ordinal="0" offset="211" sl="174" sc="0" el="174" ec="0" bec="0" bev="0" fileid="104" />
                <SequencePoint vc="0" uspid="29903" ordinal="0" offset="225" sl="175" sc="0" el="175" ec="0" bec="0" bev="0" fileid="104" />
                <SequencePoint vc="0" uspid="29904" ordinal="0" offset="226" sl="177" sc="0" el="177" ec="0" bec="0" bev="0" fileid="104" />
                <SequencePoint vc="0" uspid="29905" ordinal="0" offset="238" sl="178" sc="0" el="178" ec="0" bec="0" bev="0" fileid="104" />
                <SequencePoint vc="0" uspid="29906" ordinal="0" offset="239" sl="179" sc="0" el="179" ec="0" bec="0" bev="0" fileid="104" />
                <SequencePoint vc="0" uspid="29907" ordinal="0" offset="247" sl="180" sc="0" el="180" ec="0" bec="0" bev="0" fileid="104" />
                <SequencePoint vc="0" uspid="29908" ordinal="0" offset="248" sl="182" sc="0" el="182" ec="0" bec="0" bev="0" fileid="104" />
                <SequencePoint vc="0" uspid="29909" ordinal="0" offset="265" sl="183" sc="0" el="183" ec="0" bec="0" bev="0" fileid="104" />
                <SequencePoint vc="0" uspid="29910" ordinal="0" offset="287" sl="184" sc="0" el="184" ec="0" bec="0" bev="0" fileid="104" />
              </SequencePoints>
              <BranchPoints />
            </Method>
            <Method visited="false" cyclomaticComplexity="0" nPathComplexity="0" sequenceCoverage="0.0" branchCoverage="0" crapScore="0" isConstructor="false" isStatic="false" isGetter="false" isSetter="false">
              <Summary numSequencePoints="18" visitedSequencePoints="0" numBranchPoints="0" visitedBranchPoints="0" sequenceCoverage="0.0" branchCoverage="0" maxCyclomaticComplexity="0" minCyclomaticComplexity="0" maxCrapScore="0" minCrapScore="0" visitedClasses="0" numClasses="0" visitedMethods="0" numMethods="1" />
              <MetadataToken>100663982</MetadataToken>
              <Name>TValue LibTessDotNet.PriorityHeap[TValue]::ExtractMin()</Name>
              <FileRef uid="104" />
              <SequencePoints>
                <SequencePoint vc="0" uspid="29911" ordinal="0" offset="0" sl="187" sc="0" el="187" ec="0" bec="0" bev="0" fileid="104" />
                <SequencePoint vc="0" uspid="29912" ordinal="0" offset="1" sl="188" sc="0" el="188" ec="0" bec="0" bev="0" fileid="104" />
                <SequencePoint vc="0" uspid="29913" ordinal="0" offset="13" sl="190" sc="0" el="190" ec="0" bec="0" bev="0" fileid="104" />
                <SequencePoint vc="0" uspid="29914" ordinal="0" offset="22" sl="191" sc="0" el="191" ec="0" bec="0" bev="0" fileid="104" />
                <SequencePoint vc="0" uspid="29915" ordinal="0" offset="36" sl="193" sc="0" el="193" ec="0" bec="0" bev="0" fileid="104" />
                <SequencePoint vc="0" uspid="29916" ordinal="0" offset="49" sl="194" sc="0" el="194" ec="0" bec="0" bev="0" fileid="104" />
                <SequencePoint vc="0" uspid="29917" ordinal="0" offset="50" sl="195" sc="0" el="195" ec="0" bec="0" bev="0" fileid="104" />
                <SequencePoint vc="0" uspid="29918" ordinal="0" offset="71" sl="196" sc="0" el="196" ec="0" bec="0" bev="0" fileid="104" />
                <SequencePoint vc="0" uspid="29919" ordinal="0" offset="92" sl="198" sc="0" el="198" ec="0" bec="0" bev="0" fileid="104" />
                <SequencePoint vc="0" uspid="29920" ordinal="0" offset="111" sl="199" sc="0" el="199" ec="0" bec="0" bev="0" fileid="104" />
                <SequencePoint vc="0" uspid="29921" ordinal="0" offset="130" sl="200" sc="0" el="200" ec="0" bec="0" bev="0" fileid="104" />
                <SequencePoint vc="0" uspid="29922" ordinal="0" offset="137" sl="202" sc="0" el="202" ec="0" bec="0" bev="0" fileid="104" />
                <SequencePoint vc="0" uspid="29923" ordinal="0" offset="164" sl="203" sc="0" el="203" ec="0" bec="0" bev="0" fileid="104" />
                <SequencePoint vc="0" uspid="29924" ordinal="0" offset="165" sl="204" sc="0" el="204" ec="0" bec="0" bev="0" fileid="104" />
                <SequencePoint vc="0" uspid="29925" ordinal="0" offset="173" sl="205" sc="0" el="205" ec="0" bec="0" bev="0" fileid="104" />
                <SequencePoint vc="0" uspid="29926" ordinal="0" offset="174" sl="206" sc="0" el="206" ec="0" bec="0" bev="0" fileid="104" />
                <SequencePoint vc="0" uspid="29927" ordinal="0" offset="175" sl="208" sc="0" el="208" ec="0" bec="0" bev="0" fileid="104" />
                <SequencePoint vc="0" uspid="29928" ordinal="0" offset="180" sl="209" sc="0" el="209" ec="0" bec="0" bev="0" fileid="104" />
              </SequencePoints>
              <BranchPoints />
            </Method>
            <Method visited="false" cyclomaticComplexity="0" nPathComplexity="0" sequenceCoverage="0.0" branchCoverage="0" crapScore="0" isConstructor="false" isStatic="false" isGetter="false" isSetter="false">
              <Summary numSequencePoints="4" visitedSequencePoints="0" numBranchPoints="0" visitedBranchPoints="0" sequenceCoverage="0.0" branchCoverage="0" maxCyclomaticComplexity="0" minCyclomaticComplexity="0" maxCrapScore="0" minCrapScore="0" visitedClasses="0" numClasses="0" visitedMethods="0" numMethods="1" />
              <MetadataToken>100663983</MetadataToken>
              <Name>TValue LibTessDotNet.PriorityHeap[TValue]::Minimum()</Name>
              <FileRef uid="104" />
              <SequencePoints>
                <SequencePoint vc="0" uspid="29929" ordinal="0" offset="0" sl="212" sc="0" el="212" ec="0" bec="0" bev="0" fileid="104" />
                <SequencePoint vc="0" uspid="29930" ordinal="0" offset="1" sl="213" sc="0" el="213" ec="0" bec="0" bev="0" fileid="104" />
                <SequencePoint vc="0" uspid="29931" ordinal="0" offset="13" sl="214" sc="0" el="214" ec="0" bec="0" bev="0" fileid="104" />
                <SequencePoint vc="0" uspid="29932" ordinal="0" offset="36" sl="215" sc="0" el="215" ec="0" bec="0" bev="0" fileid="104" />
              </SequencePoints>
              <BranchPoints />
            </Method>
            <Method visited="false" cyclomaticComplexity="0" nPathComplexity="0" sequenceCoverage="0.0" branchCoverage="0" crapScore="0" isConstructor="false" isStatic="false" isGetter="false" isSetter="false">
              <Summary numSequencePoints="21" visitedSequencePoints="0" numBranchPoints="0" visitedBranchPoints="0" sequenceCoverage="0.0" branchCoverage="0" maxCyclomaticComplexity="0" minCyclomaticComplexity="0" maxCrapScore="0" minCrapScore="0" visitedClasses="0" numClasses="0" visitedMethods="0" numMethods="1" />
              <MetadataToken>100663984</MetadataToken>
              <Name>System.Void LibTessDotNet.PriorityHeap[TValue]::Remove(LibTessDotNet.PQHandle)</Name>
              <FileRef uid="104" />
              <SequencePoints>
                <SequencePoint vc="0" uspid="29933" ordinal="0" offset="0" sl="218" sc="0" el="218" ec="0" bec="0" bev="0" fileid="104" />
                <SequencePoint vc="0" uspid="29934" ordinal="0" offset="1" sl="219" sc="0" el="219" ec="0" bec="0" bev="0" fileid="104" />
                <SequencePoint vc="0" uspid="29935" ordinal="0" offset="13" sl="221" sc="0" el="221" ec="0" bec="0" bev="0" fileid="104" />
                <SequencePoint vc="0" uspid="29936" ordinal="0" offset="20" sl="222" sc="0" el="222" ec="0" bec="0" bev="0" fileid="104" />
                <SequencePoint vc="0" uspid="29937" ordinal="0" offset="63" sl="224" sc="0" el="224" ec="0" bec="0" bev="0" fileid="104" />
                <SequencePoint vc="0" uspid="29938" ordinal="0" offset="77" sl="225" sc="0" el="225" ec="0" bec="0" bev="0" fileid="104" />
                <SequencePoint vc="0" uspid="29939" ordinal="0" offset="98" sl="226" sc="0" el="226" ec="0" bec="0" bev="0" fileid="104" />
                <SequencePoint vc="0" uspid="29940" ordinal="0" offset="119" sl="228" sc="0" el="228" ec="0" bec="0" bev="0" fileid="104" />
                <SequencePoint vc="0" uspid="29941" ordinal="0" offset="146" sl="229" sc="0" el="229" ec="0" bec="0" bev="0" fileid="104" />
                <SequencePoint vc="0" uspid="29942" ordinal="0" offset="147" sl="230" sc="0" el="230" ec="0" bec="0" bev="0" fileid="104" />
                <SequencePoint vc="0" uspid="29943" ordinal="0" offset="213" sl="231" sc="0" el="231" ec="0" bec="0" bev="0" fileid="104" />
                <SequencePoint vc="0" uspid="29944" ordinal="0" offset="214" sl="232" sc="0" el="232" ec="0" bec="0" bev="0" fileid="104" />
                <SequencePoint vc="0" uspid="29945" ordinal="0" offset="222" sl="233" sc="0" el="233" ec="0" bec="0" bev="0" fileid="104" />
                <SequencePoint vc="0" uspid="29946" ordinal="0" offset="225" sl="235" sc="0" el="235" ec="0" bec="0" bev="0" fileid="104" />
                <SequencePoint vc="0" uspid="29947" ordinal="0" offset="226" sl="236" sc="0" el="236" ec="0" bec="0" bev="0" fileid="104" />
                <SequencePoint vc="0" uspid="29948" ordinal="0" offset="234" sl="237" sc="0" el="237" ec="0" bec="0" bev="0" fileid="104" />
                <SequencePoint vc="0" uspid="29949" ordinal="0" offset="235" sl="238" sc="0" el="238" ec="0" bec="0" bev="0" fileid="104" />
                <SequencePoint vc="0" uspid="29950" ordinal="0" offset="236" sl="240" sc="0" el="240" ec="0" bec="0" bev="0" fileid="104" />
                <SequencePoint vc="0" uspid="29951" ordinal="0" offset="255" sl="241" sc="0" el="241" ec="0" bec="0" bev="0" fileid="104" />
                <SequencePoint vc="0" uspid="29952" ordinal="0" offset="274" sl="242" sc="0" el="242" ec="0" bec="0" bev="0" fileid="104" />
                <SequencePoint vc="0" uspid="29953" ordinal="0" offset="281" sl="243" sc="0" el="243" ec="0" bec="0" bev="0" fileid="104" />
              </SequencePoints>
              <BranchPoints />
            </Method>
            <Method visited="false" cyclomaticComplexity="0" nPathComplexity="0" sequenceCoverage="0.0" branchCoverage="0" crapScore="0" isConstructor="true" isStatic="false" isGetter="false" isSetter="false">
              <Summary numSequencePoints="12" visitedSequencePoints="0" numBranchPoints="0" visitedBranchPoints="0" sequenceCoverage="0.0" branchCoverage="0" maxCyclomaticComplexity="0" minCyclomaticComplexity="0" maxCrapScore="0" minCrapScore="0" visitedClasses="0" numClasses="0" visitedMethods="0" numMethods="1" />
              <MetadataToken>100663977</MetadataToken>
              <Name>LibTessDotNet.PriorityHeap[TValue]::PriorityHeap(System.Int32, LibTessDotNet.LessOrEqual)</Name>
              <FileRef uid="104" />
              <SequencePoints>
                <SequencePoint vc="0" uspid="29954" ordinal="0" offset="0" sl="68" sc="0" el="68" ec="0" bec="0" bev="0" fileid="104" />
                <SequencePoint vc="0" uspid="29955" ordinal="0" offset="7" sl="69" sc="0" el="69" ec="0" bec="0" bev="0" fileid="104" />
                <SequencePoint vc="0" uspid="29956" ordinal="0" offset="8" sl="70" sc="0" el="70" ec="0" bec="0" bev="0" fileid="104" />
                <SequencePoint vc="0" uspid="29957" ordinal="0" offset="15" sl="72" sc="0" el="72" ec="0" bec="0" bev="0" fileid="104" />
                <SequencePoint vc="0" uspid="29958" ordinal="0" offset="29" sl="73" sc="0" el="73" ec="0" bec="0" bev="0" fileid="104" />
                <SequencePoint vc="0" uspid="29959" ordinal="0" offset="43" sl="75" sc="0" el="75" ec="0" bec="0" bev="0" fileid="104" />
                <SequencePoint vc="0" uspid="29960" ordinal="0" offset="50" sl="76" sc="0" el="76" ec="0" bec="0" bev="0" fileid="104" />
[...]
                <SequencePoint vc="0" uspid="30117" ordinal="0" offset="40" sl="63" sc="0" el="63" ec="0" bec="0" bev="0" fileid="105" />
                <SequencePoint vc="0" uspid="30118" ordinal="0" offset="47" sl="64" sc="0" el="64" ec="0" bec="0" bev="0" fileid="105" />
                <SequencePoint vc="0" uspid="30119" ordinal="0" offset="54" sl="65" sc="0" el="65" ec="0" bec="0" bev="0" fileid="105" />
                <SequencePoint vc="0" uspid="30120" ordinal="0" offset="61" sl="66" sc="0" el="66" ec="0" bec="0" bev="0" fileid="105" />
              </SequencePoints>
              <BranchPoints />
            </Method>
          </Methods>
        </Class>
        <Class>
          <Summary numSequencePoints="51" visitedSequencePoints="51" numBranchPoints="0" visitedBranchPoints="0" sequenceCoverage="100.0" branchCoverage="0.0" maxCyclomaticComplexity="0" minCyclomaticComplexity="0" maxCrapScore="0" minCrapScore="0" visitedClasses="1" numClasses="1" visitedMethods="3" numMethods="3" />
          <FullName>RacelineAnalyzer/RacelineQuadTree</FullName>
          <Methods>
            <Method visited="true" cyclomaticComplexity="0" nPathComplexity="0" sequenceCoverage="100.0" branchCoverage="0" crapScore="0" isConstructor="false" isStatic="false" isGetter="false" isSetter="false">
              <Summary numSequencePoints="19" visitedSequencePoints="19" numBranchPoints="0" visitedBranchPoints="0" sequenceCoverage="100.0" branchCoverage="0" maxCyclomaticComplexity="0" minCyclomaticComplexity="0" maxCrapScore="0" minCrapScore="0" visitedClasses="0" numClasses="0" visitedMethods="1" numMethods="1" />
              <MetadataToken>100664610</MetadataToken>
              <Name>System.Void RacelineAnalyzer/RacelineQuadTree::Insert(UnityEngine.Vector2, System.Int32)</Name>
              <FileRef uid="88" />
              <SequencePoints>
                <SequencePoint vc="68" uspid="34848" ordinal="0" offset="0" sl="42" sc="9" el="42" ec="9" bec="0" bev="0" fileid="88" />
                <SequencePoint vc="68" uspid="34849" ordinal="0" offset="1" sl="43" sc="13" el="43" ec="13" bec="0" bev="0" fileid="88" />
                <SequencePoint vc="36" uspid="34850" ordinal="0" offset="20" sl="44" sc="17" el="44" ec="17" bec="0" bev="0" fileid="88" />
                <SequencePoint vc="32" uspid="34851" ordinal="0" offset="22" sl="46" sc="13" el="46" ec="13" bec="0" bev="0" fileid="88" />
                <SequencePoint vc="28" uspid="34852" ordinal="0" offset="55" sl="47" sc="13" el="47" ec="13" bec="0" bev="0" fileid="88" />
                <SequencePoint vc="28" uspid="34853" ordinal="0" offset="56" sl="48" sc="17" el="48" ec="17" bec="0" bev="0" fileid="88" />
                <SequencePoint vc="28" uspid="34854" ordinal="0" offset="75" sl="49" sc="17" el="49" ec="17" bec="0" bev="0" fileid="88" />
                <SequencePoint vc="4" uspid="34855" ordinal="0" offset="77" sl="52" sc="13" el="52" ec="13" bec="0" bev="0" fileid="88" />
                <SequencePoint vc="1" uspid="34856" ordinal="0" offset="90" sl="53" sc="13" el="53" ec="13" bec="0" bev="0" fileid="88" />
                <SequencePoint vc="1" uspid="34857" ordinal="0" offset="91" sl="54" sc="17" el="54" ec="17" bec="0" bev="0" fileid="88" />
                <SequencePoint vc="1" uspid="34858" ordinal="0" offset="98" sl="55" sc="13" el="55" ec="13" bec="0" bev="0" fileid="88" />
                <SequencePoint vc="4" uspid="34859" ordinal="0" offset="99" sl="57" sc="13" el="57" ec="13" bec="0" bev="0" fileid="88" />
                <SequencePoint vc="4" uspid="34860" ordinal="0" offset="100" sl="57" sc="35" el="57" ec="35" bec="0" bev="0" fileid="88" />
                <SequencePoint vc="16" uspid="34861" ordinal="0" offset="112" sl="57" sc="22" el="57" ec="22" bec="0" bev="0" fileid="88" />
                <SequencePoint vc="16" uspid="34862" ordinal="0" offset="118" sl="58" sc="13" el="58" ec="13" bec="0" bev="0" fileid="88" />
                <SequencePoint vc="16" uspid="34863" ordinal="0" offset="119" sl="59" sc="17" el="59" ec="17" bec="0" bev="0" fileid="88" />
                <SequencePoint vc="16" uspid="34864" ordinal="0" offset="129" sl="60" sc="13" el="60" ec="13" bec="0" bev="0" fileid="88" />
                <SequencePoint vc="20" uspid="34865" ordinal="0" offset="136" sl="57" sc="32" el="57" ec="32" bec="0" bev="0" fileid="88" />
                <SequencePoint vc="68" uspid="34866" ordinal="0" offset="143" sl="61" sc="9" el="61" ec="9" bec="0" bev="0" fileid="88" />
              </SequencePoints>
              <BranchPoints />
            </Method>
            <Method visited="true" cyclomaticComplexity="0" nPathComplexity="0" sequenceCoverage="100.0" branchCoverage="0" crapScore="0" isConstructor="false" isStatic="false" isGetter="false" isSetter="false">
              <Summary numSequencePoints="25" visitedSequencePoints="25" numBranchPoints="0" visitedBranchPoints="0" sequenceCoverage="100.0" branchCoverage="0" maxCyclomaticComplexity="0" minCyclomaticComplexity="0" maxCrapScore="0" minCrapScore="0" visitedClasses="0" numClasses="0" visitedMethods="1" numMethods="1" />
              <MetadataToken>100664611</MetadataToken>
              <Name>System.Void RacelineAnalyzer/RacelineQuadTree::Subdivide()</Name>
              <FileRef uid="88" />
              <SequencePoints>
                <SequencePoint vc="1" uspid="34867" ordinal="0" offset="0" sl="64" sc="9" el="64" ec="9" bec="0" bev="0" fileid="88" />
                <SequencePoint vc="1" uspid="34868" ordinal="0" offset="1" sl="65" sc="13" el="65" ec="13" bec="0" bev="0" fileid="88" />
                <SequencePoint vc="1" uspid="34869" ordinal="0" offset="19" sl="66" sc="13" el="66" ec="13" bec="0" bev="0" fileid="88" />
                <SequencePoint vc="1" uspid="34870" ordinal="0" offset="37" sl="67" sc="13" el="67" ec="13" bec="0" bev="0" fileid="88" />
                <SequencePoint vc="1" uspid="34871" ordinal="0" offset="49" sl="68" sc="13" el="68" ec="13" bec="0" bev="0" fileid="88" />
                <SequencePoint vc="1" uspid="34872" ordinal="0" offset="61" sl="70" sc="13" el="70" ec="13" bec="0" bev="0" fileid="88" />
                <SequencePoint vc="1" uspid="34873" ordinal="0" offset="73" sl="71" sc="13" el="71" ec="13" bec="0" bev="0" fileid="88" />
                <SequencePoint vc="1" uspid="34874" ordinal="0" offset="103" sl="72" sc="13" el="72" ec="13" bec="0" bev="0" fileid="88" />
                <SequencePoint vc="1" uspid="34875" ordinal="0" offset="135" sl="73" sc="13" el="73" ec="13" bec="0" bev="0" fileid="88" />
                <SequencePoint vc="1" uspid="34876" ordinal="0" offset="167" sl="74" sc="13" el="74" ec="13" bec="0" bev="0" fileid="88" />
                <SequencePoint vc="1" uspid="34877" ordinal="0" offset="201" sl="77" sc="13" el="77" ec="13" bec="0" bev="0" fileid="88" />
                <SequencePoint vc="1" uspid="34878" ordinal="0" offset="202" sl="77" sc="35" el="77" ec="35" bec="0" bev="0" fileid="88" />
                <SequencePoint vc="8" uspid="34879" ordinal="0" offset="217" sl="77" sc="22" el="77" ec="22" bec="0" bev="0" fileid="88" />
                <SequencePoint vc="8" uspid="34880" ordinal="0" offset="226" sl="78" sc="13" el="78" ec="13" bec="0" bev="0" fileid="88" />
                <SequencePoint vc="8" uspid="34881" ordinal="0" offset="227" sl="79" sc="17" el="79" ec="17" bec="0" bev="0" fileid="88" />
                <SequencePoint vc="8" uspid="34882" ordinal="0" offset="228" sl="79" sc="39" el="79" ec="39" bec="0" bev="0" fileid="88" />
                <SequencePoint vc="32" uspid="34883" ordinal="0" offset="241" sl="79" sc="26" el="79" ec="26" bec="0" bev="0" fileid="88" />
                <SequencePoint vc="32" uspid="34884" ordinal="0" offset="248" sl="80" sc="17" el="80" ec="17" bec="0" bev="0" fileid="88" />
                <SequencePoint vc="32" uspid="34885" ordinal="0" offset="249" sl="81" sc="21" el="81" ec="21" bec="0" bev="0" fileid="88" />
                <SequencePoint vc="32" uspid="34886" ordinal="0" offset="271" sl="82" sc="17" el="82" ec="17" bec="0" bev="0" fileid="88" />
                <SequencePoint vc="40" uspid="34887" ordinal="0" offset="278" sl="79" sc="36" el="79" ec="36" bec="0" bev="0" fileid="88" />
                <SequencePoint vc="8" uspid="34888" ordinal="0" offset="286" sl="83" sc="13" el="83" ec="13" bec="0" bev="0" fileid="88" />
                <SequencePoint vc="9" uspid="34889" ordinal="0" offset="287" sl="77" sc="32" el="77" ec="32" bec="0" bev="0" fileid="88" />
                <SequencePoint vc="1" uspid="34890" ordinal="0" offset="313" sl="85" sc="13" el="85" ec="13" bec="0" bev="0" fileid="88" />
                <SequencePoint vc="1" uspid="34891" ordinal="0" offset="325" sl="86" sc="9" el="86" ec="9" bec="0" bev="0" fileid="88" />
              </SequencePoints>
              <BranchPoints />
            </Method>
            <Method visited="true" cyclomaticComplexity="0" nPathComplexity="0" sequenceCoverage="100.0" branchCoverage="0" crapScore="0" isConstructor="true" isStatic="false" isGetter="false" isSetter="false">
              <Summary numSequencePoints="7" visitedSequencePoints="7" numBranchPoints="0" visitedBranchPoints="0" sequenceCoverage="100.0" branchCoverage="0" maxCyclomaticComplexity="0" minCyclomaticComplexity="0" maxCrapScore="0" minCrapScore="0" visitedClasses="0" numClasses="0" visitedMethods="1" numMethods="1" />
              <MetadataToken>100664609</MetadataToken>
              <Name>RacelineAnalyzer/RacelineQuadTree::RacelineQuadTree(UnityEngine.Rect, System.Int32)</Name>
              <FileRef uid="88" />
              <SequencePoints>
                <SequencePoint vc="5" uspid="34932" ordinal="0" offset="0" sl="33" sc="9" el="33" ec="9" bec="0" bev="0" fileid="88" />
                <SequencePoint vc="5" uspid="34933" ordinal="0" offset="7" sl="34" sc="9" el="34" ec="9" bec="0" bev="0" fileid="88" />
                <SequencePoint vc="5" uspid="34934" ordinal="0" offset="8" sl="35" sc="13" el="35" ec="13" bec="0" bev="0" fileid="88" />
                <SequencePoint vc="5" uspid="34935" ordinal="0" offset="15" sl="36" sc="13" el="36" ec="13" bec="0" bev="0" fileid="88" />
                <SequencePoint vc="5" uspid="34936" ordinal="0" offset="22" sl="37" sc="13" el="37" ec="13" bec="0" bev="0" fileid="88" />
                <SequencePoint vc="5" uspid="34937" ordinal="0" offset="33" sl="38" sc="13" el="38" ec="13" bec="0" bev="0" fileid="88" />
                <SequencePoint vc="5" uspid="34938" ordinal="0" offset="40" sl="39" sc="9" el="39" ec="9" bec="0" bev="0" fileid="88" />
              </SequencePoints>
              <BranchPoints />
            </Method>
          </Methods>
        </Class>
        <Class>
          <Summary numSequencePoints="19" visitedSequencePoints="0" numBranchPoints="0" visitedBranchPoints="0" sequenceCoverage="0.0" branchCoverage="0.0" maxCyclomaticComplexity="0" minCyclomaticComplexity="0" maxCrapScore="0" minCrapScore="0" visitedClasses="0" numClasses="1" visitedMethods="0" numMethods="5" />
          <FullName>LibTessDotNet.Dict[TValue]/Node</FullName>
          <Methods>
            <Method visited="false" cyclomaticComplexity="0" nPathComplexity="0" sequenceCoverage="0.0" branchCoverage="0" crapScore="0" isConstructor="false" isStatic="false" isGetter="true" isSetter="false">
              <Summary numSequencePoints="3" visitedSequencePoints="0" numBranchPoints="0" visitedBranchPoints="0" sequenceCoverage="0.0" branchCoverage="0" maxCyclomaticComplexity="0" minCyclomaticComplexity="0" maxCrapScore="0" minCrapScore="0" visitedClasses="0" numClasses="0" visitedMethods="0" numMethods="1" />
              <MetadataToken>100664767</MetadataToken>
              <Name>TValue LibTessDotNet.Dict[TValue]/Node::get_Key()</Name>
              <FileRef uid="100" />
              <SequencePoints>
                <SequencePoint vc="0" uspid="34994" ordinal="0" offset="0" sl="47" sc="0" el="47" ec="0" bec="0" bev="0" fileid="100" />
                <SequencePoint vc="0" uspid="34995" ordinal="0" offset="1" sl="47" sc="0" el="47" ec="0" bec="0" bev="0" fileid="100" />
                <SequencePoint vc="0" uspid="34996" ordinal="0" offset="10" sl="47" sc="0" el="47" ec="0" bec="0" bev="0" fileid="100" />
              </SequencePoints>
              <BranchPoints />
            </Method>
            <Method visited="false" cyclomaticComplexity="0" nPathComplexity="0" sequenceCoverage="0.0" branchCoverage="0" crapScore="0" isConstructor="false" isStatic="false" isGetter="true" isSetter="false">
              <Summary numSequencePoints="3" visitedSequencePoints="0" numBranchPoints="0" visitedBranchPoints="0" sequenceCoverage="0.0" branchCoverage="0" maxCyclomaticComplexity="0" minCyclomaticComplexity="0" maxCrapScore="0" minCrapScore="0" visitedClasses="0" numClasses="0" visitedMethods="0" numMethods="1" />
              <MetadataToken>100664768</MetadataToken>
              <Name>LibTessDotNet.Dict[TValue]/Node LibTessDotNet.Dict[TValue]/Node::get_Prev()</Name>
              <FileRef uid="100" />
              <SequencePoints>
                <SequencePoint vc="0" uspid="34997" ordinal="0" offset="0" sl="48" sc="0" el="48" ec="0" bec="0" bev="0" fileid="100" />
                <SequencePoint vc="0" uspid="34998" ordinal="0" offset="1" sl="48" sc="0" el="48" ec="0" bec="0" bev="0" fileid="100" />
                <SequencePoint vc="0" uspid="34999" ordinal="0" offset="10" sl="48" sc="0" el="48" ec="0" bec="0" bev="0" fileid="100" />
              </SequencePoints>
              <BranchPoints />
            </Method>
            <Method visited="false" cyclomaticComplexity="0" nPathComplexity="0" sequenceCoverage="0.0" branchCoverage="0" crapScore="0" isConstructor="false" isStatic="false" isGetter="true" isSetter="false">
              <Summary numSequencePoints="3" visitedSequencePoints="0" numBranchPoints="0" visitedBranchPoints="0" sequenceCoverage="0.0" branchCoverage="0" maxCyclomaticComplexity="0" minCyclomaticComplexity="0" maxCrapScore="0" minCrapScore="0" visitedClasses="0" numClasses="0" visitedMethods="0" numMethods="1" />
              <MetadataToken>100664769</MetadataToken>
              <Name>LibTessDotNet.Dict[TValue]/Node LibTessDotNet.Dict[TValue]/Node::get_Next()</Name>
              <FileRef uid="100" />
              <SequencePoints>
                <SequencePoint vc="0" uspid="35000" ordinal="0" offset="0" sl="49" sc="0" el="49" ec="0" bec="0" bev="0" fileid="100" />
                <SequencePoint vc="0" uspid="35001" ordinal="0" offset="1" sl="49" sc="0" el="49" ec="0" bec="0" bev="0" fileid="100" />
                <SequencePoint vc="0" uspid="35002" ordinal="0" offset="10" sl="49" sc="0" el="49" ec="0" bec="0" bev="0" fileid="100" />
              </SequencePoints>
              <BranchPoints />
            </Method>
            <Method visited="false" cyclomaticComplexity="0" nPathComplexity="0" sequenceCoverage="0.0" branchCoverage="0" crapScore="0" isConstructor="false" isStatic="false" isGetter="false" isSetter="false">
              <Summary numSequencePoints="5" visitedSequencePoints="0" numBranchPoints="0" visitedBranchPoints="0" sequenceCoverage="0.0" branchCoverage="0" maxCyclomaticComplexity="0" minCyclomaticComplexity="0" maxCrapScore="0" minCrapScore="0" visitedClasses="0" numClasses="0" visitedMethods="0" numMethods="1" />
              <MetadataToken>100664770</MetadataToken>
              <Name>System.Void LibTessDotNet.Dict[TValue]/Node::Init(LibTessDotNet.IPool)</Name>
              <FileRef uid="100" />
              <SequencePoints>
                <SequencePoint vc="0" uspid="35003" ordinal="0" offset="0" sl="52" sc="0" el="52" ec="0" bec="0" bev="0" fileid="100" />
                <SequencePoint vc="0" uspid="35004" ordinal="0" offset="1" sl="53" sc="0" el="53" ec="0" bec="0" bev="0" fileid="100" />
                <SequencePoint vc="0" uspid="35005" ordinal="0" offset="13" sl="54" sc="0" el="54" ec="0" bec="0" bev="0" fileid="100" />
                <SequencePoint vc="0" uspid="35006" ordinal="0" offset="20" sl="55" sc="0" el="55" ec="0" bec="0" bev="0" fileid="100" />
                <SequencePoint vc="0" uspid="35007" ordinal="0" offset="27" sl="56" sc="0" el="56" ec="0" bec="0" bev="0" fileid="100" />
              </SequencePoints>
              <BranchPoints />
            </Method>
            <Method visited="false" cyclomaticComplexity="0" nPathComplexity="0" sequenceCoverage="0.0" branchCoverage="0" crapScore="0" isConstructor="false" isStatic="false" isGetter="false" isSetter="false">
              <Summary numSequencePoints="5" visitedSequencePoints="0" numBranchPoints="0" visitedBranchPoints="0" sequenceCoverage="0.0" branchCoverage="0" maxCyclomaticComplexity="0" minCyclomaticComplexity="0" maxCrapScore="0" minCrapScore="0" visitedClasses="0" numClasses="0" visitedMethods="0" numMethods="1" />
              <MetadataToken>100664771</MetadataToken>
              <Name>System.Void LibTessDotNet.Dict[TValue]/Node::Reset(LibTessDotNet.IPool)</Name>
              <FileRef uid="100" />
              <SequencePoints>
                <SequencePoint vc="0" uspid="35008" ordinal="0" offset="0" sl="59" sc="0" el="59" ec="0" bec="0" bev="0" fileid="100" />
                <SequencePoint vc="0" uspid="35009" ordinal="0" offset="1" sl="60" sc="0" el="60" ec="0" bec="0" bev="0" fileid="100" />
                <SequencePoint vc="0" uspid="35010" ordinal="0" offset="13" sl="61" sc="0" el="61" ec="0" bec="0" bev="0" fileid="100" />
                <SequencePoint vc="0" uspid="35011" ordinal="0" offset="20" sl="62" sc="0" el="62" ec="0" bec="0" bev="0" fileid="100" />
                <SequencePoint vc="0" uspid="35012" ordinal="0" offset="27" sl="63" sc="0" el="63" ec="0" bec="0" bev="0" fileid="100" />
              </SequencePoints>
              <BranchPoints />
            </Method>
          </Methods>
        </Class>
        <Class>
          <Summary numSequencePoints="4" visitedSequencePoints="4" numBranchPoints="0" visitedBranchPoints="0" sequenceCoverage="100.0" branchCoverage="0.0" maxCyclomaticComplexity="0" minCyclomaticComplexity="0" maxCrapScore="0" minCrapScore="0" visitedClasses="1" numClasses="1" visitedMethods="1" numMethods="1" />
          <FullName>RacelineAnalyzer/RacelineQuadTree/RacelinePoint</FullName>
          <Methods>
            <Method visited="true" cyclomaticComplexity="0" nPathComplexity="0" sequenceCoverage="100.0" branchCoverage="0" crapScore="0" isConstructor="true" isStatic="false" isGetter="false" isSetter="false">
              <Summary numSequencePoints="4" visitedSequencePoints="4" numBranchPoints="0" visitedBranchPoints="0" sequenceCoverage="100.0" branchCoverage="0" maxCyclomaticComplexity="0" minCyclomaticComplexity="0" maxCrapScore="0" minCrapScore="0" visitedClasses="0" numClasses="0" visitedMethods="1" numMethods="1" />
              <MetadataToken>100664828</MetadataToken>
              <Name>RacelineAnalyzer/RacelineQuadTree/RacelinePoint::RacelinePoint(UnityEngine.Vector2, System.Int32)</Name>
              <FileRef uid="88" />
              <SequencePoints>
                <SequencePoint vc="28" uspid="35138" ordinal="0" offset="0" sl="19" sc="13" el="19" ec="13" bec="0" bev="0" fileid="88" />
                <SequencePoint vc="28" uspid="35139" ordinal="0" offset="1" sl="20" sc="17" el="20" ec="17" bec="0" bev="0" fileid="88" />
                <SequencePoint vc="28" uspid="35140" ordinal="0" offset="8" sl="21" sc="17" el="21" ec="17" bec="0" bev="0" fileid="88" />
                <SequencePoint vc="28" uspid="35141" ordinal="0" offset="15" sl="22" sc="13" el="22" ec="13" bec="0" bev="0" fileid="88" />
              </SequencePoints>
              <BranchPoints />
            </Method>
          </Methods>
        </Class>
      </Classes>
    </Module>
  </Modules>
</CoverageSession>