<?xml version="1.0" encoding="utf-8"?>
<CoverageSession xmlns:xsd="http://www.w3.org/2001/XMLSchema" xmlns:xsi="http://www.w3.org/2001/XMLSchema-instance" Version="0.0.0.0">
  <Summary numSequencePoints="560" visitedSequencePoints="521" numBranchPoints="0" visitedBranchPoints="0" sequenceCoverage="93.04" branchCoverage="0.0" maxCyclomaticComplexity="0" minCyclomaticComplexity="0" maxCrapScore="0" minCrapScore="0" visitedClasses="10" numClasses="10" visitedMethods="50" numMethods="50" />
  <Modules>
    <Module>
      <Summary numSequencePoints="560" visitedSequencePoints="521" numBranchPoints="0" visitedBranchPoints="0" sequenceCoverage="93.04" branchCoverage="0.0" maxCyclomaticComplexity="0" minCyclomaticComplexity="0" maxCrapScore="0" minCrapScore="0" visitedClasses="10" numClasses="10" visitedMethods="50" numMethods="50" />
      <ModuleTime>0001-01-01T00:00:00</ModuleTime>
      <ModuleName>MainAssembly</ModuleName>
      <Files>
        <File uid="1" fullPath="C:/Users/milan/Unity/SuperLap/Unity/Assets/Scripts/RacelineOptimizer/CornerDetector.cs" />
        <File uid="2" fullPath="C:/Users/milan/Unity/SuperLap/Unity/Assets/Scripts/RacelineOptimizer/EdgeDataImporter.cs" />
        <File uid="3" fullPath="C:/Users/milan/Unity/SuperLap/Unity/Assets/Scripts/RacelineOptimizer/Particle.cs" />
        <File uid="4" fullPath="C:/Users/milan/Unity/SuperLap/Unity/Assets/Scripts/RacelineOptimizer/PSO.cs" />
        <File uid="5" fullPath="C:/Users/milan/Unity/SuperLap/Unity/Assets/Scripts/RacelineOptimizer/RacelineExporter.cs" />
        <File uid="6" fullPath="C:/Users/milan/Unity/SuperLap/Unity/Assets/Scripts/RacelineOptimizer/SavitzkyGolayFilter.cs" />
        <File uid="7" fullPath="C:/Users/milan/Unity/SuperLap/Unity/Assets/Scripts/RacelineOptimizer/TrackSampler.cs" />
      </Files>
      <Classes>
        <Class>
          <Summary numSequencePoints="101" visitedSequencePoints="96" numBranchPoints="0" visitedBranchPoints="0" sequenceCoverage="95.05" branchCoverage="0.0" maxCyclomaticComplexity="0" minCyclomaticComplexity="0" maxCrapScore="0" minCrapScore="0" visitedClasses="1" numClasses="1" visitedMethods="8" numMethods="8" />
          <FullName>CornerDetector</FullName>
          <Methods>
            <Method visited="true" cyclomaticComplexity="0" nPathComplexity="0" sequenceCoverage="91.67" branchCoverage="0" crapScore="0" isConstructor="false" isStatic="true" isGetter="false" isSetter="false">
              <Summary numSequencePoints="12" visitedSequencePoints="11" numBranchPoints="0" visitedBranchPoints="0" sequenceCoverage="91.67" branchCoverage="0" maxCyclomaticComplexity="0" minCyclomaticComplexity="0" maxCrapScore="0" minCrapScore="0" visitedClasses="0" numClasses="0" visitedMethods="1" numMethods="1" />
              <MetadataToken>100663327</MetadataToken>
              <Name>static System.Collections.Generic.List[CornerSegment] CornerDetector::DetectCorners(System.Collections.Generic.List[ValueTuple`2])</Name>
              <FileRef uid="1" />
              <SequencePoints>
                <SequencePoint vc="1" uspid="597" ordinal="0" offset="0" sl="50" sc="9" el="50" ec="9" bec="0" bev="0" fileid="1" />
                <SequencePoint vc="1" uspid="598" ordinal="0" offset="6" sl="52" sc="9" el="52" ec="9" bec="0" bev="0" fileid="1" />
                <SequencePoint vc="0" uspid="599" ordinal="0" offset="19" sl="53" sc="13" el="53" ec="13" bec="0" bev="0" fileid="1" />
                <SequencePoint vc="1" uspid="600" ordinal="0" offset="21" sl="55" sc="9" el="55" ec="9" bec="0" bev="0" fileid="1" />
                <SequencePoint vc="1" uspid="601" ordinal="0" offset="27" sl="56" sc="9" el="56" ec="9" bec="0" bev="0" fileid="1" />
                <SequencePoint vc="1" uspid="602" ordinal="0" offset="32" sl="58" sc="9" el="58" ec="9" bec="0" bev="0" fileid="1" />
                <SequencePoint vc="1" uspid="603" ordinal="0" offset="37" sl="60" sc="32" el="60" ec="32" bec="0" bev="0" fileid="1" />
                <SequencePoint vc="241" uspid="604" ordinal="0" offset="45" sl="60" sc="18" el="60" ec="18" bec="0" bev="0" fileid="1" />
                <SequencePoint vc="241" uspid="605" ordinal="0" offset="53" sl="62" sc="13" el="62" ec="13" bec="0" bev="0" fileid="1" />
                <SequencePoint vc="7" uspid="606" ordinal="0" offset="79" sl="64" sc="17" el="64" ec="17" bec="0" bev="0" fileid="1" />
                <SequencePoint vc="242" uspid="607" ordinal="0" offset="109" sl="60" sc="29" el="60" ec="29" bec="0" bev="0" fileid="1" />
                <SequencePoint vc="1" uspid="608" ordinal="0" offset="134" sl="68" sc="9" el="68" ec="9" bec="0" bev="0" fileid="1" />
              </SequencePoints>
              <BranchPoints />
            </Method>
            <Method visited="true" cyclomaticComplexity="0" nPathComplexity="0" sequenceCoverage="92.86" branchCoverage="0" crapScore="0" isConstructor="false" isStatic="true" isGetter="false" isSetter="false">
              <Summary numSequencePoints="14" visitedSequencePoints="13" numBranchPoints="0" visitedBranchPoints="0" sequenceCoverage="92.86" branchCoverage="0" maxCyclomaticComplexity="0" minCyclomaticComplexity="0" maxCrapScore="0" minCrapScore="0" visitedClasses="0" numClasses="0" visitedMethods="1" numMethods="1" />
              <MetadataToken>100663328</MetadataToken>
              <Name>static System.Collections.Generic.List[Single] CornerDetector::CalculateRawAngleChanges(System.Collections.Generic.List[ValueTuple`2])</Name>
              <FileRef uid="1" />
              <SequencePoints>
                <SequencePoint vc="1" uspid="609" ordinal="0" offset="0" sl="73" sc="9" el="73" ec="9" bec="0" bev="0" fileid="1" />
                <SequencePoint vc="1" uspid="610" ordinal="0" offset="6" sl="75" sc="9" el="75" ec="9" bec="0" bev="0" fileid="1" />
                <SequencePoint vc="0" uspid="611" ordinal="0" offset="15" sl="76" sc="13" el="76" ec="13" bec="0" bev="0" fileid="1" />
                <SequencePoint vc="1" uspid="612" ordinal="0" offset="17" sl="78" sc="9" el="78" ec="9" bec="0" bev="0" fileid="1" />
                <SequencePoint vc="1" uspid="613" ordinal="0" offset="26" sl="80" sc="14" el="80" ec="14" bec="0" bev="0" fileid="1" />
                <SequencePoint vc="1136" uspid="614" ordinal="0" offset="30" sl="82" sc="13" el="82" ec="13" bec="0" bev="0" fileid="1" />
                <SequencePoint vc="1136" uspid="615" ordinal="0" offset="41" sl="84" sc="13" el="84" ec="13" bec="0" bev="0" fileid="1" />
                <SequencePoint vc="1136" uspid="616" ordinal="0" offset="68" sl="85" sc="13" el="85" ec="13" bec="0" bev="0" fileid="1" />
                <SequencePoint vc="1136" uspid="617" ordinal="0" offset="77" sl="86" sc="13" el="86" ec="13" bec="0" bev="0" fileid="1" />
                <SequencePoint vc="1136" uspid="618" ordinal="0" offset="92" sl="88" sc="13" el="88" ec="13" bec="0" bev="0" fileid="1" />
                <SequencePoint vc="1136" uspid="619" ordinal="0" offset="100" sl="89" sc="13" el="89" ec="13" bec="0" bev="0" fileid="1" />
                <SequencePoint vc="1136" uspid="620" ordinal="0" offset="102" sl="80" sc="46" el="80" ec="46" bec="0" bev="0" fileid="1" />
                <SequencePoint vc="1137" uspid="621" ordinal="0" offset="106" sl="80" sc="25" el="80" ec="25" bec="0" bev="0" fileid="1" />
                <SequencePoint vc="1" uspid="622" ordinal="0" offset="117" sl="92" sc="9" el="92" ec="9" bec="0" bev="0" fileid="1" />
              </SequencePoints>
              <BranchPoints />
            </Method>
            <Method visited="true" cyclomaticComplexity="0" nPathComplexity="0" sequenceCoverage="93.33" branchCoverage="0" crapScore="0" isConstructor="false" isStatic="true" isGetter="false" isSetter="false">
              <Summary numSequencePoints="15" visitedSequencePoints="14" numBranchPoints="0" visitedBranchPoints="0" sequenceCoverage="93.33" branchCoverage="0" maxCyclomaticComplexity="0" minCyclomaticComplexity="0" maxCrapScore="0" minCrapScore="0" visitedClasses="0" numClasses="0" visitedMethods="1" numMethods="1" />
              <MetadataToken>100663329</MetadataToken>
              <Name>static System.Collections.Generic.List[Single] CornerDetector::SmoothAngles(System.Collections.Generic.List[Single])</Name>
              <FileRef uid="1" />
              <SequencePoints>
                <SequencePoint vc="1" uspid="623" ordinal="0" offset="0" sl="97" sc="9" el="97" ec="9" bec="0" bev="0" fileid="1" />
                <SequencePoint vc="0" uspid="624" ordinal="0" offset="9" sl="98" sc="13" el="98" ec="13" bec="0" bev="0" fileid="1" />
                <SequencePoint vc="1" uspid="625" ordinal="0" offset="16" sl="100" sc="9" el="100" ec="9" bec="0" bev="0" fileid="1" />
                <SequencePoint vc="1" uspid="626" ordinal="0" offset="22" sl="102" sc="14" el="102" ec="14" bec="0" bev="0" fileid="1" />
                <SequencePoint vc="1136" uspid="627" ordinal="0" offset="26" sl="104" sc="13" el="104" ec="13" bec="0" bev="0" fileid="1" />
                <SequencePoint vc="1136" uspid="628" ordinal="0" offset="32" sl="105" sc="13" el="105" ec="13" bec="0" bev="0" fileid="1" />
                <SequencePoint vc="1136" uspid="629" ordinal="0" offset="34" sl="108" sc="18" el="108" ec="18" bec="0" bev="0" fileid="1" />
                <SequencePoint vc="3406" uspid="630" ordinal="0" offset="47" sl="112" sc="17" el="112" ec="17" bec="0" bev="0" fileid="1" />
                <SequencePoint vc="3406" uspid="631" ordinal="0" offset="58" sl="113" sc="17" el="113" ec="17" bec="0" bev="0" fileid="1" />
                <SequencePoint vc="3406" uspid="632" ordinal="0" offset="62" sl="110" sc="18" el="110" ec="18" bec="0" bev="0" fileid="1" />
                <SequencePoint vc="4542" uspid="633" ordinal="0" offset="68" sl="109" sc="18" el="109" ec="18" bec="0" bev="0" fileid="1" />
                <SequencePoint vc="1136" uspid="634" ordinal="0" offset="88" sl="116" sc="13" el="116" ec="13" bec="0" bev="0" fileid="1" />
                <SequencePoint vc="1136" uspid="635" ordinal="0" offset="98" sl="102" sc="46" el="102" ec="46" bec="0" bev="0" fileid="1" />
                <SequencePoint vc="1137" uspid="636" ordinal="0" offset="102" sl="102" sc="25" el="102" ec="25" bec="0" bev="0" fileid="1" />
                <SequencePoint vc="1" uspid="637" ordinal="0" offset="111" sl="119" sc="9" el="119" ec="9" bec="0" bev="0" fileid="1" />
              </SequencePoints>
              <BranchPoints />
            </Method>
            <Method visited="true" cyclomaticComplexity="0" nPathComplexity="0" sequenceCoverage="97.30" branchCoverage="0" crapScore="0" isConstructor="false" isStatic="true" isGetter="false" isSetter="false">
              <Summary numSequencePoints="37" visitedSequencePoints="36" numBranchPoints="0" visitedBranchPoints="0" sequenceCoverage="97.30" branchCoverage="0" maxCyclomaticComplexity="0" minCyclomaticComplexity="0" maxCrapScore="0" minCrapScore="0" visitedClasses="0" numClasses="0" visitedMethods="1" numMethods="1" />
              <MetadataToken>100663330</MetadataToken>
              <Name>static System.Collections.Generic.List[ValueTuple`3] CornerDetector::FindCornerRegions(System.Collections.Generic.List[Single])</Name>
              <FileRef uid="1" />
              <SequencePoints>
                <SequencePoint vc="1" uspid="638" ordinal="0" offset="0" sl="124" sc="9" el="124" ec="9" bec="0" bev="0" fileid="1" />
                <SequencePoint vc="1" uspid="639" ordinal="0" offset="6" sl="126" sc="9" el="126" ec="9" bec="0" bev="0" fileid="1" />
                <SequencePoint vc="309" uspid="640" ordinal="0" offset="13" sl="129" sc="13" el="129" ec="13" bec="0" bev="0" fileid="1" />
                <SequencePoint vc="10" uspid="641" ordinal="0" offset="32" sl="131" sc="17" el="131" ec="17" bec="0" bev="0" fileid="1" />
                <SequencePoint vc="10" uspid="642" ordinal="0" offset="36" sl="132" sc="17" el="132" ec="17" bec="0" bev="0" fileid="1" />
                <SequencePoint vc="299" uspid="643" ordinal="0" offset="41" sl="135" sc="13" el="135" ec="13" bec="0" bev="0" fileid="1" />
                <SequencePoint vc="299" uspid="644" ordinal="0" offset="43" sl="136" sc="13" el="136" ec="13" bec="0" bev="0" fileid="1" />
                <SequencePoint vc="299" uspid="645" ordinal="0" offset="51" sl="137" sc="13" el="137" ec="13" bec="0" bev="0" fileid="1" />
                <SequencePoint vc="299" uspid="646" ordinal="0" offset="59" sl="138" sc="13" el="138" ec="13" bec="0" bev="0" fileid="1" />
                <SequencePoint vc="299" uspid="647" ordinal="0" offset="69" sl="140" sc="13" el="140" ec="13" bec="0" bev="0" fileid="1" />
                <SequencePoint vc="1125" uspid="648" ordinal="0" offset="78" sl="145" sc="17" el="145" ec="17" bec="0" bev="0" fileid="1" />
                <SequencePoint vc="1125" uspid="649" ordinal="0" offset="87" sl="146" sc="17" el="146" ec="17" bec="0" bev="0" fileid="1" />
                <SequencePoint vc="1125" uspid="650" ordinal="0" offset="98" sl="148" sc="17" el="148" ec="17" bec="0" bev="0" fileid="1" />
                <SequencePoint vc="1125" uspid="651" ordinal="0" offset="101" sl="150" sc="17" el="150" ec="17" bec="0" bev="0" fileid="1" />
                <SequencePoint vc="228" uspid="652" ordinal="0" offset="121" sl="152" sc="21" el="152" ec="21" bec="0" bev="0" fileid="1" />
                <SequencePoint vc="897" uspid="653" ordinal="0" offset="126" sl="154" sc="22" el="154" ec="22" bec="0" bev="0" fileid="1" />
                <SequencePoint vc="586" uspid="654" ordinal="0" offset="149" sl="156" sc="21" el="156" ec="21" bec="0" bev="0" fileid="1" />
                <SequencePoint vc="311" uspid="655" ordinal="0" offset="154" sl="158" sc="22" el="158" ec="22" bec="0" bev="0" fileid="1" />
                <SequencePoint vc="0" uspid="656" ordinal="0" offset="183" sl="160" sc="21" el="160" ec="21" bec="0" bev="0" fileid="1" />
                <SequencePoint vc="1125" uspid="657" ordinal="0" offset="186" sl="163" sc="17" el="163" ec="17" bec="0" bev="0" fileid="1" />
                <SequencePoint vc="814" uspid="658" ordinal="0" offset="190" sl="165" sc="21" el="165" ec="21" bec="0" bev="0" fileid="1" />
                <SequencePoint vc="814" uspid="659" ordinal="0" offset="195" sl="166" sc="21" el="166" ec="21" bec="0" bev="0" fileid="1" />
                <SequencePoint vc="814" uspid="660" ordinal="0" offset="203" sl="167" sc="21" el="167" ec="21" bec="0" bev="0" fileid="1" />
                <SequencePoint vc="311" uspid="661" ordinal="0" offset="209" sl="171" sc="21" el="171" ec="21" bec="0" bev="0" fileid="1" />
                <SequencePoint vc="311" uspid="662" ordinal="0" offset="212" sl="172" sc="21" el="172" ec="21" bec="0" bev="0" fileid="1" />
                <SequencePoint vc="24" uspid="663" ordinal="0" offset="217" sl="175" sc="25" el="175" ec="25" bec="0" bev="0" fileid="1" />
                <SequencePoint vc="24" uspid="664" ordinal="0" offset="223" sl="176" sc="25" el="176" ec="25" bec="0" bev="0" fileid="1" />
                <SequencePoint vc="335" uspid="665" ordinal="0" offset="229" sl="173" sc="21" el="173" ec="21" bec="0" bev="0" fileid="1" />
                <SequencePoint vc="311" uspid="666" ordinal="0" offset="266" sl="179" sc="21" el="179" ec="21" bec="0" bev="0" fileid="1" />
                <SequencePoint vc="13" uspid="667" ordinal="0" offset="285" sl="186" sc="25" el="186" ec="25" bec="0" bev="0" fileid="1" />
                <SequencePoint vc="13" uspid="668" ordinal="0" offset="290" sl="187" sc="25" el="187" ec="25" bec="0" bev="0" fileid="1" />
                <SequencePoint vc="13" uspid="669" ordinal="0" offset="298" sl="188" sc="25" el="188" ec="25" bec="0" bev="0" fileid="1" />
                <SequencePoint vc="1126" uspid="670" ordinal="0" offset="302" sl="143" sc="13" el="143" ec="13" bec="0" bev="0" fileid="1" />
                <SequencePoint vc="299" uspid="671" ordinal="0" offset="314" sl="193" sc="13" el="193" ec="13" bec="0" bev="0" fileid="1" />
                <SequencePoint vc="241" uspid="672" ordinal="0" offset="327" sl="195" sc="17" el="195" ec="17" bec="0" bev="0" fileid="1" />
                <SequencePoint vc="310" uspid="673" ordinal="0" offset="343" sl="127" sc="9" el="127" ec="9" bec="0" bev="0" fileid="1" />
                <SequencePoint vc="1" uspid="674" ordinal="0" offset="355" sl="199" sc="9" el="199" ec="9" bec="0" bev="0" fileid="1" />
              </SequencePoints>
              <BranchPoints />
            </Method>
            <Method visited="true" cyclomaticComplexity="0" nPathComplexity="0" sequenceCoverage="100.0" branchCoverage="0" crapScore="0" isConstructor="false" isStatic="true" isGetter="false" isSetter="false">
              <Summary numSequencePoints="5" visitedSequencePoints="5" numBranchPoints="0" visitedBranchPoints="0" sequenceCoverage="100.0" branchCoverage="0" maxCyclomaticComplexity="0" minCyclomaticComplexity="0" maxCrapScore="0" minCrapScore="0" visitedClasses="0" numClasses="0" visitedMethods="1" numMethods="1" />
              <MetadataToken>100663331</MetadataToken>
              <Name>static System.Numerics.Vector2 CornerDetector::GetMidDirection(System.Collections.Generic.List[ValueTuple`2], System.Int32, System.Int32)</Name>
              <FileRef uid="1" />
              <SequencePoints>
                <SequencePoint vc="1137" uspid="675" ordinal="0" offset="0" sl="204" sc="9" el="204" ec="9" bec="0" bev="0" fileid="1" />
                <SequencePoint vc="1137" uspid="676" ordinal="0" offset="40" sl="205" sc="9" el="205" ec="9" bec="0" bev="0" fileid="1" />
                <SequencePoint vc="1137" uspid="677" ordinal="0" offset="79" sl="206" sc="9" el="206" ec="9" bec="0" bev="0" fileid="1" />
                <SequencePoint vc="1137" uspid="678" ordinal="0" offset="86" sl="208" sc="9" el="208" ec="9" bec="0" bev="0" fileid="1" />
                <SequencePoint vc="1137" uspid="679" ordinal="0" offset="94" sl="209" sc="9" el="209" ec="9" bec="0" bev="0" fileid="1" />
              </SequencePoints>
              <BranchPoints />
            </Method>
            <Method visited="true" cyclomaticComplexity="0" nPathComplexity="0" sequenceCoverage="88.89" branchCoverage="0" crapScore="0" isConstructor="false" isStatic="true" isGetter="false" isSetter="false">
              <Summary numSequencePoints="9" visitedSequencePoints="8" numBranchPoints="0" visitedBranchPoints="0" sequenceCoverage="88.89" branchCoverage="0" maxCyclomaticComplexity="0" minCyclomaticComplexity="0" maxCrapScore="0" minCrapScore="0" visitedClasses="0" numClasses="0" visitedMethods="1" numMethods="1" />
              <MetadataToken>100663332</MetadataToken>
              <Name>static System.Boolean CornerDetector::IsValidCorner(System.Collections.Generic.List[ValueTuple`2], System.Int32, System.Int32, System.Single)</Name>
              <FileRef uid="1" />
              <SequencePoints>
                <SequencePoint vc="241" uspid="680" ordinal="0" offset="0" sl="216" sc="9" el="216" ec="9" bec="0" bev="0" fileid="1" />
                <SequencePoint vc="233" uspid="681" ordinal="0" offset="13" sl="217" sc="13" el="217" ec="13" bec="0" bev="0" fileid="1" />
                <SequencePoint vc="8" uspid="682" ordinal="0" offset="15" sl="220" sc="9" el="220" ec="9" bec="0" bev="0" fileid="1" />
                <SequencePoint vc="8" uspid="683" ordinal="0" offset="20" sl="221" sc="9" el="221" ec="9" bec="0" bev="0" fileid="1" />
                <SequencePoint vc="1" uspid="684" ordinal="0" offset="23" sl="222" sc="13" el="222" ec="13" bec="0" bev="0" fileid="1" />
                <SequencePoint vc="7" uspid="685" ordinal="0" offset="25" sl="225" sc="9" el="225" ec="9" bec="0" bev="0" fileid="1" />
                <SequencePoint vc="7" uspid="686" ordinal="0" offset="33" sl="226" sc="9" el="226" ec="9" bec="0" bev="0" fileid="1" />
                <SequencePoint vc="0" uspid="687" ordinal="0" offset="40" sl="227" sc="13" el="227" ec="13" bec="0" bev="0" fileid="1" />
                <SequencePoint vc="7" uspid="688" ordinal="0" offset="42" sl="229" sc="9" el="229" ec="9" bec="0" bev="0" fileid="1" />
              </SequencePoints>
              <BranchPoints />
            </Method>
            <Method visited="true" cyclomaticComplexity="0" nPathComplexity="0" sequenceCoverage="100.0" branchCoverage="0" crapScore="0" isConstructor="false" isStatic="true" isGetter="false" isSetter="false">
              <Summary numSequencePoints="8" visitedSequencePoints="8" numBranchPoints="0" visitedBranchPoints="0" sequenceCoverage="100.0" branchCoverage="0" maxCyclomaticComplexity="0" minCyclomaticComplexity="0" maxCrapScore="0" minCrapScore="0" visitedClasses="0" numClasses="0" visitedMethods="1" numMethods="1" />
              <MetadataToken>100663333</MetadataToken>
              <Name>static System.Single CornerDetector::CalculateCornerLength(System.Collections.Generic.List[ValueTuple`2], System.Int32, System.Int32)</Name>
              <FileRef uid="1" />
              <SequencePoints>
                <SequencePoint vc="7" uspid="689" ordinal="0" offset="0" sl="235" sc="9" el="235" ec="9" bec="0" bev="0" fileid="1" />
                <SequencePoint vc="7" uspid="690" ordinal="0" offset="6" sl="237" sc="14" el="237" ec="14" bec="0" bev="0" fileid="1" />
                <SequencePoint vc="107" uspid="691" ordinal="0" offset="10" sl="239" sc="13" el="239" ec="13" bec="0" bev="0" fileid="1" />
                <SequencePoint vc="107" uspid="692" ordinal="0" offset="50" sl="240" sc="13" el="240" ec="13" bec="0" bev="0" fileid="1" />
                <SequencePoint vc="107" uspid="693" ordinal="0" offset="94" sl="241" sc="13" el="241" ec="13" bec="0" bev="0" fileid="1" />
                <SequencePoint vc="107" uspid="694" ordinal="0" offset="104" sl="237" sc="71" el="237" ec="71" bec="0" bev="0" fileid="1" />
                <SequencePoint vc="114" uspid="695" ordinal="0" offset="108" sl="237" sc="34" el="237" ec="34" bec="0" bev="0" fileid="1" />
                <SequencePoint vc="7" uspid="696" ordinal="0" offset="123" sl="244" sc="9" el="244" ec="9" bec="0" bev="0" fileid="1" />
              </SequencePoints>
              <BranchPoints />
            </Method>
            <Method visited="true" cyclomaticComplexity="0" nPathComplexity="0" sequenceCoverage="100.0" branchCoverage="0" crapScore="0" isConstructor="false" isStatic="true" isGetter="false" isSetter="false">
              <Summary numSequencePoints="1" visitedSequencePoints="1" numBranchPoints="0" visitedBranchPoints="0" sequenceCoverage="100.0" branchCoverage="0" maxCyclomaticComplexity="0" minCyclomaticComplexity="0" maxCrapScore="0" minCrapScore="0" visitedClasses="0" numClasses="0" visitedMethods="1" numMethods="1" />
              <MetadataToken>100663334</MetadataToken>
              <Name>static CornerDetector/CornerSegment CornerDetector::CreateCornerSegment(System.Collections.Generic.List[ValueTuple`2], System.Int32, System.Int32, System.Single)</Name>
              <FileRef uid="1" />
              <SequencePoints>
                <SequencePoint vc="7" uspid="697" ordinal="0" offset="0" sl="250" sc="9" el="250" ec="9" bec="0" bev="0" fileid="1" />
              </SequencePoints>
              <BranchPoints />
            </Method>
          </Methods>
        </Class>
        <Class>
          <Summary numSequencePoints="47" visitedSequencePoints="46" numBranchPoints="0" visitedBranchPoints="0" sequenceCoverage="97.87" branchCoverage="0.0" maxCyclomaticComplexity="0" minCyclomaticComplexity="0" maxCrapScore="0" minCrapScore="0" visitedClasses="1" numClasses="1" visitedMethods="10" numMethods="10" />
          <FullName>EdgeData</FullName>
          <Methods>
            <Method visited="true" cyclomaticComplexity="0" nPathComplexity="0" sequenceCoverage="100.0" branchCoverage="0" crapScore="0" isConstructor="false" isStatic="false" isGetter="true" isSetter="false">
              <Summary numSequencePoints="1" visitedSequencePoints="1" numBranchPoints="0" visitedBranchPoints="0" sequenceCoverage="100.0" branchCoverage="0" maxCyclomaticComplexity="0" minCyclomaticComplexity="0" maxCrapScore="0" minCrapScore="0" visitedClasses="0" numClasses="0" visitedMethods="1" numMethods="1" />
              <MetadataToken>100663336</MetadataToken>
              <Name>System.Collections.Generic.List[Vector2] EdgeData::get_OuterBoundary()</Name>
              <FileRef uid="2" />
              <SequencePoints>
                <SequencePoint vc="6067" uspid="698" ordinal="0" offset="0" sl="9" sc="42" el="9" ec="42" bec="0" bev="0" fileid="2" />
              </SequencePoints>
              <BranchPoints />
            </Method>
            <Method visited="true" cyclomaticComplexity="0" nPathComplexity="0" sequenceCoverage="100.0" branchCoverage="0" crapScore="0" isConstructor="false" isStatic="false" isGetter="false" isSetter="true">
              <Summary numSequencePoints="1" visitedSequencePoints="1" numBranchPoints="0" visitedBranchPoints="0" sequenceCoverage="100.0" branchCoverage="0" maxCyclomaticComplexity="0" minCyclomaticComplexity="0" maxCrapScore="0" minCrapScore="0" visitedClasses="0" numClasses="0" visitedMethods="1" numMethods="1" />
              <MetadataToken>100663337</MetadataToken>
              <Name>System.Void EdgeData::set_OuterBoundary(System.Collections.Generic.List[Vector2])</Name>
              <FileRef uid="2" />
              <SequencePoints>
                <SequencePoint vc="1" uspid="699" ordinal="0" offset="0" sl="9" sc="47" el="9" ec="47" bec="0" bev="0" fileid="2" />
              </SequencePoints>
              <BranchPoints />
            </Method>
            <Method visited="true" cyclomaticComplexity="0" nPathComplexity="0" sequenceCoverage="100.0" branchCoverage="0" crapScore="0" isConstructor="false" isStatic="false" isGetter="true" isSetter="false">
              <Summary numSequencePoints="1" visitedSequencePoints="1" numBranchPoints="0" visitedBranchPoints="0" sequenceCoverage="100.0" branchCoverage="0" maxCyclomaticComplexity="0" minCyclomaticComplexity="0" maxCrapScore="0" minCrapScore="0" visitedClasses="0" numClasses="0" visitedMethods="1" numMethods="1" />
              <MetadataToken>100663338</MetadataToken>
              <Name>System.Collections.Generic.List[Vector2] EdgeData::get_InnerBoundary()</Name>
              <FileRef uid="2" />
              <SequencePoints>
                <SequencePoint vc="5700" uspid="700" ordinal="0" offset="0" sl="10" sc="42" el="10" ec="42" bec="0" bev="0" fileid="2" />
              </SequencePoints>
              <BranchPoints />
            </Method>
            <Method visited="true" cyclomaticComplexity="0" nPathComplexity="0" sequenceCoverage="100.0" branchCoverage="0" crapScore="0" isConstructor="false" isStatic="false" isGetter="false" isSetter="true">
              <Summary numSequencePoints="1" visitedSequencePoints="1" numBranchPoints="0" visitedBranchPoints="0" sequenceCoverage="100.0" branchCoverage="0" maxCyclomaticComplexity="0" minCyclomaticComplexity="0" maxCrapScore="0" minCrapScore="0" visitedClasses="0" numClasses="0" visitedMethods="1" numMethods="1" />
              <MetadataToken>100663339</MetadataToken>
              <Name>System.Void EdgeData::set_InnerBoundary(System.Collections.Generic.List[Vector2])</Name>
              <FileRef uid="2" />
              <SequencePoints>
                <SequencePoint vc="1" uspid="701" ordinal="0" offset="0" sl="10" sc="47" el="10" ec="47" bec="0" bev="0" fileid="2" />
              </SequencePoints>
              <BranchPoints />
            </Method>
            <Method visited="true" cyclomaticComplexity="0" nPathComplexity="0" sequenceCoverage="100.0" branchCoverage="0" crapScore="0" isConstructor="false" isStatic="true" isGetter="false" isSetter="false">
              <Summary numSequencePoints="7" visitedSequencePoints="7" numBranchPoints="0" visitedBranchPoints="0" sequenceCoverage="100.0" branchCoverage="0" maxCyclomaticComplexity="0" minCyclomaticComplexity="0" maxCrapScore="0" minCrapScore="0" visitedClasses="0" numClasses="0" visitedMethods="1" numMethods="1" />
              <MetadataToken>100663340</MetadataToken>
              <Name>static EdgeData EdgeData::LoadFromBinary(System.String)</Name>
              <FileRef uid="2" />
              <SequencePoints>
                <SequencePoint vc="1" uspid="702" ordinal="0" offset="0" sl="14" sc="9" el="14" ec="9" bec="0" bev="0" fileid="2" />
                <SequencePoint vc="1" uspid="703" ordinal="0" offset="6" sl="16" sc="16" el="16" ec="16" bec="0" bev="0" fileid="2" />
                <SequencePoint vc="1" uspid="704" ordinal="0" offset="15" sl="17" sc="16" el="17" ec="16" bec="0" bev="0" fileid="2" />
                <SequencePoint vc="1" uspid="705" ordinal="0" offset="22" sl="19" sc="13" el="19" ec="13" bec="0" bev="0" fileid="2" />
                <SequencePoint vc="1" uspid="706" ordinal="0" offset="34" sl="20" sc="13" el="20" ec="13" bec="0" bev="0" fileid="2" />
                <SequencePoint vc="1" uspid="707" ordinal="0" offset="46" sl="21" sc="9" el="21" ec="9" bec="0" bev="0" fileid="2" />
                <SequencePoint vc="1" uspid="708" ordinal="0" offset="68" sl="23" sc="9" el="23" ec="9" bec="0" bev="0" fileid="2" />
              </SequencePoints>
              <BranchPoints />
            </Method>
            <Method visited="true" cyclomaticComplexity="0" nPathComplexity="0" sequenceCoverage="88.89" branchCoverage="0" crapScore="0" isConstructor="false" isStatic="false" isGetter="false" isSetter="false">
              <Summary numSequencePoints="9" visitedSequencePoints="8" numBranchPoints="0" visitedBranchPoints="0" sequenceCoverage="88.89" branchCoverage="0" maxCyclomaticComplexity="0" minCyclomaticComplexity="0" maxCrapScore="0" minCrapScore="0" visitedClasses="0" numClasses="0" visitedMethods="1" numMethods="1" />
              <MetadataToken>100663342</MetadataToken>
              <Name>System.Single EdgeData::GetAverageTrackWidth()</Name>
              <FileRef uid="2" />
              <SequencePoints>
                <SequencePoint vc="1" uspid="713" ordinal="0" offset="0" sl="38" sc="9" el="38" ec="9" bec="0" bev="0" fileid="2" />
                <SequencePoint vc="1" uspid="714" ordinal="0" offset="28" sl="39" sc="9" el="39" ec="9" bec="0" bev="0" fileid="2" />
                <SequencePoint vc="0" uspid="715" ordinal="0" offset="31" sl="39" sc="25" el="39" ec="25" bec="0" bev="0" fileid="2" />
                <SequencePoint vc="1" uspid="716" ordinal="0" offset="37" sl="41" sc="9" el="41" ec="9" bec="0" bev="0" fileid="2" />
                <SequencePoint vc="1" uspid="717" ordinal="0" offset="43" sl="42" sc="14" el="42" ec="14" bec="0" bev="0" fileid="2" />
                <SequencePoint vc="1138" uspid="718" ordinal="0" offset="47" sl="44" sc="13" el="44" ec="13" bec="0" bev="0" fileid="2" />
                <SequencePoint vc="1138" uspid="719" ordinal="0" offset="79" sl="42" sc="36" el="42" ec="36" bec="0" bev="0" fileid="2" />
                <SequencePoint vc="1139" uspid="720" ordinal="0" offset="83" sl="42" sc="25" el="42" ec="25" bec="0" bev="0" fileid="2" />
                <SequencePoint vc="1" uspid="721" ordinal="0" offset="87" sl="47" sc="9" el="47" ec="9" bec="0" bev="0" fileid="2" />
              </SequencePoints>
              <BranchPoints />
            </Method>
            <Method visited="true" cyclomaticComplexity="0" nPathComplexity="0" sequenceCoverage="100.0" branchCoverage="0" crapScore="0" isConstructor="false" isStatic="false" isGetter="false" isSetter="false">
              <Summary numSequencePoints="7" visitedSequencePoints="7" numBranchPoints="0" visitedBranchPoints="0" sequenceCoverage="100.0" branchCoverage="0" maxCyclomaticComplexity="0" minCyclomaticComplexity="0" maxCrapScore="0" minCrapScore="0" visitedClasses="0" numClasses="0" visitedMethods="1" numMethods="1" />
              <MetadataToken>100663343</MetadataToken>
              <Name>System.Numerics.Vector2 EdgeData::GetCenter()</Name>
              <FileRef uid="2" />
              <SequencePoints>
                <SequencePoint vc="1" uspid="722" ordinal="0" offset="0" sl="52" sc="9" el="52" ec="9" bec="0" bev="0" fileid="2" />
                <SequencePoint vc="1" uspid="723" ordinal="0" offset="28" sl="53" sc="9" el="53" ec="9" bec="0" bev="0" fileid="2" />
                <SequencePoint vc="1" uspid="724" ordinal="0" offset="34" sl="55" sc="14" el="55" ec="14" bec="0" bev="0" fileid="2" />
                <SequencePoint vc="1138" uspid="725" ordinal="0" offset="38" sl="57" sc="13" el="57" ec="13" bec="0" bev="0" fileid="2" />
                <SequencePoint vc="1138" uspid="726" ordinal="0" offset="84" sl="55" sc="36" el="55" ec="36" bec="0" bev="0" fileid="2" />
                <SequencePoint vc="1139" uspid="727" ordinal="0" offset="88" sl="55" sc="25" el="55" ec="25" bec="0" bev="0" fileid="2" />
                <SequencePoint vc="1" uspid="728" ordinal="0" offset="92" sl="60" sc="9" el="60" ec="9" bec="0" bev="0" fileid="2" />
              </SequencePoints>
              <BranchPoints />
            </Method>
            <Method visited="true" cyclomaticComplexity="0" nPathComplexity="0" sequenceCoverage="100.0" branchCoverage="0" crapScore="0" isConstructor="false" isStatic="false" isGetter="false" isSetter="false">
              <Summary numSequencePoints="9" visitedSequencePoints="9" numBranchPoints="0" visitedBranchPoints="0" sequenceCoverage="100.0" branchCoverage="0" maxCyclomaticComplexity="0" minCyclomaticComplexity="0" maxCrapScore="0" minCrapScore="0" visitedClasses="0" numClasses="0" visitedMethods="1" numMethods="1" />
              <MetadataToken>100663344</MetadataToken>
              <Name>System.Void EdgeData::ScaleTrack(System.Numerics.Vector2, System.Single)</Name>
              <FileRef uid="2" />
              <SequencePoints>
                <SequencePoint vc="1" uspid="729" ordinal="0" offset="0" sl="65" sc="14" el="65" ec="14" bec="0" bev="0" fileid="2" />
                <SequencePoint vc="1261" uspid="730" ordinal="0" offset="4" sl="67" sc="13" el="67" ec="13" bec="0" bev="0" fileid="2" />
                <SequencePoint vc="1261" uspid="731" ordinal="0" offset="46" sl="65" sc="50" el="65" ec="50" bec="0" bev="0" fileid="2" />
                <SequencePoint vc="1262" uspid="732" ordinal="0" offset="50" sl="65" sc="25" el="65" ec="25" bec="0" bev="0" fileid="2" />
                <SequencePoint vc="1" uspid="733" ordinal="0" offset="64" sl="70" sc="14" el="70" ec="14" bec="0" bev="0" fileid="2" />
                <SequencePoint vc="1138" uspid="734" ordinal="0" offset="68" sl="72" sc="13" el="72" ec="13" bec="0" bev="0" fileid="2" />
                <SequencePoint vc="1138" uspid="735" ordinal="0" offset="110" sl="70" sc="50" el="70" ec="50" bec="0" bev="0" fileid="2" />
                <SequencePoint vc="1139" uspid="736" ordinal="0" offset="114" sl="70" sc="25" el="70" ec="25" bec="0" bev="0" fileid="2" />
                <SequencePoint vc="1" uspid="737" ordinal="0" offset="128" sl="74" sc="5" el="74" ec="5" bec="0" bev="0" fileid="2" />
              </SequencePoints>
              <BranchPoints />
            </Method>
            <Method visited="true" cyclomaticComplexity="0" nPathComplexity="0" sequenceCoverage="100.0" branchCoverage="0" crapScore="0" isConstructor="false" isStatic="true" isGetter="false" isSetter="false">
              <Summary numSequencePoints="9" visitedSequencePoints="9" numBranchPoints="0" visitedBranchPoints="0" sequenceCoverage="100.0" branchCoverage="0" maxCyclomaticComplexity="0" minCyclomaticComplexity="0" maxCrapScore="0" minCrapScore="0" visitedClasses="0" numClasses="0" visitedMethods="1" numMethods="1" />
              <MetadataToken>100663345</MetadataToken>
              <Name>static System.Collections.Generic.List[Vector2] EdgeData::ReadPoints(System.IO.BinaryReader)</Name>
              <FileRef uid="2" />
              <SequencePoints>
                <SequencePoint vc="2" uspid="738" ordinal="0" offset="0" sl="79" sc="9" el="79" ec="9" bec="0" bev="0" fileid="2" />
                <SequencePoint vc="2" uspid="739" ordinal="0" offset="6" sl="80" sc="9" el="80" ec="9" bec="0" bev="0" fileid="2" />
                <SequencePoint vc="2" uspid="740" ordinal="0" offset="13" sl="82" sc="14" el="82" ec="14" bec="0" bev="0" fileid="2" />
                <SequencePoint vc="2399" uspid="741" ordinal="0" offset="17" sl="84" sc="13" el="84" ec="13" bec="0" bev="0" fileid="2" />
                <SequencePoint vc="2399" uspid="742" ordinal="0" offset="24" sl="85" sc="13" el="85" ec="13" bec="0" bev="0" fileid="2" />
                <SequencePoint vc="2399" uspid="743" ordinal="0" offset="32" sl="86" sc="13" el="86" ec="13" bec="0" bev="0" fileid="2" />
                <SequencePoint vc="2399" uspid="744" ordinal="0" offset="46" sl="82" sc="40" el="82" ec="40" bec="0" bev="0" fileid="2" />
                <SequencePoint vc="2401" uspid="745" ordinal="0" offset="50" sl="82" sc="25" el="82" ec="25" bec="0" bev="0" fileid="2" />
                <SequencePoint vc="2" uspid="746" ordinal="0" offset="54" sl="89" sc="9" el="89" ec="9" bec="0" bev="0" fileid="2" />
              </SequencePoints>
              <BranchPoints />
            </Method>
            <Method visited="true" cyclomaticComplexity="0" nPathComplexity="0" sequenceCoverage="100.0" branchCoverage="0" crapScore="0" isConstructor="true" isStatic="false" isGetter="false" isSetter="false">
              <Summary numSequencePoints="2" visitedSequencePoints="2" numBranchPoints="0" visitedBranchPoints="0" sequenceCoverage="100.0" branchCoverage="0" maxCyclomaticComplexity="0" minCyclomaticComplexity="0" maxCrapScore="0" minCrapScore="0" visitedClasses="0" numClasses="0" visitedMethods="1" numMethods="1" />
              <MetadataToken>100663346</MetadataToken>
              <Name>EdgeData::EdgeData()</Name>
              <FileRef uid="2" />
              <SequencePoints>
                <SequencePoint vc="1" uspid="747" ordinal="0" offset="0" sl="9" sc="64" el="9" ec="64" bec="0" bev="0" fileid="2" />
                <SequencePoint vc="1" uspid="748" ordinal="0" offset="11" sl="10" sc="64" el="10" ec="64" bec="0" bev="0" fileid="2" />
              </SequencePoints>
              <BranchPoints />
            </Method>
          </Methods>
        </Class>
        <Class>
          <Summary numSequencePoints="21" visitedSequencePoints="21" numBranchPoints="0" visitedBranchPoints="0" sequenceCoverage="100.0" branchCoverage="0.0" maxCyclomaticComplexity="0" minCyclomaticComplexity="0" maxCrapScore="0" minCrapScore="0" visitedClasses="1" numClasses="1" visitedMethods="2" numMethods="2" />
          <FullName>Particle</FullName>
          <Methods>
            <Method visited="true" cyclomaticComplexity="0" nPathComplexity="0" sequenceCoverage="100.0" branchCoverage="0" crapScore="0" isConstructor="false" isStatic="false" isGetter="false" isSetter="false">
              <Summary numSequencePoints="9" visitedSequencePoints="9" numBranchPoints="0" visitedBranchPoints="0" sequenceCoverage="100.0" branchCoverage="0" maxCyclomaticComplexity="0" minCyclomaticComplexity="0" maxCrapScore="0" minCrapScore="0" visitedClasses="0" numClasses="0" visitedMethods="1" numMethods="1" />
              <MetadataToken>100663348</MetadataToken>
              <Name>System.Void Particle::Randomize(System.Random)</Name>
              <FileRef uid="3" />
              <SequencePoints>
                <SequencePoint vc="1" uspid="749" ordinal="0" offset="0" sl="29" sc="14" el="29" ec="14" bec="0" bev="0" fileid="3" />
                <SequencePoint vc="708" uspid="750" ordinal="0" offset="4" sl="31" sc="13" el="31" ec="13" bec="0" bev="0" fileid="3" />
                <SequencePoint vc="708" uspid="751" ordinal="0" offset="19" sl="32" sc="13" el="32" ec="13" bec="0" bev="0" fileid="3" />
                <SequencePoint vc="708" uspid="752" ordinal="0" offset="46" sl="33" sc="13" el="33" ec="13" bec="0" bev="0" fileid="3" />
                <SequencePoint vc="708" uspid="753" ordinal="0" offset="62" sl="29" sc="46" el="29" ec="46" bec="0" bev="0" fileid="3" />
                <SequencePoint vc="709" uspid="754" ordinal="0" offset="66" sl="29" sc="25" el="29" ec="25" bec="0" bev="0" fileid="3" />
                <SequencePoint vc="1" uspid="755" ordinal="0" offset="77" sl="35" sc="9" el="35" ec="9" bec="0" bev="0" fileid="3" />
                <SequencePoint vc="1" uspid="756" ordinal="0" offset="88" sl="36" sc="9" el="36" ec="9" bec="0" bev="0" fileid="3" />
                <SequencePoint vc="1" uspid="757" ordinal="0" offset="95" sl="37" sc="5" el="37" ec="5" bec="0" bev="0" fileid="3" />
              </SequencePoints>
              <BranchPoints />
            </Method>
            <Method visited="true" cyclomaticComplexity="0" nPathComplexity="0" sequenceCoverage="100.0" branchCoverage="0" crapScore="0" isConstructor="true" isStatic="false" isGetter="false" isSetter="false">
              <Summary numSequencePoints="12" visitedSequencePoints="12" numBranchPoints="0" visitedBranchPoints="0" sequenceCoverage="100.0" branchCoverage="0" maxCyclomaticComplexity="0" minCyclomaticComplexity="0" maxCrapScore="0" minCrapScore="0" visitedClasses="0" numClasses="0" visitedMethods="1" numMethods="1" />
              <MetadataToken>100663347</MetadataToken>
              <Name>Particle::Particle(System.Int32, System.Random)</Name>
              <FileRef uid="3" />
              <SequencePoints>
                <SequencePoint vc="30" uspid="758" ordinal="0" offset="0" sl="11" sc="5" el="11" ec="5" bec="0" bev="0" fileid="3" />
                <SequencePoint vc="30" uspid="759" ordinal="0" offset="6" sl="13" sc="9" el="13" ec="9" bec="0" bev="0" fileid="3" />
                <SequencePoint vc="30" uspid="760" ordinal="0" offset="18" sl="14" sc="9" el="14" ec="9" bec="0" bev="0" fileid="3" />
                <SequencePoint vc="30" uspid="761" ordinal="0" offset="30" sl="15" sc="9" el="15" ec="9" bec="0" bev="0" fileid="3" />
                <SequencePoint vc="30" uspid="762" ordinal="0" offset="42" sl="17" sc="14" el="17" ec="14" bec="0" bev="0" fileid="3" />
                <SequencePoint vc="21240" uspid="763" ordinal="0" offset="46" sl="19" sc="13" el="19" ec="13" bec="0" bev="0" fileid="3" />
                <SequencePoint vc="21240" uspid="764" ordinal="0" offset="61" sl="20" sc="13" el="20" ec="13" bec="0" bev="0" fileid="3" />
                <SequencePoint vc="21240" uspid="765" ordinal="0" offset="88" sl="21" sc="13" el="21" ec="13" bec="0" bev="0" fileid="3" />
                <SequencePoint vc="21240" uspid="766" ordinal="0" offset="104" sl="17" sc="41" el="17" ec="41" bec="0" bev="0" fileid="3" />
                <SequencePoint vc="21270" uspid="767" ordinal="0" offset="108" sl="17" sc="25" el="17" ec="25" bec="0" bev="0" fileid="3" />
                <SequencePoint vc="30" uspid="768" ordinal="0" offset="112" sl="24" sc="9" el="24" ec="9" bec="0" bev="0" fileid="3" />
                <SequencePoint vc="30" uspid="769" ordinal="0" offset="123" sl="25" sc="5" el="25" ec="5" bec="0" bev="0" fileid="3" />
              </SequencePoints>
              <BranchPoints />
            </Method>
          </Methods>
        </Class>
        <Class>
          <Summary numSequencePoints="154" visitedSequencePoints="134" numBranchPoints="0" visitedBranchPoints="0" sequenceCoverage="87.01" branchCoverage="0.0" maxCyclomaticComplexity="0" minCyclomaticComplexity="0" maxCrapScore="0" minCrapScore="0" visitedClasses="1" numClasses="1" visitedMethods="9" numMethods="9" />
          <FullName>RacelineOptimizer.PSO</FullName>
          <Methods>
            <Method visited="true" cyclomaticComplexity="0" nPathComplexity="0" sequenceCoverage="100.0" branchCoverage="0" crapScore="0" isConstructor="false" isStatic="true" isGetter="false" isSetter="false">
              <Summary numSequencePoints="1" visitedSequencePoints="1" numBranchPoints="0" visitedBranchPoints="0" sequenceCoverage="100.0" branchCoverage="0" maxCyclomaticComplexity="0" minCyclomaticComplexity="0" maxCrapScore="0" minCrapScore="0" visitedClasses="0" numClasses="0" visitedMethods="1" numMethods="1" />
              <MetadataToken>100663563</MetadataToken>
              <Name>static System.Single RacelineOptimizer.PSO::Clamp(System.Single, System.Single, System.Single)</Name>
              <FileRef uid="4" />
              <SequencePoints>
                <SequencePoint vc="8496000" uspid="770" ordinal="0" offset="0" sl="50" sc="13" el="50" ec="13" bec="0" bev="0" fileid="4" />
              </SequencePoints>
              <BranchPoints />
            </Method>
            <Method visited="true" cyclomaticComplexity="0" nPathComplexity="0" sequenceCoverage="90.91" branchCoverage="0" crapScore="0" isConstructor="false" isStatic="true" isGetter="false" isSetter="false">
              <Summary numSequencePoints="11" visitedSequencePoints="10" numBranchPoints="0" visitedBranchPoints="0" sequenceCoverage="90.91" branchCoverage="0" maxCyclomaticComplexity="0" minCyclomaticComplexity="0" maxCrapScore="0" minCrapScore="0" visitedClasses="0" numClasses="0" visitedMethods="1" numMethods="1" />
              <MetadataToken>100663564</MetadataToken>
              <Name>static System.Single RacelineOptimizer.PSO::GetCornerBias(System.Collections.Generic.List[CornerSegment], System.Int32)</Name>
              <FileRef uid="4" />
              <SequencePoints>
                <SequencePoint vc="4269948" uspid="771" ordinal="0" offset="0" sl="55" sc="36" el="55" ec="36" bec="0" bev="0" fileid="4" />
                <SequencePoint vc="10132080" uspid="772" ordinal="0" offset="12" sl="55" sc="22" el="55" ec="22" bec="0" bev="0" fileid="4" />
                <SequencePoint vc="10132080" uspid="773" ordinal="0" offset="20" sl="57" sc="17" el="57" ec="17" bec="0" bev="0" fileid="4" />
                <SequencePoint vc="4269948" uspid="774" ordinal="0" offset="30" sl="60" sc="17" el="60" ec="17" bec="0" bev="0" fileid="4" />
                <SequencePoint vc="4269948" uspid="775" ordinal="0" offset="59" sl="61" sc="17" el="61" ec="17" bec="0" bev="0" fileid="4" />
                <SequencePoint vc="4269948" uspid="776" ordinal="0" offset="101" sl="64" sc="17" el="64" ec="17" bec="0" bev="0" fileid="4" />
                <SequencePoint vc="4269948" uspid="777" ordinal="0" offset="112" sl="65" sc="17" el="65" ec="17" bec="0" bev="0" fileid="4" />
                <SequencePoint vc="4269948" uspid="778" ordinal="0" offset="121" sl="67" sc="17" el="67" ec="17" bec="0" bev="0" fileid="4" />
                <SequencePoint vc="10132080" uspid="779" ordinal="0" offset="150" sl="55" sc="33" el="55" ec="33" bec="0" bev="0" fileid="4" />
                <SequencePoint vc="0" uspid="780" ordinal="0" offset="178" sl="72" sc="13" el="72" ec="13" bec="0" bev="0" fileid="4" />
                <SequencePoint vc="4269948" uspid="781" ordinal="0" offset="184" sl="73" sc="9" el="73" ec="9" bec="0" bev="0" fileid="4" />
              </SequencePoints>
              <BranchPoints />
            </Method>
            <Method visited="true" cyclomaticComplexity="0" nPathComplexity="0" sequenceCoverage="100.0" branchCoverage="0" crapScore="0" isConstructor="false" isStatic="false" isGetter="false" isSetter="false">
              <Summary numSequencePoints="15" visitedSequencePoints="15" numBranchPoints="0" visitedBranchPoints="0" sequenceCoverage="100.0" branchCoverage="0" maxCyclomaticComplexity="0" minCyclomaticComplexity="0" maxCrapScore="0" minCrapScore="0" visitedClasses="0" numClasses="0" visitedMethods="1" numMethods="1" />
              <MetadataToken>100663565</MetadataToken>
              <Name>System.Single RacelineOptimizer.PSO::CalculateCorneringCost(System.Collections.Generic.List[ValueTuple`2], System.Collections.Generic.List[CornerSegment], System.Single[])</Name>
              <FileRef uid="4" />
              <SequencePoints>
                <SequencePoint vc="6031" uspid="782" ordinal="0" offset="0" sl="77" sc="13" el="77" ec="13" bec="0" bev="0" fileid="4" />
                <SequencePoint vc="6031" uspid="783" ordinal="0" offset="6" sl="78" sc="18" el="78" ec="18" bec="0" bev="0" fileid="4" />
                <SequencePoint vc="4269948" uspid="784" ordinal="0" offset="10" sl="80" sc="17" el="80" ec="17" bec="0" bev="0" fileid="4" />
                <SequencePoint vc="4269948" uspid="785" ordinal="0" offset="18" sl="81" sc="17" el="81" ec="17" bec="0" bev="0" fileid="4" />
                <SequencePoint vc="4269948" uspid="786" ordinal="0" offset="22" sl="83" sc="17" el="83" ec="17" bec="0" bev="0" fileid="4" />
                <SequencePoint vc="4101080" uspid="787" ordinal="0" offset="30" sl="85" sc="21" el="85" ec="21" bec="0" bev="0" fileid="4" />
                <SequencePoint vc="2093196" uspid="788" ordinal="0" offset="40" sl="87" sc="25" el="87" ec="25" bec="0" bev="0" fileid="4" />
                <SequencePoint vc="2007884" uspid="789" ordinal="0" offset="60" sl="91" sc="25" el="91" ec="25" bec="0" bev="0" fileid="4" />
                <SequencePoint vc="168868" uspid="790" ordinal="0" offset="80" sl="94" sc="22" el="94" ec="22" bec="0" bev="0" fileid="4" />
                <SequencePoint vc="162837" uspid="791" ordinal="0" offset="88" sl="96" sc="21" el="96" ec="21" bec="0" bev="0" fileid="4" />
                <SequencePoint vc="87418" uspid="792" ordinal="0" offset="98" sl="98" sc="25" el="98" ec="25" bec="0" bev="0" fileid="4" />
                <SequencePoint vc="75419" uspid="793" ordinal="0" offset="112" sl="102" sc="25" el="102" ec="25" bec="0" bev="0" fileid="4" />
                <SequencePoint vc="4269948" uspid="794" ordinal="0" offset="124" sl="78" sc="46" el="78" ec="46" bec="0" bev="0" fileid="4" />
                <SequencePoint vc="4275979" uspid="795" ordinal="0" offset="128" sl="78" sc="29" el="78" ec="29" bec="0" bev="0" fileid="4" />
                <SequencePoint vc="6031" uspid="796" ordinal="0" offset="137" sl="106" sc="13" el="106" ec="13" bec="0" bev="0" fileid="4" />
              </SequencePoints>
              <BranchPoints />
            </Method>
            <Method visited="true" cyclomaticComplexity="0" nPathComplexity="0" sequenceCoverage="94.44" branchCoverage="0" crapScore="0" isConstructor="false" isStatic="false" isGetter="false" isSetter="false">
              <Summary numSequencePoints="18" visitedSequencePoints="17" numBranchPoints="0" visitedBranchPoints="0" sequenceCoverage="94.44" branchCoverage="0" maxCyclomaticComplexity="0" minCyclomaticComplexity="0" maxCrapScore="0" minCrapScore="0" visitedClasses="0" numClasses="0" visitedMethods="1" numMethods="1" />
              <MetadataToken>100663566</MetadataToken>
              <Name>System.Single RacelineOptimizer.PSO::CalculateSmoothnessCost(System.Collections.Generic.List[Vector2])</Name>
              <FileRef uid="4" />
              <SequencePoints>
                <SequencePoint vc="6031" uspid="797" ordinal="0" offset="0" sl="112" sc="13" el="112" ec="13" bec="0" bev="0" fileid="4" />
                <SequencePoint vc="6031" uspid="798" ordinal="0" offset="6" sl="113" sc="13" el="113" ec="13" bec="0" bev="0" fileid="4" />
                <SequencePoint vc="6031" uspid="799" ordinal="0" offset="13" sl="114" sc="13" el="114" ec="13" bec="0" bev="0" fileid="4" />
                <SequencePoint vc="0" uspid="800" ordinal="0" offset="17" sl="114" sc="28" el="114" ec="28" bec="0" bev="0" fileid="4" />
                <SequencePoint vc="6031" uspid="801" ordinal="0" offset="23" sl="116" sc="18" el="116" ec="18" bec="0" bev="0" fileid="4" />
                <SequencePoint vc="4257886" uspid="802" ordinal="0" offset="27" sl="118" sc="17" el="118" ec="17" bec="0" bev="0" fileid="4" />
                <SequencePoint vc="4257886" uspid="803" ordinal="0" offset="37" sl="119" sc="17" el="119" ec="17" bec="0" bev="0" fileid="4" />
                <SequencePoint vc="4257886" uspid="804" ordinal="0" offset="46" sl="120" sc="17" el="120" ec="17" bec="0" bev="0" fileid="4" />
                <SequencePoint vc="4257886" uspid="805" ordinal="0" offset="57" sl="122" sc="17" el="122" ec="17" bec="0" bev="0" fileid="4" />
                <SequencePoint vc="4257886" uspid="806" ordinal="0" offset="70" sl="123" sc="17" el="123" ec="17" bec="0" bev="0" fileid="4" />
                <SequencePoint vc="4257886" uspid="807" ordinal="0" offset="86" sl="125" sc="17" el="125" ec="17" bec="0" bev="0" fileid="4" />
                <SequencePoint vc="4257886" uspid="808" ordinal="0" offset="93" sl="126" sc="17" el="126" ec="17" bec="0" bev="0" fileid="4" />
                <SequencePoint vc="4257886" uspid="809" ordinal="0" offset="108" sl="128" sc="17" el="128" ec="17" bec="0" bev="0" fileid="4" />
                <SequencePoint vc="4257886" uspid="810" ordinal="0" offset="113" sl="130" sc="17" el="130" ec="17" bec="0" bev="0" fileid="4" />
                <SequencePoint vc="4257886" uspid="811" ordinal="0" offset="124" sl="131" sc="17" el="131" ec="17" bec="0" bev="0" fileid="4" />
                <SequencePoint vc="4257886" uspid="812" ordinal="0" offset="132" sl="116" sc="44" el="116" ec="44" bec="0" bev="0" fileid="4" />
                <SequencePoint vc="4263917" uspid="813" ordinal="0" offset="136" sl="116" sc="29" el="116" ec="29" bec="0" bev="0" fileid="4" />
                <SequencePoint vc="6031" uspid="814" ordinal="0" offset="142" sl="134" sc="13" el="134" ec="13" bec="0" bev="0" fileid="4" />
              </SequencePoints>
              <BranchPoints />
            </Method>
            <Method visited="true" cyclomaticComplexity="0" nPathComplexity="0" sequenceCoverage="100.0" branchCoverage="0" crapScore="0" isConstructor="false" isStatic="false" isGetter="false" isSetter="false">
              <Summary numSequencePoints="6" visitedSequencePoints="6" numBranchPoints="0" visitedBranchPoints="0" sequenceCoverage="100.0" branchCoverage="0" maxCyclomaticComplexity="0" minCyclomaticComplexity="0" maxCrapScore="0" minCrapScore="0" visitedClasses="0" numClasses="0" visitedMethods="1" numMethods="1" />
              <MetadataToken>100663567</MetadataToken>
              <Name>System.Single RacelineOptimizer.PSO::EvaluateDistanceCost(System.Collections.Generic.List[Vector2])</Name>
              <FileRef uid="4" />
              <SequencePoints>
                <SequencePoint vc="6031" uspid="815" ordinal="0" offset="0" sl="139" sc="13" el="139" ec="13" bec="0" bev="0" fileid="4" />
                <SequencePoint vc="6031" uspid="816" ordinal="0" offset="6" sl="140" sc="18" el="140" ec="18" bec="0" bev="0" fileid="4" />
                <SequencePoint vc="4263917" uspid="817" ordinal="0" offset="10" sl="142" sc="17" el="142" ec="17" bec="0" bev="0" fileid="4" />
                <SequencePoint vc="4263917" uspid="818" ordinal="0" offset="34" sl="140" sc="45" el="140" ec="45" bec="0" bev="0" fileid="4" />
                <SequencePoint vc="4269948" uspid="819" ordinal="0" offset="38" sl="140" sc="29" el="140" ec="29" bec="0" bev="0" fileid="4" />
                <SequencePoint vc="6031" uspid="820" ordinal="0" offset="47" sl="144" sc="13" el="144" ec="13" bec="0" bev="0" fileid="4" />
              </SequencePoints>
              <BranchPoints />
            </Method>
            <Method visited="true" cyclomaticComplexity="0" nPathComplexity="0" sequenceCoverage="100.0" branchCoverage="0" crapScore="0" isConstructor="false" isStatic="false" isGetter="false" isSetter="false">
              <Summary numSequencePoints="11" visitedSequencePoints="11" numBranchPoints="0" visitedBranchPoints="0" sequenceCoverage="100.0" branchCoverage="0" maxCyclomaticComplexity="0" minCyclomaticComplexity="0" maxCrapScore="0" minCrapScore="0" visitedClasses="0" numClasses="0" visitedMethods="1" numMethods="1" />
              <MetadataToken>100663568</MetadataToken>
              <Name>System.Single RacelineOptimizer.PSO::EvaluateCost(System.Collections.Generic.List[ValueTuple`2], System.Single[], System.Collections.Generic.List[CornerSegment])</Name>
              <FileRef uid="4" />
              <SequencePoints>
                <SequencePoint vc="6031" uspid="821" ordinal="0" offset="0" sl="149" sc="13" el="149" ec="13" bec="0" bev="0" fileid="4" />
                <SequencePoint vc="6031" uspid="822" ordinal="0" offset="12" sl="150" sc="18" el="150" ec="18" bec="0" bev="0" fileid="4" />
                <SequencePoint vc="4269948" uspid="823" ordinal="0" offset="17" sl="151" sc="17" el="151" ec="17" bec="0" bev="0" fileid="4" />
                <SequencePoint vc="4269948" uspid="824" ordinal="0" offset="58" sl="150" sc="46" el="150" ec="46" bec="0" bev="0" fileid="4" />
                <SequencePoint vc="4275979" uspid="825" ordinal="0" offset="64" sl="150" sc="29" el="150" ec="29" bec="0" bev="0" fileid="4" />
                <SequencePoint vc="6031" uspid="826" ordinal="0" offset="74" sl="153" sc="13" el="153" ec="13" bec="0" bev="0" fileid="4" />
                <SequencePoint vc="6031" uspid="827" ordinal="0" offset="79" sl="154" sc="13" el="154" ec="13" bec="0" bev="0" fileid="4" />
                <SequencePoint vc="6031" uspid="828" ordinal="0" offset="89" sl="155" sc="13" el="155" ec="13" bec="0" bev="0" fileid="4" />
                <SequencePoint vc="6031" uspid="829" ordinal="0" offset="97" sl="156" sc="13" el="156" ec="13" bec="0" bev="0" fileid="4" />
                <SequencePoint vc="6031" uspid="830" ordinal="0" offset="105" sl="157" sc="13" el="157" ec="13" bec="0" bev="0" fileid="4" />
                <SequencePoint vc="6031" uspid="831" ordinal="0" offset="132" sl="161" sc="13" el="161" ec="13" bec="0" bev="0" fileid="4" />
              </SequencePoints>
              <BranchPoints />
            </Method>
            <Method visited="true" cyclomaticComplexity="0" nPathComplexity="0" sequenceCoverage="73.13" branchCoverage="0" crapScore="0" isConstructor="false" isStatic="false" isGetter="false" isSetter="false">
              <Summary numSequencePoints="67" visitedSequencePoints="49" numBranchPoints="0" visitedBranchPoints="0" sequenceCoverage="73.13" branchCoverage="0" maxCyclomaticComplexity="0" minCyclomaticComplexity="0" maxCrapScore="0" minCrapScore="0" visitedClasses="0" numClasses="0" visitedMethods="1" numMethods="1" />
              <MetadataToken>100663569</MetadataToken>
              <Name>System.Single[] RacelineOptimizer.PSO::Optimize(System.Collections.Generic.List[ValueTuple`2], System.Collections.Generic.List[CornerSegment], System.Int32, System.Int32)</Name>
              <FileRef uid="4" />
              <SequencePoints>
                <SequencePoint vc="1" uspid="832" ordinal="0" offset="27" sl="168" sc="13" el="168" ec="13" bec="0" bev="0" fileid="4" />
                <SequencePoint vc="0" uspid="833" ordinal="0" offset="48" sl="170" sc="17" el="170" ec="17" bec="0" bev="0" fileid="4" />
                <SequencePoint vc="0" uspid="834" ordinal="0" offset="58" sl="171" sc="17" el="171" ec="17" bec="0" bev="0" fileid="4" />
                <SequencePoint vc="1" uspid="835" ordinal="0" offset="60" sl="174" sc="13" el="174" ec="13" bec="0" bev="0" fileid="4" />
                <SequencePoint vc="0" uspid="836" ordinal="0" offset="81" sl="176" sc="17" el="176" ec="17" bec="0" bev="0" fileid="4" />
                <SequencePoint vc="0" uspid="837" ordinal="0" offset="91" sl="177" sc="17" el="177" ec="17" bec="0" bev="0" fileid="4" />
                <SequencePoint vc="1" uspid="838" ordinal="0" offset="93" sl="180" sc="13" el="180" ec="13" bec="0" bev="0" fileid="4" />
                <SequencePoint vc="1" uspid="839" ordinal="0" offset="104" sl="181" sc="13" el="181" ec="13" bec="0" bev="0" fileid="4" />
                <SequencePoint vc="1" uspid="840" ordinal="0" offset="141" sl="182" sc="13" el="182" ec="13" bec="0" bev="0" fileid="4" />
                <SequencePoint vc="1" uspid="841" ordinal="0" offset="158" sl="183" sc="13" el="183" ec="13" bec="0" bev="0" fileid="4" />
                <SequencePoint vc="1" uspid="842" ordinal="0" offset="164" sl="184" sc="13" el="184" ec="13" bec="0" bev="0" fileid="4" />
                <SequencePoint vc="1" uspid="843" ordinal="0" offset="170" sl="185" sc="13" el="185" ec="13" bec="0" bev="0" fileid="4" />
                <SequencePoint vc="1" uspid="844" ordinal="0" offset="187" sl="186" sc="13" el="186" ec="13" bec="0" bev="0" fileid="4" />
                <SequencePoint vc="1" uspid="845" ordinal="0" offset="198" sl="188" sc="13" el="188" ec="13" bec="0" bev="0" fileid="4" />
                <SequencePoint vc="1" uspid="846" ordinal="0" offset="210" sl="189" sc="13" el="189" ec="13" bec="0" bev="0" fileid="4" />
                <SequencePoint vc="1" uspid="847" ordinal="0" offset="213" sl="191" sc="18" el="191" ec="18" bec="0" bev="0" fileid="4" />
                <SequencePoint vc="30" uspid="848" ordinal="0" offset="221" sl="193" sc="17" el="193" ec="17" bec="0" bev="0" fileid="4" />
                <SequencePoint vc="30" uspid="849" ordinal="0" offset="235" sl="194" sc="17" el="194" ec="17" bec="0" bev="0" fileid="4" />
                <SequencePoint vc="30" uspid="850" ordinal="0" offset="257" sl="195" sc="17" el="195" ec="17" bec="0" bev="0" fileid="4" />
                <SequencePoint vc="30" uspid="851" ordinal="0" offset="279" sl="197" sc="17" el="197" ec="17" bec="0" bev="0" fileid="4" />
                <SequencePoint vc="30" uspid="852" ordinal="0" offset="311" sl="198" sc="17" el="198" ec="17" bec="0" bev="0" fileid="4" />
                <SequencePoint vc="1" uspid="853" ordinal="0" offset="326" sl="200" sc="21" el="200" ec="21" bec="0" bev="0" fileid="4" />
                <SequencePoint vc="1" uspid="854" ordinal="0" offset="339" sl="201" sc="21" el="201" ec="21" bec="0" bev="0" fileid="4" />
                <SequencePoint vc="30" uspid="855" ordinal="0" offset="363" sl="203" sc="17" el="203" ec="17" bec="0" bev="0" fileid="4" />
                <SequencePoint vc="30" uspid="856" ordinal="0" offset="371" sl="191" sc="47" el="191" ec="47" bec="0" bev="0" fileid="4" />
                <SequencePoint vc="31" uspid="857" ordinal="0" offset="377" sl="191" sc="29" el="191" ec="29" bec="0" bev="0" fileid="4" />
                <SequencePoint vc="1" uspid="858" ordinal="0" offset="385" sl="206" sc="18" el="206" ec="18" bec="0" bev="0" fileid="4" />
                <SequencePoint vc="200" uspid="859" ordinal="0" offset="408" sl="208" sc="17" el="208" ec="17" bec="0" bev="0" fileid="4" />
                <SequencePoint vc="200" uspid="860" ordinal="0" offset="443" sl="210" sc="17" el="210" ec="17" bec="0" bev="0" fileid="4" />
                <SequencePoint vc="200" uspid="861" ordinal="0" offset="525" sl="251" sc="17" el="251" ec="17" bec="0" bev="0" fileid="4" />
                <SequencePoint vc="200" uspid="862" ordinal="0" offset="532" sl="252" sc="17" el="252" ec="17" bec="0" bev="0" fileid="4" />
                <SequencePoint vc="200" uspid="863" ordinal="0" offset="539" sl="253" sc="17" el="253" ec="17" bec="0" bev="0" fileid="4" />
                <SequencePoint vc="200" uspid="864" ordinal="0" offset="543" sl="255" sc="17" el="255" ec="17" bec="0" bev="0" fileid="4" />
                <SequencePoint vc="1" uspid="865" ordinal="0" offset="553" sl="257" sc="21" el="257" ec="21" bec="0" bev="0" fileid="4" />
                <SequencePoint vc="1" uspid="866" ordinal="0" offset="597" sl="258" sc="21" el="258" ec="21" bec="0" bev="0" fileid="4" />
                <SequencePoint vc="1" uspid="867" ordinal="0" offset="623" sl="260" sc="25" el="260" ec="25" bec="0" bev="0" fileid="4" />
                <SequencePoint vc="1" uspid="868" ordinal="0" offset="631" sl="261" sc="25" el="261" ec="25" bec="0" bev="0" fileid="4" />
                <SequencePoint vc="1" uspid="869" ordinal="0" offset="653" sl="262" sc="25" el="262" ec="25" bec="0" bev="0" fileid="4" />
                <SequencePoint vc="1" uspid="870" ordinal="0" offset="675" sl="263" sc="25" el="263" ec="25" bec="0" bev="0" fileid="4" />
                <SequencePoint vc="1" uspid="871" ordinal="0" offset="719" sl="264" sc="25" el="264" ec="25" bec="0" bev="0" fileid="4" />
                <SequencePoint vc="0" uspid="872" ordinal="0" offset="740" sl="266" sc="29" el="266" ec="29" bec="0" bev="0" fileid="4" />
                <SequencePoint vc="0" uspid="873" ordinal="0" offset="759" sl="267" sc="29" el="267" ec="29" bec="0" bev="0" fileid="4" />
                <SequencePoint vc="1" uspid="874" ordinal="0" offset="795" sl="269" sc="21" el="269" ec="21" bec="0" bev="0" fileid="4" />
                <SequencePoint vc="200" uspid="875" ordinal="0" offset="809" sl="273" sc="35" el="273" ec="35" bec="0" bev="0" fileid="4" />
                <SequencePoint vc="6000" uspid="876" ordinal="0" offset="822" sl="273" sc="26" el="273" ec="26" bec="0" bev="0" fileid="4" />
                <SequencePoint vc="6000" uspid="877" ordinal="0" offset="831" sl="275" sc="21" el="275" ec="21" bec="0" bev="0" fileid="4" />
                <SequencePoint vc="0" uspid="878" ordinal="0" offset="842" sl="277" sc="30" el="277" ec="30" bec="0" bev="0" fileid="4" />
                <SequencePoint vc="0" uspid="879" ordinal="0" offset="847" sl="279" sc="29" el="279" ec="29" bec="0" bev="0" fileid="4" />
                <SequencePoint vc="0" uspid="880" ordinal="0" offset="865" sl="280" sc="29" el="280" ec="29" bec="0" bev="0" fileid="4" />
                <SequencePoint vc="0" uspid="881" ordinal="0" offset="903" sl="277" sc="57" el="277" ec="57" bec="0" bev="0" fileid="4" />
                <SequencePoint vc="0" uspid="882" ordinal="0" offset="909" sl="277" sc="41" el="277" ec="41" bec="0" bev="0" fileid="4" />
                <SequencePoint vc="0" uspid="883" ordinal="0" offset="925" sl="282" sc="25" el="282" ec="25" bec="0" bev="0" fileid="4" />
                <SequencePoint vc="0" uspid="884" ordinal="0" offset="947" sl="283" sc="25" el="283" ec="25" bec="0" bev="0" fileid="4" />
                <SequencePoint vc="6200" uspid="885" ordinal="0" offset="955" sl="273" sc="32" el="273" ec="32" bec="0" bev="0" fileid="4" />
                <SequencePoint vc="200" uspid="886" ordinal="0" offset="983" sl="288" sc="17" el="288" ec="17" bec="0" bev="0" fileid="4" />
                <SequencePoint vc="200" uspid="887" ordinal="0" offset="1006" sl="289" sc="17" el="289" ec="17" bec="0" bev="0" fileid="4" />
                <SequencePoint vc="200" uspid="888" ordinal="0" offset="1012" sl="292" sc="17" el="292" ec="17" bec="0" bev="0" fileid="4" />
                <SequencePoint vc="0" uspid="889" ordinal="0" offset="1022" sl="294" sc="21" el="294" ec="21" bec="0" bev="0" fileid="4" />
                <SequencePoint vc="0" uspid="890" ordinal="0" offset="1040" sl="295" sc="21" el="295" ec="21" bec="0" bev="0" fileid="4" />
                <SequencePoint vc="0" uspid="891" ordinal="0" offset="1058" sl="296" sc="21" el="296" ec="21" bec="0" bev="0" fileid="4" />
                <SequencePoint vc="0" uspid="892" ordinal="0" offset="1065" sl="298" sc="25" el="298" ec="25" bec="0" bev="0" fileid="4" />
                <SequencePoint vc="0" uspid="893" ordinal="0" offset="1104" sl="299" sc="25" el="299" ec="25" bec="0" bev="0" fileid="4" />
                <SequencePoint vc="200" uspid="894" ordinal="0" offset="1106" sl="303" sc="17" el="303" ec="17" bec="0" bev="0" fileid="4" />
                <SequencePoint vc="1" uspid="895" ordinal="0" offset="1116" sl="304" sc="21" el="304" ec="21" bec="0" bev="0" fileid="4" />
                <SequencePoint vc="200" uspid="896" ordinal="0" offset="1155" sl="206" sc="51" el="206" ec="51" bec="0" bev="0" fileid="4" />
                <SequencePoint vc="201" uspid="897" ordinal="0" offset="1161" sl="206" sc="32" el="206" ec="32" bec="0" bev="0" fileid="4" />
                <SequencePoint vc="1" uspid="898" ordinal="0" offset="1170" sl="307" sc="13" el="307" ec="13" bec="0" bev="0" fileid="4" />
              </SequencePoints>
              <BranchPoints />
            </Method>
            <Method visited="true" cyclomaticComplexity="0" nPathComplexity="0" sequenceCoverage="100.0" branchCoverage="0" crapScore="0" isConstructor="false" isStatic="false" isGetter="false" isSetter="false">
              <Summary numSequencePoints="14" visitedSequencePoints="14" numBranchPoints="0" visitedBranchPoints="0" sequenceCoverage="100.0" branchCoverage="0" maxCyclomaticComplexity="0" minCyclomaticComplexity="0" maxCrapScore="0" minCrapScore="0" visitedClasses="0" numClasses="0" visitedMethods="1" numMethods="1" />
              <MetadataToken>100663570</MetadataToken>
              <Name>System.Collections.Generic.List[Vector2] RacelineOptimizer.PSO::SmoothRaceline(System.Collections.Generic.List[Vector2], System.Int32)</Name>
              <FileRef uid="4" />
              <SequencePoints>
                <SequencePoint vc="1" uspid="899" ordinal="0" offset="0" sl="313" sc="18" el="313" ec="18" bec="0" bev="0" fileid="4" />
                <SequencePoint vc="2" uspid="900" ordinal="0" offset="4" sl="315" sc="17" el="315" ec="17" bec="0" bev="0" fileid="4" />
                <SequencePoint vc="2" uspid="901" ordinal="0" offset="10" sl="316" sc="17" el="316" ec="17" bec="0" bev="0" fileid="4" />
                <SequencePoint vc="2" uspid="902" ordinal="0" offset="17" sl="318" sc="22" el="318" ec="22" bec="0" bev="0" fileid="4" />
                <SequencePoint vc="2124" uspid="903" ordinal="0" offset="21" sl="320" sc="21" el="320" ec="21" bec="0" bev="0" fileid="4" />
                <SequencePoint vc="2124" uspid="904" ordinal="0" offset="30" sl="321" sc="21" el="321" ec="21" bec="0" bev="0" fileid="4" />
                <SequencePoint vc="2124" uspid="905" ordinal="0" offset="43" sl="322" sc="21" el="322" ec="21" bec="0" bev="0" fileid="4" />
                <SequencePoint vc="2124" uspid="906" ordinal="0" offset="63" sl="323" sc="21" el="323" ec="21" bec="0" bev="0" fileid="4" />
                <SequencePoint vc="2124" uspid="907" ordinal="0" offset="83" sl="318" sc="44" el="318" ec="44" bec="0" bev="0" fileid="4" />
                <SequencePoint vc="2126" uspid="908" ordinal="0" offset="87" sl="318" sc="33" el="318" ec="33" bec="0" bev="0" fileid="4" />
                <SequencePoint vc="2" uspid="909" ordinal="0" offset="91" sl="326" sc="17" el="326" ec="17" bec="0" bev="0" fileid="4" />
                <SequencePoint vc="2" uspid="910" ordinal="0" offset="94" sl="313" sc="51" el="313" ec="51" bec="0" bev="0" fileid="4" />
                <SequencePoint vc="3" uspid="911" ordinal="0" offset="98" sl="313" sc="32" el="313" ec="32" bec="0" bev="0" fileid="4" />
                <SequencePoint vc="1" uspid="912" ordinal="0" offset="102" sl="329" sc="13" el="329" ec="13" bec="0" bev="0" fileid="4" />
              </SequencePoints>
              <BranchPoints />
            </Method>
            <Method visited="true" cyclomaticComplexity="0" nPathComplexity="0" sequenceCoverage="100.0" branchCoverage="0" crapScore="0" isConstructor="true" isStatic="false" isGetter="false" isSetter="false">
              <Summary numSequencePoints="11" visitedSequencePoints="11" numBranchPoints="0" visitedBranchPoints="0" sequenceCoverage="100.0" branchCoverage="0" maxCyclomaticComplexity="0" minCyclomaticComplexity="0" maxCrapScore="0" minCrapScore="0" visitedClasses="0" numClasses="0" visitedMethods="1" numMethods="1" />
              <MetadataToken>100663562</MetadataToken>
              <Name>RacelineOptimizer.PSO::PSO(System.Single, System.Single, System.Single, System.Single, System.Single, System.Single, System.Single, System.Single, System.Int32)</Name>
              <FileRef uid="4" />
              <SequencePoints>
                <SequencePoint vc="1" uspid="939" ordinal="0" offset="0" sl="25" sc="9" el="25" ec="9" bec="0" bev="0" fileid="4" />
                <SequencePoint vc="1" uspid="940" ordinal="0" offset="6" sl="37" sc="13" el="37" ec="13" bec="0" bev="0" fileid="4" />
                <SequencePoint vc="1" uspid="941" ordinal="0" offset="13" sl="38" sc="13" el="38" ec="13" bec="0" bev="0" fileid="4" />
                <SequencePoint vc="1" uspid="942" ordinal="0" offset="20" sl="39" sc="13" el="39" ec="13" bec="0" bev="0" fileid="4" />
                <SequencePoint vc="1" uspid="943" ordinal="0" offset="27" sl="40" sc="13" el="40" ec="13" bec="0" bev="0" fileid="4" />
                <SequencePoint vc="1" uspid="944" ordinal="0" offset="35" sl="41" sc="13" el="41" ec="13" bec="0" bev="0" fileid="4" />
                <SequencePoint vc="1" uspid="945" ordinal="0" offset="43" sl="42" sc="13" el="42" ec="13" bec="0" bev="0" fileid="4" />
                <SequencePoint vc="1" uspid="946" ordinal="0" offset="51" sl="43" sc="13" el="43" ec="13" bec="0" bev="0" fileid="4" />
                <SequencePoint vc="1" uspid="947" ordinal="0" offset="59" sl="44" sc="13" el="44" ec="13" bec="0" bev="0" fileid="4" />
                <SequencePoint vc="1" uspid="948" ordinal="0" offset="67" sl="45" sc="13" el="45" ec="13" bec="0" bev="0" fileid="4" />
                <SequencePoint vc="1" uspid="949" ordinal="0" offset="75" sl="46" sc="9" el="46" ec="9" bec="0" bev="0" fileid="4" />
              </SequencePoints>
              <BranchPoints />
            </Method>
          </Methods>
        </Class>
        <Class>
          <Summary numSequencePoints="15" visitedSequencePoints="15" numBranchPoints="0" visitedBranchPoints="0" sequenceCoverage="100.0" branchCoverage="0.0" maxCyclomaticComplexity="0" minCyclomaticComplexity="0" maxCrapScore="0" minCrapScore="0" visitedClasses="1" numClasses="1" visitedMethods="2" numMethods="2" />
          <FullName>RacelineOptimizer.RacelineExporter</FullName>
          <Methods>
            <Method visited="true" cyclomaticComplexity="0" nPathComplexity="0" sequenceCoverage="100.0" branchCoverage="0" crapScore="0" isConstructor="false" isStatic="true" isGetter="false" isSetter="false">
              <Summary numSequencePoints="8" visitedSequencePoints="8" numBranchPoints="0" visitedBranchPoints="0" sequenceCoverage="100.0" branchCoverage="0" maxCyclomaticComplexity="0" minCyclomaticComplexity="0" maxCrapScore="0" minCrapScore="0" visitedClasses="0" numClasses="0" visitedMethods="1" numMethods="1" />
              <MetadataToken>100663575</MetadataToken>
              <Name>static System.Void RacelineOptimizer.RacelineExporter::SaveToBinary(System.String, System.Collections.Generic.List[Vector2], System.Collections.Generic.List[Vector2], System.Collections.Generic.List[Vector2])</Name>
              <FileRef uid="5" />
              <SequencePoints>
                <SequencePoint vc="1" uspid="950" ordinal="0" offset="0" sl="11" sc="20" el="11" ec="20" bec="0" bev="0" fileid="5" />
                <SequencePoint vc="1" uspid="951" ordinal="0" offset="9" sl="12" sc="20" el="12" ec="20" bec="0" bev="0" fileid="5" />
                <SequencePoint vc="1" uspid="952" ordinal="0" offset="16" sl="14" sc="17" el="14" ec="17" bec="0" bev="0" fileid="5" />
                <SequencePoint vc="1" uspid="953" ordinal="0" offset="23" sl="15" sc="17" el="15" ec="17" bec="0" bev="0" fileid="5" />
                <SequencePoint vc="1" uspid="954" ordinal="0" offset="30" sl="16" sc="17" el="16" ec="17" bec="0" bev="0" fileid="5" />
                <SequencePoint vc="1" uspid="955" ordinal="0" offset="37" sl="18" sc="17" el="18" ec="17" bec="0" bev="0" fileid="5" />
                <SequencePoint vc="1" uspid="956" ordinal="0" offset="44" sl="19" sc="13" el="19" ec="13" bec="0" bev="0" fileid="5" />
                <SequencePoint vc="1" uspid="957" ordinal="0" offset="66" sl="20" sc="9" el="20" ec="9" bec="0" bev="0" fileid="5" />
              </SequencePoints>
              <BranchPoints />
            </Method>
            <Method visited="true" cyclomaticComplexity="0" nPathComplexity="0" sequenceCoverage="100.0" branchCoverage="0" crapScore="0" isConstructor="false" isStatic="true" isGetter="false" isSetter="false">
              <Summary numSequencePoints="7" visitedSequencePoints="7" numBranchPoints="0" visitedBranchPoints="0" sequenceCoverage="100.0" branchCoverage="0" maxCyclomaticComplexity="0" minCyclomaticComplexity="0" maxCrapScore="0" minCrapScore="0" visitedClasses="0" numClasses="0" visitedMethods="1" numMethods="1" />
              <MetadataToken>100663576</MetadataToken>
              <Name>static System.Void RacelineOptimizer.RacelineExporter::WritePoints(System.IO.BinaryWriter, System.Collections.Generic.List[Vector2])</Name>
              <FileRef uid="5" />
              <SequencePoints>
                <SequencePoint vc="3" uspid="958" ordinal="0" offset="0" sl="24" sc="13" el="24" ec="13" bec="0" bev="0" fileid="5" />
                <SequencePoint vc="3" uspid="959" ordinal="0" offset="12" sl="25" sc="32" el="25" ec="32" bec="0" bev="0" fileid="5" />
                <SequencePoint vc="5231" uspid="960" ordinal="0" offset="21" sl="25" sc="22" el="25" ec="22" bec="0" bev="0" fileid="5" />
                <SequencePoint vc="5231" uspid="961" ordinal="0" offset="29" sl="27" sc="17" el="27" ec="17" bec="0" bev="0" fileid="5" />
                <SequencePoint vc="5231" uspid="962" ordinal="0" offset="41" sl="28" sc="17" el="28" ec="17" bec="0" bev="0" fileid="5" />
                <SequencePoint vc="5234" uspid="963" ordinal="0" offset="53" sl="25" sc="29" el="25" ec="29" bec="0" bev="0" fileid="5" />
                <SequencePoint vc="3" uspid="964" ordinal="0" offset="78" sl="30" sc="9" el="30" ec="9" bec="0" bev="0" fileid="5" />
              </SequencePoints>
              <BranchPoints />
            </Method>
          </Methods>
        </Class>
        <Class>
          <Summary numSequencePoints="94" visitedSequencePoints="92" numBranchPoints="0" visitedBranchPoints="0" sequenceCoverage="97.87" branchCoverage="0.0" maxCyclomaticComplexity="0" minCyclomaticComplexity="0" maxCrapScore="0" minCrapScore="0" visitedClasses="1" numClasses="1" visitedMethods="4" numMethods="4" />
          <FullName>RacelineOptimizer.SavitzkyGolayFilter</FullName>
          <Methods>
            <Method visited="true" cyclomaticComplexity="0" nPathComplexity="0" sequenceCoverage="100.0" branchCoverage="0" crapScore="0" isConstructor="false" isStatic="false" isGetter="false" isSetter="false">
              <Summary numSequencePoints="14" visitedSequencePoints="14" numBranchPoints="0" visitedBranchPoints="0" sequenceCoverage="100.0" branchCoverage="0" maxCyclomaticComplexity="0" minCyclomaticComplexity="0" maxCrapScore="0" minCrapScore="0" visitedClasses="0" numClasses="0" visitedMethods="1" numMethods="1" />
              <MetadataToken>100663578</MetadataToken>
              <Name>System.Collections.Generic.List[Single] RacelineOptimizer.SavitzkyGolayFilter::Smooth(System.Collections.Generic.List[Single])</Name>
              <FileRef uid="6" />
              <SequencePoints>
                <SequencePoint vc="2" uspid="965" ordinal="0" offset="0" sl="27" sc="13" el="27" ec="13" bec="0" bev="0" fileid="6" />
                <SequencePoint vc="2" uspid="966" ordinal="0" offset="9" sl="28" sc="13" el="28" ec="13" bec="0" bev="0" fileid="6" />
                <SequencePoint vc="2" uspid="967" ordinal="0" offset="16" sl="29" sc="13" el="29" ec="13" bec="0" bev="0" fileid="6" />
                <SequencePoint vc="2" uspid="968" ordinal="0" offset="23" sl="31" sc="18" el="31" ec="18" bec="0" bev="0" fileid="6" />
                <SequencePoint vc="5664" uspid="969" ordinal="0" offset="27" sl="33" sc="17" el="33" ec="17" bec="0" bev="0" fileid="6" />
[...]
                <SequencePoint vc="2" uspid="1118" ordinal="0" offset="147" sl="126" sc="18" el="126" ec="18" bec="0" bev="0" fileid="7" />
                <SequencePoint vc="1842" uspid="1119" ordinal="0" offset="155" sl="128" sc="17" el="128" ec="17" bec="0" bev="0" fileid="7" />
                <SequencePoint vc="4116" uspid="1120" ordinal="0" offset="162" sl="132" sc="21" el="132" ec="21" bec="0" bev="0" fileid="7" />
                <SequencePoint vc="4116" uspid="1121" ordinal="0" offset="174" sl="133" sc="21" el="133" ec="21" bec="0" bev="0" fileid="7" />
                <SequencePoint vc="4116" uspid="1122" ordinal="0" offset="196" sl="135" sc="21" el="135" ec="21" bec="0" bev="0" fileid="7" />
                <SequencePoint vc="2274" uspid="1123" ordinal="0" offset="212" sl="138" sc="21" el="138" ec="21" bec="0" bev="0" fileid="7" />
                <SequencePoint vc="2274" uspid="1124" ordinal="0" offset="219" sl="139" sc="21" el="139" ec="21" bec="0" bev="0" fileid="7" />
                <SequencePoint vc="2274" uspid="1125" ordinal="0" offset="222" sl="141" sc="21" el="141" ec="21" bec="0" bev="0" fileid="7" />
                <SequencePoint vc="0" uspid="1126" ordinal="0" offset="236" sl="143" sc="25" el="143" ec="25" bec="0" bev="0" fileid="7" />
                <SequencePoint vc="0" uspid="1127" ordinal="0" offset="258" sl="145" sc="29" el="145" ec="29" bec="0" bev="0" fileid="7" />
                <SequencePoint vc="0" uspid="1128" ordinal="0" offset="278" sl="144" sc="25" el="144" ec="25" bec="0" bev="0" fileid="7" />
                <SequencePoint vc="0" uspid="1129" ordinal="0" offset="287" sl="146" sc="25" el="146" ec="25" bec="0" bev="0" fileid="7" />
                <SequencePoint vc="1842" uspid="1130" ordinal="0" offset="289" sl="150" sc="17" el="150" ec="17" bec="0" bev="0" fileid="7" />
                <SequencePoint vc="1842" uspid="1131" ordinal="0" offset="301" sl="151" sc="17" el="151" ec="17" bec="0" bev="0" fileid="7" />
                <SequencePoint vc="1842" uspid="1132" ordinal="0" offset="306" sl="152" sc="17" el="152" ec="17" bec="0" bev="0" fileid="7" />
                <SequencePoint vc="1842" uspid="1133" ordinal="0" offset="328" sl="153" sc="17" el="153" ec="17" bec="0" bev="0" fileid="7" />
                <SequencePoint vc="1842" uspid="1134" ordinal="0" offset="333" sl="155" sc="17" el="155" ec="17" bec="0" bev="0" fileid="7" />
                <SequencePoint vc="1842" uspid="1135" ordinal="0" offset="357" sl="156" sc="17" el="156" ec="17" bec="0" bev="0" fileid="7" />
                <SequencePoint vc="1842" uspid="1136" ordinal="0" offset="365" sl="126" sc="49" el="126" ec="49" bec="0" bev="0" fileid="7" />
                <SequencePoint vc="1844" uspid="1137" ordinal="0" offset="371" sl="126" sc="29" el="126" ec="29" bec="0" bev="0" fileid="7" />
                <SequencePoint vc="2" uspid="1138" ordinal="0" offset="381" sl="159" sc="13" el="159" ec="13" bec="0" bev="0" fileid="7" />
                <SequencePoint vc="2" uspid="1139" ordinal="0" offset="413" sl="160" sc="13" el="160" ec="13" bec="0" bev="0" fileid="7" />
              </SequencePoints>
              <BranchPoints />
            </Method>
            <Method visited="true" cyclomaticComplexity="0" nPathComplexity="0" sequenceCoverage="100.0" branchCoverage="0" crapScore="0" isConstructor="false" isStatic="true" isGetter="false" isSetter="false">
              <Summary numSequencePoints="8" visitedSequencePoints="8" numBranchPoints="0" visitedBranchPoints="0" sequenceCoverage="100.0" branchCoverage="0" maxCyclomaticComplexity="0" minCyclomaticComplexity="0" maxCrapScore="0" minCrapScore="0" visitedClasses="0" numClasses="0" visitedMethods="1" numMethods="1" />
              <MetadataToken>100663586</MetadataToken>
              <Name>static System.Single RacelineOptimizer.TrackSampler::GetTotalLength(System.Collections.Generic.List[Vector2], System.Boolean)</Name>
              <FileRef uid="7" />
              <SequencePoints>
                <SequencePoint vc="2" uspid="1140" ordinal="0" offset="0" sl="165" sc="13" el="165" ec="13" bec="0" bev="0" fileid="7" />
                <SequencePoint vc="2" uspid="1141" ordinal="0" offset="6" sl="166" sc="18" el="166" ec="18" bec="0" bev="0" fileid="7" />
                <SequencePoint vc="2274" uspid="1142" ordinal="0" offset="10" sl="167" sc="17" el="167" ec="17" bec="0" bev="0" fileid="7" />
                <SequencePoint vc="2274" uspid="1143" ordinal="0" offset="34" sl="166" sc="45" el="166" ec="45" bec="0" bev="0" fileid="7" />
                <SequencePoint vc="2276" uspid="1144" ordinal="0" offset="38" sl="166" sc="29" el="166" ec="29" bec="0" bev="0" fileid="7" />
                <SequencePoint vc="2" uspid="1145" ordinal="0" offset="47" sl="169" sc="13" el="169" ec="13" bec="0" bev="0" fileid="7" />
                <SequencePoint vc="2" uspid="1146" ordinal="0" offset="50" sl="170" sc="17" el="170" ec="17" bec="0" bev="0" fileid="7" />
                <SequencePoint vc="2" uspid="1147" ordinal="0" offset="79" sl="172" sc="13" el="172" ec="13" bec="0" bev="0" fileid="7" />
              </SequencePoints>
              <BranchPoints />
            </Method>
          </Methods>
        </Class>
        <Class>
          <Summary numSequencePoints="13" visitedSequencePoints="13" numBranchPoints="0" visitedBranchPoints="0" sequenceCoverage="100.0" branchCoverage="0.0" maxCyclomaticComplexity="0" minCyclomaticComplexity="0" maxCrapScore="0" minCrapScore="0" visitedClasses="1" numClasses="1" visitedMethods="5" numMethods="5" />
          <FullName>CornerDetector/CornerSegment</FullName>
          <Methods>
            <Method visited="true" cyclomaticComplexity="0" nPathComplexity="0" sequenceCoverage="100.0" branchCoverage="0" crapScore="0" isConstructor="false" isStatic="false" isGetter="true" isSetter="false">
              <Summary numSequencePoints="1" visitedSequencePoints="1" numBranchPoints="0" visitedBranchPoints="0" sequenceCoverage="100.0" branchCoverage="0" maxCyclomaticComplexity="0" minCyclomaticComplexity="0" maxCrapScore="0" minCrapScore="0" visitedClasses="0" numClasses="0" visitedMethods="1" numMethods="1" />
              <MetadataToken>100663601</MetadataToken>
              <Name>System.Single CornerDetector/CornerSegment::get_Angle()</Name>
              <FileRef uid="1" />
              <SequencePoints>
                <SequencePoint vc="4269948" uspid="1152" ordinal="0" offset="0" sl="22" sc="30" el="22" ec="30" bec="0" bev="0" fileid="1" />
              </SequencePoints>
              <BranchPoints />
            </Method>
            <Method visited="true" cyclomaticComplexity="0" nPathComplexity="0" sequenceCoverage="100.0" branchCoverage="0" crapScore="0" isConstructor="false" isStatic="false" isGetter="true" isSetter="false">
              <Summary numSequencePoints="1" visitedSequencePoints="1" numBranchPoints="0" visitedBranchPoints="0" sequenceCoverage="100.0" branchCoverage="0" maxCyclomaticComplexity="0" minCyclomaticComplexity="0" maxCrapScore="0" minCrapScore="0" visitedClasses="0" numClasses="0" visitedMethods="1" numMethods="1" />
              <MetadataToken>100663602</MetadataToken>
              <Name>System.Boolean CornerDetector/CornerSegment::get_IsLeftTurn()</Name>
              <FileRef uid="1" />
              <SequencePoints>
                <SequencePoint vc="4269948" uspid="1153" ordinal="0" offset="0" sl="23" sc="34" el="23" ec="34" bec="0" bev="0" fileid="1" />
              </SequencePoints>
              <BranchPoints />
            </Method>
            <Method visited="true" cyclomaticComplexity="0" nPathComplexity="0" sequenceCoverage="100.0" branchCoverage="0" crapScore="0" isConstructor="false" isStatic="false" isGetter="true" isSetter="false">
              <Summary numSequencePoints="1" visitedSequencePoints="1" numBranchPoints="0" visitedBranchPoints="0" sequenceCoverage="100.0" branchCoverage="0" maxCyclomaticComplexity="0" minCyclomaticComplexity="0" maxCrapScore="0" minCrapScore="0" visitedClasses="0" numClasses="0" visitedMethods="1" numMethods="1" />
              <MetadataToken>100663603</MetadataToken>
              <Name>System.Int32 CornerDetector/CornerSegment::get_StartIndex()</Name>
              <FileRef uid="1" />
              <SequencePoints>
                <SequencePoint vc="8539896" uspid="1154" ordinal="0" offset="0" sl="24" sc="33" el="24" ec="33" bec="0" bev="0" fileid="1" />
              </SequencePoints>
              <BranchPoints />
            </Method>
            <Method visited="true" cyclomaticComplexity="0" nPathComplexity="0" sequenceCoverage="100.0" branchCoverage="0" crapScore="0" isConstructor="false" isStatic="false" isGetter="true" isSetter="false">
              <Summary numSequencePoints="1" visitedSequencePoints="1" numBranchPoints="0" visitedBranchPoints="0" sequenceCoverage="100.0" branchCoverage="0" maxCyclomaticComplexity="0" minCyclomaticComplexity="0" maxCrapScore="0" minCrapScore="0" visitedClasses="0" numClasses="0" visitedMethods="1" numMethods="1" />
              <MetadataToken>100663604</MetadataToken>
              <Name>System.Int32 CornerDetector/CornerSegment::get_EndIndex()</Name>
              <FileRef uid="1" />
              <SequencePoints>
                <SequencePoint vc="14402028" uspid="1155" ordinal="0" offset="0" sl="25" sc="31" el="25" ec="31" bec="0" bev="0" fileid="1" />
              </SequencePoints>
              <BranchPoints />
            </Method>
            <Method visited="true" cyclomaticComplexity="0" nPathComplexity="0" sequenceCoverage="100.0" branchCoverage="0" crapScore="0" isConstructor="true" isStatic="false" isGetter="false" isSetter="false">
              <Summary numSequencePoints="9" visitedSequencePoints="9" numBranchPoints="0" visitedBranchPoints="0" sequenceCoverage="100.0" branchCoverage="0" maxCyclomaticComplexity="0" minCyclomaticComplexity="0" maxCrapScore="0" minCrapScore="0" visitedClasses="0" numClasses="0" visitedMethods="1" numMethods="1" />
              <MetadataToken>100663606</MetadataToken>
              <Name>CornerDetector/CornerSegment::CornerSegment(System.Numerics.Vector2, System.Numerics.Vector2, System.Numerics.Vector2, System.Numerics.Vector2, System.Single, System.Boolean, System.Int32, System.Int32)</Name>
              <FileRef uid="1" />
              <SequencePoints>
                <SequencePoint vc="7" uspid="1157" ordinal="0" offset="0" sl="37" sc="13" el="37" ec="13" bec="0" bev="0" fileid="1" />
                <SequencePoint vc="7" uspid="1158" ordinal="0" offset="7" sl="38" sc="13" el="38" ec="13" bec="0" bev="0" fileid="1" />
                <SequencePoint vc="7" uspid="1159" ordinal="0" offset="14" sl="39" sc="13" el="39" ec="13" bec="0" bev="0" fileid="1" />
                <SequencePoint vc="7" uspid="1160" ordinal="0" offset="21" sl="40" sc="13" el="40" ec="13" bec="0" bev="0" fileid="1" />
                <SequencePoint vc="7" uspid="1161" ordinal="0" offset="29" sl="41" sc="13" el="41" ec="13" bec="0" bev="0" fileid="1" />
                <SequencePoint vc="7" uspid="1162" ordinal="0" offset="37" sl="42" sc="13" el="42" ec="13" bec="0" bev="0" fileid="1" />
                <SequencePoint vc="7" uspid="1163" ordinal="0" offset="45" sl="43" sc="13" el="43" ec="13" bec="0" bev="0" fileid="1" />
                <SequencePoint vc="7" uspid="1164" ordinal="0" offset="53" sl="44" sc="13" el="44" ec="13" bec="0" bev="0" fileid="1" />
                <SequencePoint vc="7" uspid="1165" ordinal="0" offset="61" sl="45" sc="9" el="45" ec="9" bec="0" bev="0" fileid="1" />
              </SequencePoints>
              <BranchPoints />
            </Method>
          </Methods>
        </Class>
        <Class>
          <Summary numSequencePoints="3" visitedSequencePoints="3" numBranchPoints="0" visitedBranchPoints="0" sequenceCoverage="100.0" branchCoverage="0.0" maxCyclomaticComplexity="0" minCyclomaticComplexity="0" maxCrapScore="0" minCrapScore="0" visitedClasses="1" numClasses="1" visitedMethods="3" numMethods="3" />
          <FullName>RacelineOptimizer.PSO/&lt;&gt;c</FullName>
          <Methods>
            <Method visited="true" cyclomaticComplexity="0" nPathComplexity="0" sequenceCoverage="100.0" branchCoverage="0" crapScore="0" isConstructor="false" isStatic="false" isGetter="false" isSetter="false">
              <Summary numSequencePoints="1" visitedSequencePoints="1" numBranchPoints="0" visitedBranchPoints="0" sequenceCoverage="100.0" branchCoverage="0" maxCyclomaticComplexity="0" minCyclomaticComplexity="0" maxCrapScore="0" minCrapScore="0" visitedClasses="0" numClasses="0" visitedMethods="1" numMethods="1" />
              <MetadataToken>100663696</MetadataToken>
              <Name>System.Random RacelineOptimizer.PSO/&lt;&gt;c::&lt;Optimize&gt;b__16_1()</Name>
              <FileRef uid="4" />
              <SequencePoints>
                <SequencePoint vc="1619" uspid="1167" ordinal="0" offset="0" sl="210" sc="51" el="210" ec="51" bec="0" bev="0" fileid="4" />
              </SequencePoints>
              <BranchPoints />
            </Method>
            <Method visited="true" cyclomaticComplexity="0" nPathComplexity="0" sequenceCoverage="100.0" branchCoverage="0" crapScore="0" isConstructor="false" isStatic="false" isGetter="false" isSetter="false">
              <Summary numSequencePoints="1" visitedSequencePoints="1" numBranchPoints="0" visitedBranchPoints="0" sequenceCoverage="100.0" branchCoverage="0" maxCyclomaticComplexity="0" minCyclomaticComplexity="0" maxCrapScore="0" minCrapScore="0" visitedClasses="0" numClasses="0" visitedMethods="1" numMethods="1" />
              <MetadataToken>100663697</MetadataToken>
              <Name>System.Void RacelineOptimizer.PSO/&lt;&gt;c::&lt;Optimize&gt;b__16_3(System.Random)</Name>
              <FileRef uid="4" />
              <SequencePoints>
                <SequencePoint vc="1619" uspid="1168" ordinal="0" offset="0" sl="248" sc="27" el="248" ec="27" bec="0" bev="0" fileid="4" />
              </SequencePoints>
              <BranchPoints />
            </Method>
            <Method visited="true" cyclomaticComplexity="0" nPathComplexity="0" sequenceCoverage="100.0" branchCoverage="0" crapScore="0" isConstructor="false" isStatic="false" isGetter="false" isSetter="false">
              <Summary numSequencePoints="1" visitedSequencePoints="1" numBranchPoints="0" visitedBranchPoints="0" sequenceCoverage="100.0" branchCoverage="0" maxCyclomaticComplexity="0" minCyclomaticComplexity="0" maxCrapScore="0" minCrapScore="0" visitedClasses="0" numClasses="0" visitedMethods="1" numMethods="1" />
              <MetadataToken>100663698</MetadataToken>
              <Name>System.Single RacelineOptimizer.PSO/&lt;&gt;c::&lt;Optimize&gt;b__16_4(Particle)</Name>
              <FileRef uid="4" />
              <SequencePoints>
                <SequencePoint vc="30" uspid="1169" ordinal="0" offset="0" sl="257" sc="71" el="257" ec="71" bec="0" bev="0" fileid="4" />
              </SequencePoints>
              <BranchPoints />
            </Method>
          </Methods>
        </Class>
        <Class>
          <Summary numSequencePoints="23" visitedSequencePoints="23" numBranchPoints="0" visitedBranchPoints="0" sequenceCoverage="100.0" branchCoverage="0.0" maxCyclomaticComplexity="0" minCyclomaticComplexity="0" maxCrapScore="0" minCrapScore="0" visitedClasses="1" numClasses="1" visitedMethods="1" numMethods="1" />
          <FullName>RacelineOptimizer.PSO/&lt;&gt;c__DisplayClass16_1</FullName>
          <Methods>
            <Method visited="true" cyclomaticComplexity="0" nPathComplexity="0" sequenceCoverage="100.0" branchCoverage="0" crapScore="0" isConstructor="false" isStatic="false" isGetter="false" isSetter="false">
              <Summary numSequencePoints="23" visitedSequencePoints="23" numBranchPoints="0" visitedBranchPoints="0" sequenceCoverage="100.0" branchCoverage="0" maxCyclomaticComplexity="0" minCyclomaticComplexity="0" maxCrapScore="0" minCrapScore="0" visitedClasses="0" numClasses="0" visitedMethods="1" numMethods="1" />
              <MetadataToken>100663701</MetadataToken>
              <Name>System.Random RacelineOptimizer.PSO/&lt;&gt;c__DisplayClass16_1::&lt;Optimize&gt;b__2(Particle, System.Threading.Tasks.ParallelLoopState, System.Random)</Name>
              <FileRef uid="4" />
              <SequencePoints>
                <SequencePoint vc="6000" uspid="1170" ordinal="0" offset="0" sl="212" sc="26" el="212" ec="26" bec="0" bev="0" fileid="4" />
                <SequencePoint vc="4248000" uspid="1171" ordinal="0" offset="7" sl="214" sc="25" el="214" ec="25" bec="0" bev="0" fileid="4" />
                <SequencePoint vc="4248000" uspid="1172" ordinal="0" offset="23" sl="215" sc="25" el="215" ec="25" bec="0" bev="0" fileid="4" />
                <SequencePoint vc="4248000" uspid="1173" ordinal="0" offset="66" sl="216" sc="25" el="216" ec="25" bec="0" bev="0" fileid="4" />
                <SequencePoint vc="4248000" uspid="1174" ordinal="0" offset="115" sl="218" sc="25" el="218" ec="25" bec="0" bev="0" fileid="4" />
                <SequencePoint vc="4248000" uspid="1175" ordinal="0" offset="129" sl="219" sc="25" el="219" ec="25" bec="0" bev="0" fileid="4" />
                <SequencePoint vc="4248000" uspid="1176" ordinal="0" offset="183" sl="221" sc="25" el="221" ec="25" bec="0" bev="0" fileid="4" />
                <SequencePoint vc="4248000" uspid="1177" ordinal="0" offset="207" sl="222" sc="25" el="222" ec="25" bec="0" bev="0" fileid="4" />
                <SequencePoint vc="4248000" uspid="1178" ordinal="0" offset="238" sl="212" sc="53" el="212" ec="53" bec="0" bev="0" fileid="4" />
                <SequencePoint vc="4254000" uspid="1179" ordinal="0" offset="242" sl="212" sc="37" el="212" ec="37" bec="0" bev="0" fileid="4" />
                <SequencePoint vc="6000" uspid="1180" ordinal="0" offset="259" sl="224" sc="21" el="224" ec="21" bec="0" bev="0" fileid="4" />
                <SequencePoint vc="6000" uspid="1181" ordinal="0" offset="279" sl="226" sc="21" el="226" ec="21" bec="0" bev="0" fileid="4" />
                <SequencePoint vc="6000" uspid="1182" ordinal="0" offset="324" sl="227" sc="21" el="227" ec="21" bec="0" bev="0" fileid="4" />
                <SequencePoint vc="5455" uspid="1183" ordinal="0" offset="336" sl="229" sc="25" el="229" ec="25" bec="0" bev="0" fileid="4" />
                <SequencePoint vc="5455" uspid="1184" ordinal="0" offset="343" sl="230" sc="25" el="230" ec="25" bec="0" bev="0" fileid="4" />
                <SequencePoint vc="5455" uspid="1185" ordinal="0" offset="371" sl="231" sc="25" el="231" ec="25" bec="0" bev="0" fileid="4" />
                <SequencePoint vc="5455" uspid="1186" ordinal="0" offset="378" sl="233" sc="25" el="233" ec="25" bec="0" bev="0" fileid="4" />
                <SequencePoint vc="5455" uspid="1187" ordinal="0" offset="403" sl="235" sc="29" el="235" ec="29" bec="0" bev="0" fileid="4" />
                <SequencePoint vc="826" uspid="1188" ordinal="0" offset="417" sl="237" sc="33" el="237" ec="33" bec="0" bev="0" fileid="4" />
                <SequencePoint vc="826" uspid="1189" ordinal="0" offset="429" sl="238" sc="33" el="238" ec="33" bec="0" bev="0" fileid="4" />
                <SequencePoint vc="5455" uspid="1190" ordinal="0" offset="462" sl="240" sc="25" el="240" ec="25" bec="0" bev="0" fileid="4" />
                <SequencePoint vc="545" uspid="1191" ordinal="0" offset="476" sl="244" sc="25" el="244" ec="25" bec="0" bev="0" fileid="4" />
                <SequencePoint vc="6000" uspid="1192" ordinal="0" offset="490" sl="247" sc="21" el="247" ec="21" bec="0" bev="0" fileid="4" />
              </SequencePoints>
              <BranchPoints />
            </Method>
          </Methods>
        </Class>
      </Classes>
    </Module>
  </Modules>
</CoverageSession>