<?xml version="1.0" encoding="utf-8"?>
<CoverageSession xmlns:xsd="http://www.w3.org/2001/XMLSchema" xmlns:xsi="http://www.w3.org/2001/XMLSchema-instance" Version="0.0.0.0">
  <Summary numSequencePoints="826" visitedSequencePoints="0" numBranchPoints="0" visitedBranchPoints="0" sequenceCoverage="0.0" branchCoverage="0.0" maxCyclomaticComplexity="0" minCyclomaticComplexity="0" maxCrapScore="0" minCrapScore="0" visitedClasses="0" numClasses="10" visitedMethods="0" numMethods="59" />
  <Modules>
    <Module>
      <Summary numSequencePoints="826" visitedSequencePoints="0" numBranchPoints="0" visitedBranchPoints="0" sequenceCoverage="0.0" branchCoverage="0.0" maxCyclomaticComplexity="0" minCyclomaticComplexity="0" maxCrapScore="0" minCrapScore="0" visitedClasses="0" numClasses="10" visitedMethods="0" numMethods="59" />
      <ModuleTime>0001-01-01T00:00:00</ModuleTime>
      <ModuleName>MainAssembly</ModuleName>
      <Files>
        <File uid="1" fullPath="C:/Users/seanv/Documents/301/SuperLap/Unity/Assets/Scripts/RacelineOptimizer/CornerDetector.cs" />
        <File uid="2" fullPath="C:/Users/seanv/Documents/301/SuperLap/Unity/Assets/Scripts/RacelineOptimizer/EdgeDataImporter.cs" />
        <File uid="3" fullPath="C:/Users/seanv/Documents/301/SuperLap/Unity/Assets/Scripts/RacelineOptimizer/Particle.cs" />
        <File uid="4" fullPath="C:/Users/seanv/Documents/301/SuperLap/Unity/Assets/Scripts/RacelineOptimizer/PSO.cs" />
        <File uid="5" fullPath="C:/Users/seanv/Documents/301/SuperLap/Unity/Assets/Scripts/RacelineOptimizer/RacelineExporter.cs" />
        <File uid="6" fullPath="C:/Users/seanv/Documents/301/SuperLap/Unity/Assets/Scripts/RacelineOptimizer/SavitzkyGolayFilter.cs" />
        <File uid="7" fullPath="C:/Users/seanv/Documents/301/SuperLap/Unity/Assets/Scripts/RacelineOptimizer/TrackSampler.cs" />
      </Files>
      <Classes>
        <Class>
          <Summary numSequencePoints="153" visitedSequencePoints="0" numBranchPoints="0" visitedBranchPoints="0" sequenceCoverage="0.0" branchCoverage="0.0" maxCyclomaticComplexity="0" minCyclomaticComplexity="0" maxCrapScore="0" minCrapScore="0" visitedClasses="0" numClasses="1" visitedMethods="0" numMethods="8" />
          <FullName>CornerDetector</FullName>
          <Methods>
            <Method visited="false" cyclomaticComplexity="0" nPathComplexity="0" sequenceCoverage="0.0" branchCoverage="0" crapScore="0" isConstructor="false" isStatic="true" isGetter="false" isSetter="false">
              <Summary numSequencePoints="19" visitedSequencePoints="0" numBranchPoints="0" visitedBranchPoints="0" sequenceCoverage="0.0" branchCoverage="0" maxCyclomaticComplexity="0" minCyclomaticComplexity="0" maxCrapScore="0" minCrapScore="0" visitedClasses="0" numClasses="0" visitedMethods="0" numMethods="1" />
              <MetadataToken>100663327</MetadataToken>
              <Name>static System.Collections.Generic.List[CornerSegment] CornerDetector::DetectCorners(System.Collections.Generic.List[ValueTuple`2])</Name>
              <FileRef uid="1" />
              <SequencePoints>
                <SequencePoint vc="0" uspid="5391" ordinal="0" offset="0" sl="49" sc="5" el="49" ec="5" bec="0" bev="0" fileid="1" />
                <SequencePoint vc="0" uspid="5392" ordinal="0" offset="1" sl="50" sc="9" el="50" ec="9" bec="0" bev="0" fileid="1" />
                <SequencePoint vc="0" uspid="5393" ordinal="0" offset="7" sl="52" sc="9" el="52" ec="9" bec="0" bev="0" fileid="1" />
                <SequencePoint vc="0" uspid="5394" ordinal="0" offset="29" sl="53" sc="13" el="53" ec="13" bec="0" bev="0" fileid="1" />
                <SequencePoint vc="0" uspid="5395" ordinal="0" offset="37" sl="55" sc="9" el="55" ec="9" bec="0" bev="0" fileid="1" />
                <SequencePoint vc="0" uspid="5396" ordinal="0" offset="44" sl="56" sc="9" el="56" ec="9" bec="0" bev="0" fileid="1" />
                <SequencePoint vc="0" uspid="5397" ordinal="0" offset="51" sl="58" sc="9" el="58" ec="9" bec="0" bev="0" fileid="1" />
                <SequencePoint vc="0" uspid="5398" ordinal="0" offset="58" sl="60" sc="9" el="60" ec="9" bec="0" bev="0" fileid="1" />
                <SequencePoint vc="0" uspid="5399" ordinal="0" offset="59" sl="60" sc="32" el="60" ec="32" bec="0" bev="0" fileid="1" />
                <SequencePoint vc="0" uspid="5400" ordinal="0" offset="69" sl="60" sc="18" el="60" ec="18" bec="0" bev="0" fileid="1" />
                <SequencePoint vc="0" uspid="5401" ordinal="0" offset="78" sl="61" sc="9" el="61" ec="9" bec="0" bev="0" fileid="1" />
                <SequencePoint vc="0" uspid="5402" ordinal="0" offset="79" sl="62" sc="13" el="62" ec="13" bec="0" bev="0" fileid="1" />
                <SequencePoint vc="0" uspid="5403" ordinal="0" offset="112" sl="63" sc="13" el="63" ec="13" bec="0" bev="0" fileid="1" />
                <SequencePoint vc="0" uspid="5404" ordinal="0" offset="113" sl="64" sc="17" el="64" ec="17" bec="0" bev="0" fileid="1" />
                <SequencePoint vc="0" uspid="5405" ordinal="0" offset="147" sl="65" sc="13" el="65" ec="13" bec="0" bev="0" fileid="1" />
                <SequencePoint vc="0" uspid="5406" ordinal="0" offset="148" sl="66" sc="9" el="66" ec="9" bec="0" bev="0" fileid="1" />
                <SequencePoint vc="0" uspid="5407" ordinal="0" offset="149" sl="60" sc="29" el="60" ec="29" bec="0" bev="0" fileid="1" />
                <SequencePoint vc="0" uspid="5408" ordinal="0" offset="175" sl="68" sc="9" el="68" ec="9" bec="0" bev="0" fileid="1" />
                <SequencePoint vc="0" uspid="5409" ordinal="0" offset="180" sl="69" sc="5" el="69" ec="5" bec="0" bev="0" fileid="1" />
              </SequencePoints>
              <BranchPoints />
            </Method>
            <Method visited="false" cyclomaticComplexity="0" nPathComplexity="0" sequenceCoverage="0.0" branchCoverage="0" crapScore="0" isConstructor="false" isStatic="true" isGetter="false" isSetter="false">
              <Summary numSequencePoints="18" visitedSequencePoints="0" numBranchPoints="0" visitedBranchPoints="0" sequenceCoverage="0.0" branchCoverage="0" maxCyclomaticComplexity="0" minCyclomaticComplexity="0" maxCrapScore="0" minCrapScore="0" visitedClasses="0" numClasses="0" visitedMethods="0" numMethods="1" />
              <MetadataToken>100663328</MetadataToken>
              <Name>static System.Collections.Generic.List[Single] CornerDetector::CalculateRawAngleChanges(System.Collections.Generic.List[ValueTuple`2])</Name>
              <FileRef uid="1" />
              <SequencePoints>
                <SequencePoint vc="0" uspid="5410" ordinal="0" offset="0" sl="72" sc="5" el="72" ec="5" bec="0" bev="0" fileid="1" />
                <SequencePoint vc="0" uspid="5411" ordinal="0" offset="1" sl="73" sc="9" el="73" ec="9" bec="0" bev="0" fileid="1" />
                <SequencePoint vc="0" uspid="5412" ordinal="0" offset="7" sl="75" sc="9" el="75" ec="9" bec="0" bev="0" fileid="1" />
                <SequencePoint vc="0" uspid="5413" ordinal="0" offset="20" sl="76" sc="13" el="76" ec="13" bec="0" bev="0" fileid="1" />
                <SequencePoint vc="0" uspid="5414" ordinal="0" offset="27" sl="78" sc="9" el="78" ec="9" bec="0" bev="0" fileid="1" />
                <SequencePoint vc="0" uspid="5415" ordinal="0" offset="36" sl="80" sc="14" el="80" ec="14" bec="0" bev="0" fileid="1" />
                <SequencePoint vc="0" uspid="5416" ordinal="0" offset="41" sl="81" sc="9" el="81" ec="9" bec="0" bev="0" fileid="1" />
                <SequencePoint vc="0" uspid="5417" ordinal="0" offset="42" sl="82" sc="13" el="82" ec="13" bec="0" bev="0" fileid="1" />
                <SequencePoint vc="0" uspid="5418" ordinal="0" offset="56" sl="84" sc="13" el="84" ec="13" bec="0" bev="0" fileid="1" />
                <SequencePoint vc="0" uspid="5419" ordinal="0" offset="87" sl="85" sc="13" el="85" ec="13" bec="0" bev="0" fileid="1" />
                <SequencePoint vc="0" uspid="5420" ordinal="0" offset="97" sl="86" sc="13" el="86" ec="13" bec="0" bev="0" fileid="1" />
                <SequencePoint vc="0" uspid="5421" ordinal="0" offset="114" sl="88" sc="13" el="88" ec="13" bec="0" bev="0" fileid="1" />
                <SequencePoint vc="0" uspid="5422" ordinal="0" offset="123" sl="89" sc="13" el="89" ec="13" bec="0" bev="0" fileid="1" />
                <SequencePoint vc="0" uspid="5423" ordinal="0" offset="126" sl="90" sc="9" el="90" ec="9" bec="0" bev="0" fileid="1" />
                <SequencePoint vc="0" uspid="5424" ordinal="0" offset="127" sl="80" sc="46" el="80" ec="46" bec="0" bev="0" fileid="1" />
                <SequencePoint vc="0" uspid="5425" ordinal="0" offset="133" sl="80" sc="25" el="80" ec="25" bec="0" bev="0" fileid="1" />
                <SequencePoint vc="0" uspid="5426" ordinal="0" offset="151" sl="92" sc="9" el="92" ec="9" bec="0" bev="0" fileid="1" />
                <SequencePoint vc="0" uspid="5427" ordinal="0" offset="155" sl="93" sc="5" el="93" ec="5" bec="0" bev="0" fileid="1" />
              </SequencePoints>
              <BranchPoints />
            </Method>
            <Method visited="false" cyclomaticComplexity="0" nPathComplexity="0" sequenceCoverage="0.0" branchCoverage="0" crapScore="0" isConstructor="false" isStatic="true" isGetter="false" isSetter="false">
              <Summary numSequencePoints="21" visitedSequencePoints="0" numBranchPoints="0" visitedBranchPoints="0" sequenceCoverage="0.0" branchCoverage="0" maxCyclomaticComplexity="0" minCyclomaticComplexity="0" maxCrapScore="0" minCrapScore="0" visitedClasses="0" numClasses="0" visitedMethods="0" numMethods="1" />
              <MetadataToken>100663329</MetadataToken>
              <Name>static System.Collections.Generic.List[Single] CornerDetector::SmoothAngles(System.Collections.Generic.List[Single])</Name>
              <FileRef uid="1" />
              <SequencePoints>
                <SequencePoint vc="0" uspid="5428" ordinal="0" offset="0" sl="96" sc="5" el="96" ec="5" bec="0" bev="0" fileid="1" />
                <SequencePoint vc="0" uspid="5429" ordinal="0" offset="1" sl="97" sc="9" el="97" ec="9" bec="0" bev="0" fileid="1" />
                <SequencePoint vc="0" uspid="5430" ordinal="0" offset="14" sl="98" sc="13" el="98" ec="13" bec="0" bev="0" fileid="1" />
                <SequencePoint vc="0" uspid="5431" ordinal="0" offset="23" sl="100" sc="9" el="100" ec="9" bec="0" bev="0" fileid="1" />
                <SequencePoint vc="0" uspid="5432" ordinal="0" offset="29" sl="102" sc="14" el="102" ec="14" bec="0" bev="0" fileid="1" />
                <SequencePoint vc="0" uspid="5433" ordinal="0" offset="33" sl="103" sc="9" el="103" ec="9" bec="0" bev="0" fileid="1" />
                <SequencePoint vc="0" uspid="5434" ordinal="0" offset="34" sl="104" sc="13" el="104" ec="13" bec="0" bev="0" fileid="1" />
                <SequencePoint vc="0" uspid="5435" ordinal="0" offset="41" sl="105" sc="13" el="105" ec="13" bec="0" bev="0" fileid="1" />
                <SequencePoint vc="0" uspid="5436" ordinal="0" offset="44" sl="108" sc="18" el="108" ec="18" bec="0" bev="0" fileid="1" />
                <SequencePoint vc="0" uspid="5437" ordinal="0" offset="57" sl="111" sc="13" el="111" ec="13" bec="0" bev="0" fileid="1" />
                <SequencePoint vc="0" uspid="5438" ordinal="0" offset="58" sl="112" sc="17" el="112" ec="17" bec="0" bev="0" fileid="1" />
                <SequencePoint vc="0" uspid="5439" ordinal="0" offset="71" sl="113" sc="17" el="113" ec="17" bec="0" bev="0" fileid="1" />
                <SequencePoint vc="0" uspid="5440" ordinal="0" offset="77" sl="114" sc="13" el="114" ec="13" bec="0" bev="0" fileid="1" />
                <SequencePoint vc="0" uspid="5441" ordinal="0" offset="78" sl="110" sc="18" el="110" ec="18" bec="0" bev="0" fileid="1" />
                <SequencePoint vc="0" uspid="5442" ordinal="0" offset="84" sl="109" sc="18" el="109" ec="18" bec="0" bev="0" fileid="1" />
                <SequencePoint vc="0" uspid="5443" ordinal="0" offset="113" sl="116" sc="13" el="116" ec="13" bec="0" bev="0" fileid="1" />
                <SequencePoint vc="0" uspid="5444" ordinal="0" offset="126" sl="117" sc="9" el="117" ec="9" bec="0" bev="0" fileid="1" />
                <SequencePoint vc="0" uspid="5445" ordinal="0" offset="127" sl="102" sc="46" el="102" ec="46" bec="0" bev="0" fileid="1" />
                <SequencePoint vc="0" uspid="5446" ordinal="0" offset="131" sl="102" sc="25" el="102" ec="25" bec="0" bev="0" fileid="1" />
                <SequencePoint vc="0" uspid="5447" ordinal="0" offset="146" sl="119" sc="9" el="119" ec="9" bec="0" bev="0" fileid="1" />
                <SequencePoint vc="0" uspid="5448" ordinal="0" offset="150" sl="120" sc="5" el="120" ec="5" bec="0" bev="0" fileid="1" />
              </SequencePoints>
              <BranchPoints />
            </Method>
            <Method visited="false" cyclomaticComplexity="0" nPathComplexity="0" sequenceCoverage="0.0" branchCoverage="0" crapScore="0" isConstructor="false" isStatic="true" isGetter="false" isSetter="false">
              <Summary numSequencePoints="62" visitedSequencePoints="0" numBranchPoints="0" visitedBranchPoints="0" sequenceCoverage="0.0" branchCoverage="0" maxCyclomaticComplexity="0" minCyclomaticComplexity="0" maxCrapScore="0" minCrapScore="0" visitedClasses="0" numClasses="0" visitedMethods="0" numMethods="1" />
              <MetadataToken>100663330</MetadataToken>
              <Name>static System.Collections.Generic.List[ValueTuple`3] CornerDetector::FindCornerRegions(System.Collections.Generic.List[Single])</Name>
              <FileRef uid="1" />
              <SequencePoints>
                <SequencePoint vc="0" uspid="5449" ordinal="0" offset="0" sl="123" sc="5" el="123" ec="5" bec="0" bev="0" fileid="1" />
                <SequencePoint vc="0" uspid="5450" ordinal="0" offset="1" sl="124" sc="9" el="124" ec="9" bec="0" bev="0" fileid="1" />
                <SequencePoint vc="0" uspid="5451" ordinal="0" offset="7" sl="126" sc="9" el="126" ec="9" bec="0" bev="0" fileid="1" />
                <SequencePoint vc="0" uspid="5452" ordinal="0" offset="14" sl="128" sc="9" el="128" ec="9" bec="0" bev="0" fileid="1" />
                <SequencePoint vc="0" uspid="5453" ordinal="0" offset="15" sl="129" sc="13" el="129" ec="13" bec="0" bev="0" fileid="1" />
                <SequencePoint vc="0" uspid="5454" ordinal="0" offset="40" sl="130" sc="13" el="130" ec="13" bec="0" bev="0" fileid="1" />
                <SequencePoint vc="0" uspid="5455" ordinal="0" offset="41" sl="131" sc="17" el="131" ec="17" bec="0" bev="0" fileid="1" />
                <SequencePoint vc="0" uspid="5456" ordinal="0" offset="45" sl="132" sc="17" el="132" ec="17" bec="0" bev="0" fileid="1" />
                <SequencePoint vc="0" uspid="5457" ordinal="0" offset="50" sl="135" sc="13" el="135" ec="13" bec="0" bev="0" fileid="1" />
                <SequencePoint vc="0" uspid="5458" ordinal="0" offset="52" sl="136" sc="13" el="136" ec="13" bec="0" bev="0" fileid="1" />
                <SequencePoint vc="0" uspid="5459" ordinal="0" offset="60" sl="137" sc="13" el="137" ec="13" bec="0" bev="0" fileid="1" />
                <SequencePoint vc="0" uspid="5460" ordinal="0" offset="68" sl="138" sc="13" el="138" ec="13" bec="0" bev="0" fileid="1" />
                <SequencePoint vc="0" uspid="5461" ordinal="0" offset="78" sl="140" sc="13" el="140" ec="13" bec="0" bev="0" fileid="1" />
                <SequencePoint vc="0" uspid="5462" ordinal="0" offset="87" sl="144" sc="13" el="144" ec="13" bec="0" bev="0" fileid="1" />
                <SequencePoint vc="0" uspid="5463" ordinal="0" offset="88" sl="145" sc="17" el="145" ec="17" bec="0" bev="0" fileid="1" />
                <SequencePoint vc="0" uspid="5464" ordinal="0" offset="97" sl="146" sc="17" el="146" ec="17" bec="0" bev="0" fileid="1" />
                <SequencePoint vc="0" uspid="5465" ordinal="0" offset="108" sl="148" sc="17" el="148" ec="17" bec="0" bev="0" fileid="1" />
                <SequencePoint vc="0" uspid="5466" ordinal="0" offset="111" sl="150" sc="17" el="150" ec="17" bec="0" bev="0" fileid="1" />
                <SequencePoint vc="0" uspid="5467" ordinal="0" offset="140" sl="151" sc="17" el="151" ec="17" bec="0" bev="0" fileid="1" />
                <SequencePoint vc="0" uspid="5468" ordinal="0" offset="141" sl="152" sc="21" el="152" ec="21" bec="0" bev="0" fileid="1" />
                <SequencePoint vc="0" uspid="5469" ordinal="0" offset="144" sl="153" sc="17" el="153" ec="17" bec="0" bev="0" fileid="1" />
                <SequencePoint vc="0" uspid="5470" ordinal="0" offset="147" sl="154" sc="22" el="154" ec="22" bec="0" bev="0" fileid="1" />
                <SequencePoint vc="0" uspid="5471" ordinal="0" offset="182" sl="155" sc="17" el="155" ec="17" bec="0" bev="0" fileid="1" />
                <SequencePoint vc="0" uspid="5472" ordinal="0" offset="183" sl="156" sc="21" el="156" ec="21" bec="0" bev="0" fileid="1" />
                <SequencePoint vc="0" uspid="5473" ordinal="0" offset="186" sl="157" sc="17" el="157" ec="17" bec="0" bev="0" fileid="1" />
                <SequencePoint vc="0" uspid="5474" ordinal="0" offset="189" sl="158" sc="22" el="158" ec="22" bec="0" bev="0" fileid="1" />
                <SequencePoint vc="0" uspid="5475" ordinal="0" offset="230" sl="159" sc="17" el="159" ec="17" bec="0" bev="0" fileid="1" />
                <SequencePoint vc="0" uspid="5476" ordinal="0" offset="231" sl="160" sc="21" el="160" ec="21" bec="0" bev="0" fileid="1" />
                <SequencePoint vc="0" uspid="5477" ordinal="0" offset="234" sl="161" sc="17" el="161" ec="17" bec="0" bev="0" fileid="1" />
                <SequencePoint vc="0" uspid="5478" ordinal="0" offset="235" sl="163" sc="17" el="163" ec="17" bec="0" bev="0" fileid="1" />
                <SequencePoint vc="0" uspid="5479" ordinal="0" offset="243" sl="164" sc="17" el="164" ec="17" bec="0" bev="0" fileid="1" />
                <SequencePoint vc="0" uspid="5480" ordinal="0" offset="244" sl="165" sc="21" el="165" ec="21" bec="0" bev="0" fileid="1" />
                <SequencePoint vc="0" uspid="5481" ordinal="0" offset="249" sl="166" sc="21" el="166" ec="21" bec="0" bev="0" fileid="1" />
                <SequencePoint vc="0" uspid="5482" ordinal="0" offset="257" sl="167" sc="21" el="167" ec="21" bec="0" bev="0" fileid="1" />
                <SequencePoint vc="0" uspid="5483" ordinal="0" offset="261" sl="168" sc="17" el="168" ec="17" bec="0" bev="0" fileid="1" />
                <SequencePoint vc="0" uspid="5484" ordinal="0" offset="264" sl="170" sc="17" el="170" ec="17" bec="0" bev="0" fileid="1" />
                <SequencePoint vc="0" uspid="5485" ordinal="0" offset="265" sl="171" sc="21" el="171" ec="21" bec="0" bev="0" fileid="1" />
                <SequencePoint vc="0" uspid="5486" ordinal="0" offset="268" sl="172" sc="21" el="172" ec="21" bec="0" bev="0" fileid="1" />
                <SequencePoint vc="0" uspid="5487" ordinal="0" offset="273" sl="174" sc="21" el="174" ec="21" bec="0" bev="0" fileid="1" />
                <SequencePoint vc="0" uspid="5488" ordinal="0" offset="274" sl="175" sc="25" el="175" ec="25" bec="0" bev="0" fileid="1" />
                <SequencePoint vc="0" uspid="5489" ordinal="0" offset="280" sl="176" sc="25" el="176" ec="25" bec="0" bev="0" fileid="1" />
                <SequencePoint vc="0" uspid="5490" ordinal="0" offset="286" sl="177" sc="21" el="177" ec="21" bec="0" bev="0" fileid="1" />
                <SequencePoint vc="0" uspid="5491" ordinal="0" offset="287" sl="173" sc="21" el="173" ec="21" bec="0" bev="0" fileid="1" />
                <SequencePoint vc="0" uspid="5492" ordinal="0" offset="333" sl="179" sc="21" el="179" ec="21" bec="0" bev="0" fileid="1" />
                <SequencePoint vc="0" uspid="5493" ordinal="0" offset="361" sl="180" sc="21" el="180" ec="21" bec="0" bev="0" fileid="1" />
                <SequencePoint vc="0" uspid="5494" ordinal="0" offset="362" sl="182" sc="25" el="182" ec="25" bec="0" bev="0" fileid="1" />
                <SequencePoint vc="0" uspid="5495" ordinal="0" offset="364" sl="185" sc="21" el="185" ec="21" bec="0" bev="0" fileid="1" />
                <SequencePoint vc="0" uspid="5496" ordinal="0" offset="365" sl="186" sc="25" el="186" ec="25" bec="0" bev="0" fileid="1" />
                <SequencePoint vc="0" uspid="5497" ordinal="0" offset="370" sl="187" sc="25" el="187" ec="25" bec="0" bev="0" fileid="1" />
                <SequencePoint vc="0" uspid="5498" ordinal="0" offset="378" sl="188" sc="25" el="188" ec="25" bec="0" bev="0" fileid="1" />
                <SequencePoint vc="0" uspid="5499" ordinal="0" offset="382" sl="189" sc="21" el="189" ec="21" bec="0" bev="0" fileid="1" />
                <SequencePoint vc="0" uspid="5500" ordinal="0" offset="383" sl="190" sc="17" el="190" ec="17" bec="0" bev="0" fileid="1" />
                <SequencePoint vc="0" uspid="5501" ordinal="0" offset="384" sl="191" sc="13" el="191" ec="13" bec="0" bev="0" fileid="1" />
                <SequencePoint vc="0" uspid="5502" ordinal="0" offset="385" sl="143" sc="13" el="143" ec="13" bec="0" bev="0" fileid="1" />
                <SequencePoint vc="0" uspid="5503" ordinal="0" offset="403" sl="193" sc="13" el="193" ec="13" bec="0" bev="0" fileid="1" />
                <SequencePoint vc="0" uspid="5504" ordinal="0" offset="425" sl="194" sc="13" el="194" ec="13" bec="0" bev="0" fileid="1" />
                <SequencePoint vc="0" uspid="5505" ordinal="0" offset="426" sl="195" sc="17" el="195" ec="17" bec="0" bev="0" fileid="1" />
                <SequencePoint vc="0" uspid="5506" ordinal="0" offset="443" sl="196" sc="13" el="196" ec="13" bec="0" bev="0" fileid="1" />
                <SequencePoint vc="0" uspid="5507" ordinal="0" offset="444" sl="197" sc="9" el="197" ec="9" bec="0" bev="0" fileid="1" />
                <SequencePoint vc="0" uspid="5508" ordinal="0" offset="445" sl="127" sc="9" el="127" ec="9" bec="0" bev="0" fileid="1" />
                <SequencePoint vc="0" uspid="5509" ordinal="0" offset="463" sl="199" sc="9" el="199" ec="9" bec="0" bev="0" fileid="1" />
                <SequencePoint vc="0" uspid="5510" ordinal="0" offset="468" sl="200" sc="5" el="200" ec="5" bec="0" bev="0" fileid="1" />
              </SequencePoints>
              <BranchPoints />
            </Method>
            <Method visited="false" cyclomaticComplexity="0" nPathComplexity="0" sequenceCoverage="0.0" branchCoverage="0" crapScore="0" isConstructor="false" isStatic="true" isGetter="false" isSetter="false">
              <Summary numSequencePoints="7" visitedSequencePoints="0" numBranchPoints="0" visitedBranchPoints="0" sequenceCoverage="0.0" branchCoverage="0" maxCyclomaticComplexity="0" minCyclomaticComplexity="0" maxCrapScore="0" minCrapScore="0" visitedClasses="0" numClasses="0" visitedMethods="0" numMethods="1" />
              <MetadataToken>100663331</MetadataToken>
              <Name>static System.Numerics.Vector2 CornerDetector::GetMidDirection(System.Collections.Generic.List[ValueTuple`2], System.Int32, System.Int32)</Name>
              <FileRef uid="1" />
              <SequencePoints>
                <SequencePoint vc="0" uspid="5511" ordinal="0" offset="0" sl="203" sc="5" el="203" ec="5" bec="0" bev="0" fileid="1" />
                <SequencePoint vc="0" uspid="5512" ordinal="0" offset="1" sl="204" sc="9" el="204" ec="9" bec="0" bev="0" fileid="1" />
                <SequencePoint vc="0" uspid="5513" ordinal="0" offset="41" sl="205" sc="9" el="205" ec="9" bec="0" bev="0" fileid="1" />
                <SequencePoint vc="0" uspid="5514" ordinal="0" offset="81" sl="206" sc="9" el="206" ec="9" bec="0" bev="0" fileid="1" />
                <SequencePoint vc="0" uspid="5515" ordinal="0" offset="89" sl="208" sc="9" el="208" ec="9" bec="0" bev="0" fileid="1" />
                <SequencePoint vc="0" uspid="5516" ordinal="0" offset="97" sl="209" sc="9" el="209" ec="9" bec="0" bev="0" fileid="1" />
                <SequencePoint vc="0" uspid="5517" ordinal="0" offset="123" sl="210" sc="5" el="210" ec="5" bec="0" bev="0" fileid="1" />
              </SequencePoints>
              <BranchPoints />
            </Method>
            <Method visited="false" cyclomaticComplexity="0" nPathComplexity="0" sequenceCoverage="0.0" branchCoverage="0" crapScore="0" isConstructor="false" isStatic="true" isGetter="false" isSetter="false">
              <Summary numSequencePoints="11" visitedSequencePoints="0" numBranchPoints="0" visitedBranchPoints="0" sequenceCoverage="0.0" branchCoverage="0" maxCyclomaticComplexity="0" minCyclomaticComplexity="0" maxCrapScore="0" minCrapScore="0" visitedClasses="0" numClasses="0" visitedMethods="0" numMethods="1" />
              <MetadataToken>100663332</MetadataToken>
              <Name>static System.Boolean CornerDetector::IsValidCorner(System.Collections.Generic.List[ValueTuple`2], System.Int32, System.Int32, System.Single)</Name>
              <FileRef uid="1" />
              <SequencePoints>
                <SequencePoint vc="0" uspid="5518" ordinal="0" offset="0" sl="214" sc="5" el="214" ec="5" bec="0" bev="0" fileid="1" />
                <SequencePoint vc="0" uspid="5519" ordinal="0" offset="1" sl="216" sc="9" el="216" ec="9" bec="0" bev="0" fileid="1" />
                <SequencePoint vc="0" uspid="5520" ordinal="0" offset="18" sl="217" sc="13" el="217" ec="13" bec="0" bev="0" fileid="1" />
                <SequencePoint vc="0" uspid="5521" ordinal="0" offset="22" sl="220" sc="9" el="220" ec="9" bec="0" bev="0" fileid="1" />
                <SequencePoint vc="0" uspid="5522" ordinal="0" offset="28" sl="221" sc="9" el="221" ec="9" bec="0" bev="0" fileid="1" />
                <SequencePoint vc="0" uspid="5523" ordinal="0" offset="38" sl="222" sc="13" el="222" ec="13" bec="0" bev="0" fileid="1" />
                <SequencePoint vc="0" uspid="5524" ordinal="0" offset="42" sl="225" sc="9" el="225" ec="9" bec="0" bev="0" fileid="1" />
                <SequencePoint vc="0" uspid="5525" ordinal="0" offset="51" sl="226" sc="9" el="226" ec="9" bec="0" bev="0" fileid="1" />
                <SequencePoint vc="0" uspid="5526" ordinal="0" offset="65" sl="227" sc="13" el="227" ec="13" bec="0" bev="0" fileid="1" />
                <SequencePoint vc="0" uspid="5527" ordinal="0" offset="69" sl="229" sc="9" el="229" ec="9" bec="0" bev="0" fileid="1" />
                <SequencePoint vc="0" uspid="5528" ordinal="0" offset="73" sl="230" sc="5" el="230" ec="5" bec="0" bev="0" fileid="1" />
              </SequencePoints>
              <BranchPoints />
            </Method>
            <Method visited="false" cyclomaticComplexity="0" nPathComplexity="0" sequenceCoverage="0.0" branchCoverage="0" crapScore="0" isConstructor="false" isStatic="true" isGetter="false" isSetter="false">
              <Summary numSequencePoints="12" visitedSequencePoints="0" numBranchPoints="0" visitedBranchPoints="0" sequenceCoverage="0.0" branchCoverage="0" maxCyclomaticComplexity="0" minCyclomaticComplexity="0" maxCrapScore="0" minCrapScore="0" visitedClasses="0" numClasses="0" visitedMethods="0" numMethods="1" />
              <MetadataToken>100663333</MetadataToken>
              <Name>static System.Single CornerDetector::CalculateCornerLength(System.Collections.Generic.List[ValueTuple`2], System.Int32, System.Int32)</Name>
              <FileRef uid="1" />
              <SequencePoints>
                <SequencePoint vc="0" uspid="5529" ordinal="0" offset="0" sl="234" sc="5" el="234" ec="5" bec="0" bev="0" fileid="1" />
                <SequencePoint vc="0" uspid="5530" ordinal="0" offset="1" sl="235" sc="9" el="235" ec="9" bec="0" bev="0" fileid="1" />
                <SequencePoint vc="0" uspid="5531" ordinal="0" offset="7" sl="237" sc="14" el="237" ec="14" bec="0" bev="0" fileid="1" />
                <SequencePoint vc="0" uspid="5532" ordinal="0" offset="11" sl="238" sc="9" el="238" ec="9" bec="0" bev="0" fileid="1" />
                <SequencePoint vc="0" uspid="5533" ordinal="0" offset="12" sl="239" sc="13" el="239" ec="13" bec="0" bev="0" fileid="1" />
                <SequencePoint vc="0" uspid="5534" ordinal="0" offset="52" sl="240" sc="13" el="240" ec="13" bec="0" bev="0" fileid="1" />
                <SequencePoint vc="0" uspid="5535" ordinal="0" offset="96" sl="241" sc="13" el="241" ec="13" bec="0" bev="0" fileid="1" />
                <SequencePoint vc="0" uspid="5536" ordinal="0" offset="106" sl="242" sc="9" el="242" ec="9" bec="0" bev="0" fileid="1" />
                <SequencePoint vc="0" uspid="5537" ordinal="0" offset="107" sl="237" sc="71" el="237" ec="71" bec="0" bev="0" fileid="1" />
                <SequencePoint vc="0" uspid="5538" ordinal="0" offset="111" sl="237" sc="34" el="237" ec="34" bec="0" bev="0" fileid="1" />
                <SequencePoint vc="0" uspid="5539" ordinal="0" offset="135" sl="244" sc="9" el="244" ec="9" bec="0" bev="0" fileid="1" />
                <SequencePoint vc="0" uspid="5540" ordinal="0" offset="140" sl="245" sc="5" el="245" ec="5" bec="0" bev="0" fileid="1" />
              </SequencePoints>
              <BranchPoints />
            </Method>
            <Method visited="false" cyclomaticComplexity="0" nPathComplexity="0" sequenceCoverage="0.0" branchCoverage="0" crapScore="0" isConstructor="false" isStatic="true" isGetter="false" isSetter="false">
              <Summary numSequencePoints="3" visitedSequencePoints="0" numBranchPoints="0" visitedBranchPoints="0" sequenceCoverage="0.0" branchCoverage="0" maxCyclomaticComplexity="0" minCyclomaticComplexity="0" maxCrapScore="0" minCrapScore="0" visitedClasses="0" numClasses="0" visitedMethods="0" numMethods="1" />
              <MetadataToken>100663334</MetadataToken>
              <Name>static CornerDetector/CornerSegment CornerDetector::CreateCornerSegment(System.Collections.Generic.List[ValueTuple`2], System.Int32, System.Int32, System.Single)</Name>
              <FileRef uid="1" />
              <SequencePoints>
                <SequencePoint vc="0" uspid="5541" ordinal="0" offset="0" sl="249" sc="5" el="249" ec="5" bec="0" bev="0" fileid="1" />
                <SequencePoint vc="0" uspid="5542" ordinal="0" offset="1" sl="250" sc="9" el="250" ec="9" bec="0" bev="0" fileid="1" />
                <SequencePoint vc="0" uspid="5543" ordinal="0" offset="68" sl="260" sc="5" el="260" ec="5" bec="0" bev="0" fileid="1" />
              </SequencePoints>
              <BranchPoints />
            </Method>
          </Methods>
        </Class>
        <Class>
          <Summary numSequencePoints="73" visitedSequencePoints="0" numBranchPoints="0" visitedBranchPoints="0" sequenceCoverage="0.0" branchCoverage="0.0" maxCyclomaticComplexity="0" minCyclomaticComplexity="0" maxCrapScore="0" minCrapScore="0" visitedClasses="0" numClasses="1" visitedMethods="0" numMethods="11" />
          <FullName>EdgeData</FullName>
          <Methods>
            <Method visited="false" cyclomaticComplexity="0" nPathComplexity="0" sequenceCoverage="0.0" branchCoverage="0" crapScore="0" isConstructor="false" isStatic="false" isGetter="true" isSetter="false">
              <Summary numSequencePoints="1" visitedSequencePoints="0" numBranchPoints="0" visitedBranchPoints="0" sequenceCoverage="0.0" branchCoverage="0" maxCyclomaticComplexity="0" minCyclomaticComplexity="0" maxCrapScore="0" minCrapScore="0" visitedClasses="0" numClasses="0" visitedMethods="0" numMethods="1" />
              <MetadataToken>100663336</MetadataToken>
              <Name>System.Collections.Generic.List[Vector2] EdgeData::get_OuterBoundary()</Name>
              <FileRef uid="2" />
              <SequencePoints>
                <SequencePoint vc="0" uspid="5544" ordinal="0" offset="0" sl="9" sc="42" el="9" ec="42" bec="0" bev="0" fileid="2" />
              </SequencePoints>
              <BranchPoints />
            </Method>
            <Method visited="false" cyclomaticComplexity="0" nPathComplexity="0" sequenceCoverage="0.0" branchCoverage="0" crapScore="0" isConstructor="false" isStatic="false" isGetter="false" isSetter="true">
              <Summary numSequencePoints="1" visitedSequencePoints="0" numBranchPoints="0" visitedBranchPoints="0" sequenceCoverage="0.0" branchCoverage="0" maxCyclomaticComplexity="0" minCyclomaticComplexity="0" maxCrapScore="0" minCrapScore="0" visitedClasses="0" numClasses="0" visitedMethods="0" numMethods="1" />
              <MetadataToken>100663337</MetadataToken>
              <Name>System.Void EdgeData::set_OuterBoundary(System.Collections.Generic.List[Vector2])</Name>
              <FileRef uid="2" />
              <SequencePoints>
                <SequencePoint vc="0" uspid="5545" ordinal="0" offset="0" sl="9" sc="47" el="9" ec="47" bec="0" bev="0" fileid="2" />
              </SequencePoints>
              <BranchPoints />
            </Method>
            <Method visited="false" cyclomaticComplexity="0" nPathComplexity="0" sequenceCoverage="0.0" branchCoverage="0" crapScore="0" isConstructor="false" isStatic="false" isGetter="true" isSetter="false">
              <Summary numSequencePoints="1" visitedSequencePoints="0" numBranchPoints="0" visitedBranchPoints="0" sequenceCoverage="0.0" branchCoverage="0" maxCyclomaticComplexity="0" minCyclomaticComplexity="0" maxCrapScore="0" minCrapScore="0" visitedClasses="0" numClasses="0" visitedMethods="0" numMethods="1" />
              <MetadataToken>100663338</MetadataToken>
              <Name>System.Collections.Generic.List[Vector2] EdgeData::get_InnerBoundary()</Name>
              <FileRef uid="2" />
              <SequencePoints>
                <SequencePoint vc="0" uspid="5546" ordinal="0" offset="0" sl="10" sc="42" el="10" ec="42" bec="0" bev="0" fileid="2" />
              </SequencePoints>
              <BranchPoints />
            </Method>
            <Method visited="false" cyclomaticComplexity="0" nPathComplexity="0" sequenceCoverage="0.0" branchCoverage="0" crapScore="0" isConstructor="false" isStatic="false" isGetter="false" isSetter="true">
              <Summary numSequencePoints="1" visitedSequencePoints="0" numBranchPoints="0" visitedBranchPoints="0" sequenceCoverage="0.0" branchCoverage="0" maxCyclomaticComplexity="0" minCyclomaticComplexity="0" maxCrapScore="0" minCrapScore="0" visitedClasses="0" numClasses="0" visitedMethods="0" numMethods="1" />
              <MetadataToken>100663339</MetadataToken>
              <Name>System.Void EdgeData::set_InnerBoundary(System.Collections.Generic.List[Vector2])</Name>
              <FileRef uid="2" />
              <SequencePoints>
                <SequencePoint vc="0" uspid="5547" ordinal="0" offset="0" sl="10" sc="47" el="10" ec="47" bec="0" bev="0" fileid="2" />
              </SequencePoints>
              <BranchPoints />
            </Method>
            <Method visited="false" cyclomaticComplexity="0" nPathComplexity="0" sequenceCoverage="0.0" branchCoverage="0" crapScore="0" isConstructor="false" isStatic="true" isGetter="false" isSetter="false">
              <Summary numSequencePoints="10" visitedSequencePoints="0" numBranchPoints="0" visitedBranchPoints="0" sequenceCoverage="0.0" branchCoverage="0" maxCyclomaticComplexity="0" minCyclomaticComplexity="0" maxCrapScore="0" minCrapScore="0" visitedClasses="0" numClasses="0" visitedMethods="0" numMethods="1" />
              <MetadataToken>100663340</MetadataToken>
              <Name>static EdgeData EdgeData::LoadFromBinary(System.String)</Name>
              <FileRef uid="2" />
              <SequencePoints>
                <SequencePoint vc="0" uspid="5548" ordinal="0" offset="0" sl="13" sc="5" el="13" ec="5" bec="0" bev="0" fileid="2" />
                <SequencePoint vc="0" uspid="5549" ordinal="0" offset="1" sl="14" sc="9" el="14" ec="9" bec="0" bev="0" fileid="2" />
                <SequencePoint vc="0" uspid="5550" ordinal="0" offset="7" sl="16" sc="16" el="16" ec="16" bec="0" bev="0" fileid="2" />
                <SequencePoint vc="0" uspid="5551" ordinal="0" offset="16" sl="17" sc="16" el="17" ec="16" bec="0" bev="0" fileid="2" />
                <SequencePoint vc="0" uspid="5552" ordinal="0" offset="23" sl="18" sc="9" el="18" ec="9" bec="0" bev="0" fileid="2" />
                <SequencePoint vc="0" uspid="5553" ordinal="0" offset="24" sl="19" sc="13" el="19" ec="13" bec="0" bev="0" fileid="2" />
                <SequencePoint vc="0" uspid="5554" ordinal="0" offset="37" sl="20" sc="13" el="20" ec="13" bec="0" bev="0" fileid="2" />
                <SequencePoint vc="0" uspid="5555" ordinal="0" offset="50" sl="21" sc="9" el="21" ec="9" bec="0" bev="0" fileid="2" />
                <SequencePoint vc="0" uspid="5556" ordinal="0" offset="77" sl="23" sc="9" el="23" ec="9" bec="0" bev="0" fileid="2" />
                <SequencePoint vc="0" uspid="5557" ordinal="0" offset="81" sl="24" sc="5" el="24" ec="5" bec="0" bev="0" fileid="2" />
              </SequencePoints>
              <BranchPoints />
            </Method>
            <Method visited="false" cyclomaticComplexity="0" nPathComplexity="0" sequenceCoverage="0.0" branchCoverage="0" crapScore="0" isConstructor="false" isStatic="true" isGetter="false" isSetter="false">
              <Summary numSequencePoints="6" visitedSequencePoints="0" numBranchPoints="0" visitedBranchPoints="0" sequenceCoverage="0.0" branchCoverage="0" maxCyclomaticComplexity="0" minCyclomaticComplexity="0" maxCrapScore="0" minCrapScore="0" visitedClasses="0" numClasses="0" visitedMethods="0" numMethods="1" />
              <MetadataToken>100663341</MetadataToken>
              <Name>static EdgeData EdgeData::LoadFromLists(System.Collections.Generic.List[Vector2], System.Collections.Generic.List[Vector2])</Name>
              <FileRef uid="2" />
              <SequencePoints>
                <SequencePoint vc="0" uspid="5558" ordinal="0" offset="0" sl="27" sc="0" el="27" ec="0" bec="0" bev="0" fileid="2" />
                <SequencePoint vc="0" uspid="5559" ordinal="0" offset="1" sl="28" sc="0" el="28" ec="0" bec="0" bev="0" fileid="2" />
                <SequencePoint vc="0" uspid="5560" ordinal="0" offset="7" sl="30" sc="0" el="30" ec="0" bec="0" bev="0" fileid="2" />
                <SequencePoint vc="0" uspid="5561" ordinal="0" offset="20" sl="31" sc="0" el="31" ec="0" bec="0" bev="0" fileid="2" />
                <SequencePoint vc="0" uspid="5562" ordinal="0" offset="33" sl="33" sc="0" el="33" ec="0" bec="0" bev="0" fileid="2" />
                <SequencePoint vc="0" uspid="5563" ordinal="0" offset="37" sl="34" sc="0" el="34" ec="0" bec="0" bev="0" fileid="2" />
              </SequencePoints>
              <BranchPoints />
            </Method>
            <Method visited="false" cyclomaticComplexity="0" nPathComplexity="0" sequenceCoverage="0.0" branchCoverage="0" crapScore="0" isConstructor="false" isStatic="false" isGetter="false" isSetter="false">
              <Summary numSequencePoints="13" visitedSequencePoints="0" numBranchPoints="0" visitedBranchPoints="0" sequenceCoverage="0.0" branchCoverage="0" maxCyclomaticComplexity="0" minCyclomaticComplexity="0" maxCrapScore="0" minCrapScore="0" visitedClasses="0" numClasses="0" visitedMethods="0" numMethods="1" />
              <MetadataToken>100663342</MetadataToken>
              <Name>System.Single EdgeData::GetAverageTrackWidth()</Name>
              <FileRef uid="2" />
              <SequencePoints>
                <SequencePoint vc="0" uspid="5564" ordinal="0" offset="0" sl="37" sc="5" el="37" ec="5" bec="0" bev="0" fileid="2" />
                <SequencePoint vc="0" uspid="5565" ordinal="0" offset="1" sl="38" sc="9" el="38" ec="9" bec="0" bev="0" fileid="2" />
                <SequencePoint vc="0" uspid="5566" ordinal="0" offset="29" sl="39" sc="9" el="39" ec="9" bec="0" bev="0" fileid="2" />
                <SequencePoint vc="0" uspid="5567" ordinal="0" offset="37" sl="39" sc="25" el="39" ec="25" bec="0" bev="0" fileid="2" />
                <SequencePoint vc="0" uspid="5568" ordinal="0" offset="45" sl="41" sc="9" el="41" ec="9" bec="0" bev="0" fileid="2" />
                <SequencePoint vc="0" uspid="5569" ordinal="0" offset="51" sl="42" sc="14" el="42" ec="14" bec="0" bev="0" fileid="2" />
                <SequencePoint vc="0" uspid="5570" ordinal="0" offset="56" sl="43" sc="9" el="43" ec="9" bec="0" bev="0" fileid="2" />
                <SequencePoint vc="0" uspid="5571" ordinal="0" offset="57" sl="44" sc="13" el="44" ec="13" bec="0" bev="0" fileid="2" />
                <SequencePoint vc="0" uspid="5572" ordinal="0" offset="91" sl="45" sc="9" el="45" ec="9" bec="0" bev="0" fileid="2" />
                <SequencePoint vc="0" uspid="5573" ordinal="0" offset="92" sl="42" sc="36" el="42" ec="36" bec="0" bev="0" fileid="2" />
                <SequencePoint vc="0" uspid="5574" ordinal="0" offset="98" sl="42" sc="25" el="42" ec="25" bec="0" bev="0" fileid="2" />
                <SequencePoint vc="0" uspid="5575" ordinal="0" offset="109" sl="47" sc="9" el="47" ec="9" bec="0" bev="0" fileid="2" />
                <SequencePoint vc="0" uspid="5576" ordinal="0" offset="116" sl="48" sc="5" el="48" ec="5" bec="0" bev="0" fileid="2" />
              </SequencePoints>
              <BranchPoints />
            </Method>
            <Method visited="false" cyclomaticComplexity="0" nPathComplexity="0" sequenceCoverage="0.0" branchCoverage="0" crapScore="0" isConstructor="false" isStatic="false" isGetter="false" isSetter="false">
              <Summary numSequencePoints="11" visitedSequencePoints="0" numBranchPoints="0" visitedBranchPoints="0" sequenceCoverage="0.0" branchCoverage="0" maxCyclomaticComplexity="0" minCyclomaticComplexity="0" maxCrapScore="0" minCrapScore="0" visitedClasses="0" numClasses="0" visitedMethods="0" numMethods="1" />
              <MetadataToken>100663343</MetadataToken>
              <Name>System.Numerics.Vector2 EdgeData::GetCenter()</Name>
              <FileRef uid="2" />
              <SequencePoints>
                <SequencePoint vc="0" uspid="5577" ordinal="0" offset="0" sl="51" sc="5" el="51" ec="5" bec="0" bev="0" fileid="2" />
                <SequencePoint vc="0" uspid="5578" ordinal="0" offset="1" sl="52" sc="9" el="52" ec="9" bec="0" bev="0" fileid="2" />
                <SequencePoint vc="0" uspid="5579" ordinal="0" offset="29" sl="53" sc="9" el="53" ec="9" bec="0" bev="0" fileid="2" />
                <SequencePoint vc="0" uspid="5580" ordinal="0" offset="35" sl="55" sc="14" el="55" ec="14" bec="0" bev="0" fileid="2" />
                <SequencePoint vc="0" uspid="5581" ordinal="0" offset="39" sl="56" sc="9" el="56" ec="9" bec="0" bev="0" fileid="2" />
                <SequencePoint vc="0" uspid="5582" ordinal="0" offset="40" sl="57" sc="13" el="57" ec="13" bec="0" bev="0" fileid="2" />
                <SequencePoint vc="0" uspid="5583" ordinal="0" offset="86" sl="58" sc="9" el="58" ec="9" bec="0" bev="0" fileid="2" />
                <SequencePoint vc="0" uspid="5584" ordinal="0" offset="87" sl="55" sc="36" el="55" ec="36" bec="0" bev="0" fileid="2" />
                <SequencePoint vc="0" uspid="5585" ordinal="0" offset="91" sl="55" sc="25" el="55" ec="25" bec="0" bev="0" fileid="2" />
                <SequencePoint vc="0" uspid="5586" ordinal="0" offset="99" sl="60" sc="9" el="60" ec="9" bec="0" bev="0" fileid="2" />
                <SequencePoint vc="0" uspid="5587" ordinal="0" offset="111" sl="61" sc="5" el="61" ec="5" bec="0" bev="0" fileid="2" />
              </SequencePoints>
              <BranchPoints />
            </Method>
            <Method visited="false" cyclomaticComplexity="0" nPathComplexity="0" sequenceCoverage="0.0" branchCoverage="0" crapScore="0" isConstructor="false" isStatic="false" isGetter="false" isSetter="false">
              <Summary numSequencePoints="14" visitedSequencePoints="0" numBranchPoints="0" visitedBranchPoints="0" sequenceCoverage="0.0" branchCoverage="0" maxCyclomaticComplexity="0" minCyclomaticComplexity="0" maxCrapScore="0" minCrapScore="0" visitedClasses="0" numClasses="0" visitedMethods="0" numMethods="1" />
              <MetadataToken>100663344</MetadataToken>
              <Name>System.Void EdgeData::ScaleTrack(System.Numerics.Vector2, System.Single)</Name>
              <FileRef uid="2" />
              <SequencePoints>
                <SequencePoint vc="0" uspid="5588" ordinal="0" offset="0" sl="64" sc="5" el="64" ec="5" bec="0" bev="0" fileid="2" />
                <SequencePoint vc="0" uspid="5589" ordinal="0" offset="1" sl="65" sc="14" el="65" ec="14" bec="0" bev="0" fileid="2" />
                <SequencePoint vc="0" uspid="5590" ordinal="0" offset="5" sl="66" sc="9" el="66" ec="9" bec="0" bev="0" fileid="2" />
                <SequencePoint vc="0" uspid="5591" ordinal="0" offset="6" sl="67" sc="13" el="67" ec="13" bec="0" bev="0" fileid="2" />
                <SequencePoint vc="0" uspid="5592" ordinal="0" offset="49" sl="68" sc="9" el="68" ec="9" bec="0" bev="0" fileid="2" />
                <SequencePoint vc="0" uspid="5593" ordinal="0" offset="50" sl="65" sc="50" el="65" ec="50" bec="0" bev="0" fileid="2" />
                <SequencePoint vc="0" uspid="5594" ordinal="0" offset="54" sl="65" sc="25" el="65" ec="25" bec="0" bev="0" fileid="2" />
                <SequencePoint vc="0" uspid="5595" ordinal="0" offset="72" sl="70" sc="14" el="70" ec="14" bec="0" bev="0" fileid="2" />
                <SequencePoint vc="0" uspid="5596" ordinal="0" offset="76" sl="71" sc="9" el="71" ec="9" bec="0" bev="0" fileid="2" />
                <SequencePoint vc="0" uspid="5597" ordinal="0" offset="77" sl="72" sc="13" el="72" ec="13" bec="0" bev="0" fileid="2" />
                <SequencePoint vc="0" uspid="5598" ordinal="0" offset="120" sl="73" sc="9" el="73" ec="9" bec="0" bev="0" fileid="2" />
                <SequencePoint vc="0" uspid="5599" ordinal="0" offset="121" sl="70" sc="50" el="70" ec="50" bec="0" bev="0" fileid="2" />
                <SequencePoint vc="0" uspid="5600" ordinal="0" offset="125" sl="70" sc="25" el="70" ec="25" bec="0" bev="0" fileid="2" />
                <SequencePoint vc="0" uspid="5601" ordinal="0" offset="143" sl="74" sc="5" el="74" ec="5" bec="0" bev="0" fileid="2" />
              </SequencePoints>
              <BranchPoints />
            </Method>
            <Method visited="false" cyclomaticComplexity="0" nPathComplexity="0" sequenceCoverage="0.0" branchCoverage="0" crapScore="0" isConstructor="false" isStatic="true" isGetter="false" isSetter="false">
              <Summary numSequencePoints="13" visitedSequencePoints="0" numBranchPoints="0" visitedBranchPoints="0" sequenceCoverage="0.0" branchCoverage="0" maxCyclomaticComplexity="0" minCyclomaticComplexity="0" maxCrapScore="0" minCrapScore="0" visitedClasses="0" numClasses="0" visitedMethods="0" numMethods="1" />
              <MetadataToken>100663345</MetadataToken>
              <Name>static System.Collections.Generic.List[Vector2] EdgeData::ReadPoints(System.IO.BinaryReader)</Name>
              <FileRef uid="2" />
              <SequencePoints>
                <SequencePoint vc="0" uspid="5602" ordinal="0" offset="0" sl="78" sc="5" el="78" ec="5" bec="0" bev="0" fileid="2" />
                <SequencePoint vc="0" uspid="5603" ordinal="0" offset="1" sl="79" sc="9" el="79" ec="9" bec="0" bev="0" fileid="2" />
                <SequencePoint vc="0" uspid="5604" ordinal="0" offset="7" sl="80" sc="9" el="80" ec="9" bec="0" bev="0" fileid="2" />
                <SequencePoint vc="0" uspid="5605" ordinal="0" offset="14" sl="82" sc="14" el="82" ec="14" bec="0" bev="0" fileid="2" />
                <SequencePoint vc="0" uspid="5606" ordinal="0" offset="18" sl="83" sc="9" el="83" ec="9" bec="0" bev="0" fileid="2" />
                <SequencePoint vc="0" uspid="5607" ordinal="0" offset="19" sl="84" sc="13" el="84" ec="13" bec="0" bev="0" fileid="2" />
                <SequencePoint vc="0" uspid="5608" ordinal="0" offset="26" sl="85" sc="13" el="85" ec="13" bec="0" bev="0" fileid="2" />
                <SequencePoint vc="0" uspid="5609" ordinal="0" offset="34" sl="86" sc="13" el="86" ec="13" bec="0" bev="0" fileid="2" />
                <SequencePoint vc="0" uspid="5610" ordinal="0" offset="49" sl="87" sc="9" el="87" ec="9" bec="0" bev="0" fileid="2" />
                <SequencePoint vc="0" uspid="5611" ordinal="0" offset="50" sl="82" sc="40" el="82" ec="40" bec="0" bev="0" fileid="2" />
                <SequencePoint vc="0" uspid="5612" ordinal="0" offset="54" sl="82" sc="25" el="82" ec="25" bec="0" bev="0" fileid="2" />
                <SequencePoint vc="0" uspid="5613" ordinal="0" offset="64" sl="89" sc="9" el="89" ec="9" bec="0" bev="0" fileid="2" />
                <SequencePoint vc="0" uspid="5614" ordinal="0" offset="69" sl="90" sc="5" el="90" ec="5" bec="0" bev="0" fileid="2" />
              </SequencePoints>
              <BranchPoints />
            </Method>
            <Method visited="false" cyclomaticComplexity="0" nPathComplexity="0" sequenceCoverage="0.0" branchCoverage="0" crapScore="0" isConstructor="true" isStatic="false" isGetter="false" isSetter="false">
              <Summary numSequencePoints="2" visitedSequencePoints="0" numBranchPoints="0" visitedBranchPoints="0" sequenceCoverage="0.0" branchCoverage="0" maxCyclomaticComplexity="0" minCyclomaticComplexity="0" maxCrapScore="0" minCrapScore="0" visitedClasses="0" numClasses="0" visitedMethods="0" numMethods="1" />
              <MetadataToken>100663346</MetadataToken>
              <Name>EdgeData::EdgeData()</Name>
              <FileRef uid="2" />
              <SequencePoints>
                <SequencePoint vc="0" uspid="5615" ordinal="0" offset="0" sl="9" sc="64" el="9" ec="64" bec="0" bev="0" fileid="2" />
                <SequencePoint vc="0" uspid="5616" ordinal="0" offset="11" sl="10" sc="64" el="10" ec="64" bec="0" bev="0" fileid="2" />
              </SequencePoints>
              <BranchPoints />
            </Method>
          </Methods>
        </Class>
        <Class>
          <Summary numSequencePoints="28" visitedSequencePoints="0" numBranchPoints="0" visitedBranchPoints="0" sequenceCoverage="0.0" branchCoverage="0.0" maxCyclomaticComplexity="0" minCyclomaticComplexity="0" maxCrapScore="0" minCrapScore="0" visitedClasses="0" numClasses="1" visitedMethods="0" numMethods="2" />
          <FullName>Particle</FullName>
          <Methods>
            <Method visited="false" cyclomaticComplexity="0" nPathComplexity="0" sequenceCoverage="0.0" branchCoverage="0" crapScore="0" isConstructor="false" isStatic="false" isGetter="false" isSetter="false">
              <Summary numSequencePoints="12" visitedSequencePoints="0" numBranchPoints="0" visitedBranchPoints="0" sequenceCoverage="0.0" branchCoverage="0" maxCyclomaticComplexity="0" minCyclomaticComplexity="0" maxCrapScore="0" minCrapScore="0" visitedClasses="0" numClasses="0" visitedMethods="0" numMethods="1" />
              <MetadataToken>100663348</MetadataToken>
              <Name>System.Void Particle::Randomize(System.Random)</Name>
              <FileRef uid="3" />
              <SequencePoints>
                <SequencePoint vc="0" uspid="5617" ordinal="0" offset="0" sl="28" sc="5" el="28" ec="5" bec="0" bev="0" fileid="3" />
                <SequencePoint vc="0" uspid="5618" ordinal="0" offset="1" sl="29" sc="14" el="29" ec="14" bec="0" bev="0" fileid="3" />
                <SequencePoint vc="0" uspid="5619" ordinal="0" offset="5" sl="30" sc="9" el="30" ec="9" bec="0" bev="0" fileid="3" />
                <SequencePoint vc="0" uspid="5620" ordinal="0" offset="6" sl="31" sc="13" el="31" ec="13" bec="0" bev="0" fileid="3" />
                <SequencePoint vc="0" uspid="5621" ordinal="0" offset="21" sl="32" sc="13" el="32" ec="13" bec="0" bev="0" fileid="3" />
                <SequencePoint vc="0" uspid="5622" ordinal="0" offset="48" sl="33" sc="13" el="33" ec="13" bec="0" bev="0" fileid="3" />
                <SequencePoint vc="0" uspid="5623" ordinal="0" offset="64" sl="34" sc="9" el="34" ec="9" bec="0" bev="0" fileid="3" />
                <SequencePoint vc="0" uspid="5624" ordinal="0" offset="65" sl="29" sc="46" el="29" ec="46" bec="0" bev="0" fileid="3" />
                <SequencePoint vc="0" uspid="5625" ordinal="0" offset="69" sl="29" sc="25" el="29" ec="25" bec="0" bev="0" fileid="3" />
                <SequencePoint vc="0" uspid="5626" ordinal="0" offset="84" sl="35" sc="9" el="35" ec="9" bec="0" bev="0" fileid="3" />
                <SequencePoint vc="0" uspid="5627" ordinal="0" offset="95" sl="36" sc="9" el="36" ec="9" bec="0" bev="0" fileid="3" />
                <SequencePoint vc="0" uspid="5628" ordinal="0" offset="102" sl="37" sc="5" el="37" ec="5" bec="0" bev="0" fileid="3" />
              </SequencePoints>
              <BranchPoints />
            </Method>
            <Method visited="false" cyclomaticComplexity="0" nPathComplexity="0" sequenceCoverage="0.0" branchCoverage="0" crapScore="0" isConstructor="true" isStatic="false" isGetter="false" isSetter="false">
              <Summary numSequencePoints="16" visitedSequencePoints="0" numBranchPoints="0" visitedBranchPoints="0" sequenceCoverage="0.0" branchCoverage="0" maxCyclomaticComplexity="0" minCyclomaticComplexity="0" maxCrapScore="0" minCrapScore="0" visitedClasses="0" numClasses="0" visitedMethods="0" numMethods="1" />
              <MetadataToken>100663347</MetadataToken>
              <Name>Particle::Particle(System.Int32, System.Random)</Name>
              <FileRef uid="3" />
              <SequencePoints>
                <SequencePoint vc="0" uspid="5629" ordinal="0" offset="0" sl="9" sc="5" el="9" ec="5" bec="0" bev="0" fileid="3" />
                <SequencePoint vc="0" uspid="5630" ordinal="0" offset="7" sl="11" sc="5" el="11" ec="5" bec="0" bev="0" fileid="3" />
                <SequencePoint vc="0" uspid="5631" ordinal="0" offset="14" sl="12" sc="5" el="12" ec="5" bec="0" bev="0" fileid="3" />
                <SequencePoint vc="0" uspid="5632" ordinal="0" offset="15" sl="13" sc="9" el="13" ec="9" bec="0" bev="0" fileid="3" />
                <SequencePoint vc="0" uspid="5633" ordinal="0" offset="27" sl="14" sc="9" el="14" ec="9" bec="0" bev="0" fileid="3" />
                <SequencePoint vc="0" uspid="5634" ordinal="0" offset="39" sl="15" sc="9" el="15" ec="9" bec="0" bev="0" fileid="3" />
                <SequencePoint vc="0" uspid="5635" ordinal="0" offset="51" sl="17" sc="14" el="17" ec="14" bec="0" bev="0" fileid="3" />
                <SequencePoint vc="0" uspid="5636" ordinal="0" offset="55" sl="18" sc="9" el="18" ec="9" bec="0" bev="0" fileid="3" />
                <SequencePoint vc="0" uspid="5637" ordinal="0" offset="56" sl="19" sc="13" el="19" ec="13" bec="0" bev="0" fileid="3" />
                <SequencePoint vc="0" uspid="5638" ordinal="0" offset="71" sl="20" sc="13" el="20" ec="13" bec="0" bev="0" fileid="3" />
                <SequencePoint vc="0" uspid="5639" ordinal="0" offset="98" sl="21" sc="13" el="21" ec="13" bec="0" bev="0" fileid="3" />
                <SequencePoint vc="0" uspid="5640" ordinal="0" offset="114" sl="22" sc="9" el="22" ec="9" bec="0" bev="0" fileid="3" />
                <SequencePoint vc="0" uspid="5641" ordinal="0" offset="115" sl="17" sc="41" el="17" ec="41" bec="0" bev="0" fileid="3" />
                <SequencePoint vc="0" uspid="5642" ordinal="0" offset="119" sl="17" sc="25" el="17" ec="25" bec="0" bev="0" fileid="3" />
                <SequencePoint vc="0" uspid="5643" ordinal="0" offset="127" sl="24" sc="9" el="24" ec="9" bec="0" bev="0" fileid="3" />
                <SequencePoint vc="0" uspid="5644" ordinal="0" offset="138" sl="25" sc="5" el="25" ec="5" bec="0" bev="0" fileid="3" />
              </SequencePoints>
              <BranchPoints />
            </Method>
          </Methods>
        </Class>
        <Class>
          <Summary numSequencePoints="254" visitedSequencePoints="0" numBranchPoints="0" visitedBranchPoints="0" sequenceCoverage="0.0" branchCoverage="0.0" maxCyclomaticComplexity="0" minCyclomaticComplexity="0" maxCrapScore="0" minCrapScore="0" visitedClasses="0" numClasses="1" visitedMethods="0" numMethods="11" />
          <FullName>RacelineOptimizer.PSO</FullName>
          <Methods>
            <Method visited="false" cyclomaticComplexity="0" nPathComplexity="0" sequenceCoverage="0.0" branchCoverage="0" crapScore="0" isConstructor="false" isStatic="true" isGetter="false" isSetter="false">
              <Summary numSequencePoints="3" visitedSequencePoints="0" numBranchPoints="0" visitedBranchPoints="0" sequenceCoverage="0.0" branchCoverage="0" maxCyclomaticComplexity="0" minCyclomaticComplexity="0" maxCrapScore="0" minCrapScore="0" visitedClasses="0" numClasses="0" visitedMethods="0" numMethods="1" />
              <MetadataToken>100663563</MetadataToken>
              <Name>static System.Single RacelineOptimizer.PSO::Clamp(System.Single, System.Single, System.Single)</Name>
              <FileRef uid="4" />
              <SequencePoints>
                <SequencePoint vc="0" uspid="5645" ordinal="0" offset="0" sl="49" sc="9" el="49" ec="9" bec="0" bev="0" fileid="4" />
                <SequencePoint vc="0" uspid="5646" ordinal="0" offset="1" sl="50" sc="13" el="50" ec="13" bec="0" bev="0" fileid="4" />
                <SequencePoint vc="0" uspid="5647" ordinal="0" offset="17" sl="51" sc="9" el="51" ec="9" bec="0" bev="0" fileid="4" />
              </SequencePoints>
              <BranchPoints />
            </Method>
            <Method visited="false" cyclomaticComplexity="0" nPathComplexity="0" sequenceCoverage="0.0" branchCoverage="0" crapScore="0" isConstructor="false" isStatic="true" isGetter="false" isSetter="false">
              <Summary numSequencePoints="15" visitedSequencePoints="0" numBranchPoints="0" visitedBranchPoints="0" sequenceCoverage="0.0" branchCoverage="0" maxCyclomaticComplexity="0" minCyclomaticComplexity="0" maxCrapScore="0" minCrapScore="0" visitedClasses="0" numClasses="0" visitedMethods="0" numMethods="1" />
              <MetadataToken>100663564</MetadataToken>
              <Name>static System.Single RacelineOptimizer.PSO::GetCornerBias(System.Collections.Generic.List[CornerSegment], System.Int32)</Name>
              <FileRef uid="4" />
              <SequencePoints>
                <SequencePoint vc="0" uspid="5648" ordinal="0" offset="0" sl="54" sc="9" el="54" ec="9" bec="0" bev="0" fileid="4" />
                <SequencePoint vc="0" uspid="5649" ordinal="0" offset="1" sl="55" sc="13" el="55" ec="13" bec="0" bev="0" fileid="4" />
                <SequencePoint vc="0" uspid="5650" ordinal="0" offset="2" sl="55" sc="36" el="55" ec="36" bec="0" bev="0" fileid="4" />
                <SequencePoint vc="0" uspid="5651" ordinal="0" offset="14" sl="55" sc="22" el="55" ec="22" bec="0" bev="0" fileid="4" />
                <SequencePoint vc="0" uspid="5652" ordinal="0" offset="22" sl="56" sc="13" el="56" ec="13" bec="0" bev="0" fileid="4" />
                <SequencePoint vc="0" uspid="5653" ordinal="0" offset="23" sl="57" sc="17" el="57" ec="17" bec="0" bev="0" fileid="4" />
                <SequencePoint vc="0" uspid="5654" ordinal="0" offset="39" sl="58" sc="21" el="58" ec="21" bec="0" bev="0" fileid="4" />
                <SequencePoint vc="0" uspid="5655" ordinal="0" offset="44" sl="60" sc="17" el="60" ec="17" bec="0" bev="0" fileid="4" />
                <SequencePoint vc="0" uspid="5656" ordinal="0" offset="73" sl="61" sc="17" el="61" ec="17" bec="0" bev="0" fileid="4" />
                <SequencePoint vc="0" uspid="5657" ordinal="0" offset="116" sl="64" sc="17" el="64" ec="17" bec="0" bev="0" fileid="4" />
                <SequencePoint vc="0" uspid="5658" ordinal="0" offset="130" sl="65" sc="17" el="65" ec="17" bec="0" bev="0" fileid="4" />
                <SequencePoint vc="0" uspid="5659" ordinal="0" offset="142" sl="67" sc="17" el="67" ec="17" bec="0" bev="0" fileid="4" />
                <SequencePoint vc="0" uspid="5660" ordinal="0" offset="173" sl="55" sc="33" el="55" ec="33" bec="0" bev="0" fileid="4" />
                <SequencePoint vc="0" uspid="5661" ordinal="0" offset="202" sl="72" sc="13" el="72" ec="13" bec="0" bev="0" fileid="4" />
                <SequencePoint vc="0" uspid="5662" ordinal="0" offset="211" sl="73" sc="9" el="73" ec="9" bec="0" bev="0" fileid="4" />
              </SequencePoints>
              <BranchPoints />
            </Method>
            <Method visited="false" cyclomaticComplexity="0" nPathComplexity="0" sequenceCoverage="0.0" branchCoverage="0" crapScore="0" isConstructor="false" isStatic="false" isGetter="false" isSetter="false">
              <Summary numSequencePoints="31" visitedSequencePoints="0" numBranchPoints="0" visitedBranchPoints="0" sequenceCoverage="0.0" branchCoverage="0" maxCyclomaticComplexity="0" minCyclomaticComplexity="0" maxCrapScore="0" minCrapScore="0" visitedClasses="0" numClasses="0" visitedMethods="0" numMethods="1" />
              <MetadataToken>100663565</MetadataToken>
              <Name>System.Single RacelineOptimizer.PSO::CalculateCorneringCost(System.Collections.Generic.List[ValueTuple`2], System.Collections.Generic.List[CornerSegment], System.Single[])</Name>
              <FileRef uid="4" />
              <SequencePoints>
                <SequencePoint vc="0" uspid="5663" ordinal="0" offset="0" sl="76" sc="9" el="76" ec="9" bec="0" bev="0" fileid="4" />
                <SequencePoint vc="0" uspid="5664" ordinal="0" offset="1" sl="77" sc="13" el="77" ec="13" bec="0" bev="0" fileid="4" />
                <SequencePoint vc="0" uspid="5665" ordinal="0" offset="7" sl="78" sc="18" el="78" ec="18" bec="0" bev="0" fileid="4" />
                <SequencePoint vc="0" uspid="5666" ordinal="0" offset="14" sl="79" sc="13" el="79" ec="13" bec="0" bev="0" fileid="4" />
                <SequencePoint vc="0" uspid="5667" ordinal="0" offset="15" sl="80" sc="17" el="80" ec="17" bec="0" bev="0" fileid="4" />
                <SequencePoint vc="0" uspid="5668" ordinal="0" offset="23" sl="81" sc="17" el="81" ec="17" bec="0" bev="0" fileid="4" />
                <SequencePoint vc="0" uspid="5669" ordinal="0" offset="27" sl="83" sc="17" el="83" ec="17" bec="0" bev="0" fileid="4" />
                <SequencePoint vc="0" uspid="5670" ordinal="0" offset="41" sl="84" sc="17" el="84" ec="17" bec="0" bev="0" fileid="4" />
                <SequencePoint vc="0" uspid="5671" ordinal="0" offset="42" sl="85" sc="21" el="85" ec="21" bec="0" bev="0" fileid="4" />
                <SequencePoint vc="0" uspid="5672" ordinal="0" offset="58" sl="86" sc="21" el="86" ec="21" bec="0" bev="0" fileid="4" />
                <SequencePoint vc="0" uspid="5673" ordinal="0" offset="59" sl="87" sc="25" el="87" ec="25" bec="0" bev="0" fileid="4" />
                <SequencePoint vc="0" uspid="5674" ordinal="0" offset="77" sl="88" sc="21" el="88" ec="21" bec="0" bev="0" fileid="4" />
                <SequencePoint vc="0" uspid="5675" ordinal="0" offset="80" sl="90" sc="21" el="90" ec="21" bec="0" bev="0" fileid="4" />
                <SequencePoint vc="0" uspid="5676" ordinal="0" offset="81" sl="91" sc="25" el="91" ec="25" bec="0" bev="0" fileid="4" />
                <SequencePoint vc="0" uspid="5677" ordinal="0" offset="99" sl="92" sc="21" el="92" ec="21" bec="0" bev="0" fileid="4" />
                <SequencePoint vc="0" uspid="5678" ordinal="0" offset="100" sl="93" sc="17" el="93" ec="17" bec="0" bev="0" fileid="4" />
                <SequencePoint vc="0" uspid="5679" ordinal="0" offset="103" sl="94" sc="22" el="94" ec="22" bec="0" bev="0" fileid="4" />
                <SequencePoint vc="0" uspid="5680" ordinal="0" offset="117" sl="95" sc="17" el="95" ec="17" bec="0" bev="0" fileid="4" />
                <SequencePoint vc="0" uspid="5681" ordinal="0" offset="118" sl="96" sc="21" el="96" ec="21" bec="0" bev="0" fileid="4" />
                <SequencePoint vc="0" uspid="5682" ordinal="0" offset="134" sl="97" sc="21" el="97" ec="21" bec="0" bev="0" fileid="4" />
                <SequencePoint vc="0" uspid="5683" ordinal="0" offset="135" sl="98" sc="25" el="98" ec="25" bec="0" bev="0" fileid="4" />
                <SequencePoint vc="0" uspid="5684" ordinal="0" offset="147" sl="99" sc="21" el="99" ec="21" bec="0" bev="0" fileid="4" />
                <SequencePoint vc="0" uspid="5685" ordinal="0" offset="150" sl="101" sc="21" el="101" ec="21" bec="0" bev="0" fileid="4" />
                <SequencePoint vc="0" uspid="5686" ordinal="0" offset="151" sl="102" sc="25" el="102" ec="25" bec="0" bev="0" fileid="4" />
                <SequencePoint vc="0" uspid="5687" ordinal="0" offset="163" sl="103" sc="21" el="103" ec="21" bec="0" bev="0" fileid="4" />
                <SequencePoint vc="0" uspid="5688" ordinal="0" offset="164" sl="104" sc="17" el="104" ec="17" bec="0" bev="0" fileid="4" />
                <SequencePoint vc="0" uspid="5689" ordinal="0" offset="165" sl="105" sc="13" el="105" ec="13" bec="0" bev="0" fileid="4" />
                <SequencePoint vc="0" uspid="5690" ordinal="0" offset="166" sl="78" sc="46" el="78" ec="46" bec="0" bev="0" fileid="4" />
                <SequencePoint vc="0" uspid="5691" ordinal="0" offset="170" sl="78" sc="29" el="78" ec="29" bec="0" bev="0" fileid="4" />
                <SequencePoint vc="0" uspid="5692" ordinal="0" offset="188" sl="106" sc="13" el="106" ec="13" bec="0" bev="0" fileid="4" />
                <SequencePoint vc="0" uspid="5693" ordinal="0" offset="193" sl="107" sc="9" el="107" ec="9" bec="0" bev="0" fileid="4" />
              </SequencePoints>
              <BranchPoints />
            </Method>
            <Method visited="false" cyclomaticComplexity="0" nPathComplexity="0" sequenceCoverage="0.0" branchCoverage="0" crapScore="0" isConstructor="false" isStatic="false" isGetter="false" isSetter="false">
              <Summary numSequencePoints="22" visitedSequencePoints="0" numBranchPoints="0" visitedBranchPoints="0" sequenceCoverage="0.0" branchCoverage="0" maxCyclomaticComplexity="0" minCyclomaticComplexity="0" maxCrapScore="0" minCrapScore="0" visitedClasses="0" numClasses="0" visitedMethods="0" numMethods="1" />
              <MetadataToken>100663566</MetadataToken>
              <Name>System.Single RacelineOptimizer.PSO::CalculateSmoothnessCost(System.Collections.Generic.List[Vector2])</Name>
              <FileRef uid="4" />
              <SequencePoints>
                <SequencePoint vc="0" uspid="5694" ordinal="0" offset="0" sl="111" sc="9" el="111" ec="9" bec="0" bev="0" fileid="4" />
                <SequencePoint vc="0" uspid="5695" ordinal="0" offset="1" sl="112" sc="13" el="112" ec="13" bec="0" bev="0" fileid="4" />
                <SequencePoint vc="0" uspid="5696" ordinal="0" offset="7" sl="113" sc="13" el="113" ec="13" bec="0" bev="0" fileid="4" />
                <SequencePoint vc="0" uspid="5697" ordinal="0" offset="14" sl="114" sc="13" el="114" ec="13" bec="0" bev="0" fileid="4" />
                <SequencePoint vc="0" uspid="5698" ordinal="0" offset="22" sl="114" sc="28" el="114" ec="28" bec="0" bev="0" fileid="4" />
                <SequencePoint vc="0" uspid="5699" ordinal="0" offset="33" sl="116" sc="18" el="116" ec="18" bec="0" bev="0" fileid="4" />
                <SequencePoint vc="0" uspid="5700" ordinal="0" offset="41" sl="117" sc="13" el="117" ec="13" bec="0" bev="0" fileid="4" />
                <SequencePoint vc="0" uspid="5701" ordinal="0" offset="42" sl="118" sc="17" el="118" ec="17" bec="0" bev="0" fileid="4" />
                <SequencePoint vc="0" uspid="5702" ordinal="0" offset="54" sl="119" sc="17" el="119" ec="17" bec="0" bev="0" fileid="4" />
                <SequencePoint vc="0" uspid="5703" ordinal="0" offset="64" sl="120" sc="17" el="120" ec="17" bec="0" bev="0" fileid="4" />
                <SequencePoint vc="0" uspid="5704" ordinal="0" offset="76" sl="122" sc="17" el="122" ec="17" bec="0" bev="0" fileid="4" />
                <SequencePoint vc="0" uspid="5705" ordinal="0" offset="92" sl="123" sc="17" el="123" ec="17" bec="0" bev="0" fileid="4" />
                <SequencePoint vc="0" uspid="5706" ordinal="0" offset="108" sl="125" sc="17" el="125" ec="17" bec="0" bev="0" fileid="4" />
                <SequencePoint vc="0" uspid="5707" ordinal="0" offset="119" sl="126" sc="17" el="126" ec="17" bec="0" bev="0" fileid="4" />
                <SequencePoint vc="0" uspid="5708" ordinal="0" offset="138" sl="128" sc="17" el="128" ec="17" bec="0" bev="0" fileid="4" />
                <SequencePoint vc="0" uspid="5709" ordinal="0" offset="147" sl="130" sc="17" el="130" ec="17" bec="0" bev="0" fileid="4" />
                <SequencePoint vc="0" uspid="5710" ordinal="0" offset="161" sl="131" sc="17" el="131" ec="17" bec="0" bev="0" fileid="4" />
                <SequencePoint vc="0" uspid="5711" ordinal="0" offset="169" sl="132" sc="13" el="132" ec="13" bec="0" bev="0" fileid="4" />
                <SequencePoint vc="0" uspid="5712" ordinal="0" offset="170" sl="116" sc="44" el="116" ec="44" bec="0" bev="0" fileid="4" />
                <SequencePoint vc="0" uspid="5713" ordinal="0" offset="176" sl="116" sc="29" el="116" ec="29" bec="0" bev="0" fileid="4" />
                <SequencePoint vc="0" uspid="5714" ordinal="0" offset="192" sl="134" sc="13" el="134" ec="13" bec="0" bev="0" fileid="4" />
                <SequencePoint vc="0" uspid="5715" ordinal="0" offset="202" sl="135" sc="9" el="135" ec="9" bec="0" bev="0" fileid="4" />
              </SequencePoints>
              <BranchPoints />
            </Method>
            <Method visited="false" cyclomaticComplexity="0" nPathComplexity="0" sequenceCoverage="0.0" branchCoverage="0" crapScore="0" isConstructor="false" isStatic="false" isGetter="false" isSetter="false">
              <Summary numSequencePoints="10" visitedSequencePoints="0" numBranchPoints="0" visitedBranchPoints="0" sequenceCoverage="0.0" branchCoverage="0" maxCyclomaticComplexity="0" minCyclomaticComplexity="0" maxCrapScore="0" minCrapScore="0" visitedClasses="0" numClasses="0" visitedMethods="0" numMethods="1" />
              <MetadataToken>100663567</MetadataToken>
              <Name>System.Single RacelineOptimizer.PSO::EvaluateDistanceCost(System.Collections.Generic.List[Vector2])</Name>
              <FileRef uid="4" />
              <SequencePoints>
                <SequencePoint vc="0" uspid="5716" ordinal="0" offset="0" sl="138" sc="9" el="138" ec="9" bec="0" bev="0" fileid="4" />
                <SequencePoint vc="0" uspid="5717" ordinal="0" offset="1" sl="139" sc="13" el="139" ec="13" bec="0" bev="0" fileid="4" />
                <SequencePoint vc="0" uspid="5718" ordinal="0" offset="7" sl="140" sc="18" el="140" ec="18" bec="0" bev="0" fileid="4" />
                <SequencePoint vc="0" uspid="5719" ordinal="0" offset="11" sl="141" sc="13" el="141" ec="13" bec="0" bev="0" fileid="4" />
                <SequencePoint vc="0" uspid="5720" ordinal="0" offset="12" sl="142" sc="17" el="142" ec="17" bec="0" bev="0" fileid="4" />
                <SequencePoint vc="0" uspid="5721" ordinal="0" offset="36" sl="143" sc="13" el="143" ec="13" bec="0" bev="0" fileid="4" />
                <SequencePoint vc="0" uspid="5722" ordinal="0" offset="37" sl="140" sc="45" el="140" ec="45" bec="0" bev="0" fileid="4" />
                <SequencePoint vc="0" uspid="5723" ordinal="0" offset="41" sl="140" sc="29" el="140" ec="29" bec="0" bev="0" fileid="4" />
                <SequencePoint vc="0" uspid="5724" ordinal="0" offset="54" sl="144" sc="13" el="144" ec="13" bec="0" bev="0" fileid="4" />
                <SequencePoint vc="0" uspid="5725" ordinal="0" offset="58" sl="145" sc="9" el="145" ec="9" bec="0" bev="0" fileid="4" />
              </SequencePoints>
              <BranchPoints />
            </Method>
            <Method visited="false" cyclomaticComplexity="0" nPathComplexity="0" sequenceCoverage="0.0" branchCoverage="0" crapScore="0" isConstructor="false" isStatic="false" isGetter="false" isSetter="false">
              <Summary numSequencePoints="13" visitedSequencePoints="0" numBranchPoints="0" visitedBranchPoints="0" sequenceCoverage="0.0" branchCoverage="0" maxCyclomaticComplexity="0" minCyclomaticComplexity="0" maxCrapScore="0" minCrapScore="0" visitedClasses="0" numClasses="0" visitedMethods="0" numMethods="1" />
              <MetadataToken>100663568</MetadataToken>
              <Name>System.Single RacelineOptimizer.PSO::EvaluateCost(System.Collections.Generic.List[ValueTuple`2], System.Single[], System.Collections.Generic.List[CornerSegment])</Name>
              <FileRef uid="4" />
              <SequencePoints>
                <SequencePoint vc="0" uspid="5726" ordinal="0" offset="0" sl="148" sc="9" el="148" ec="9" bec="0" bev="0" fileid="4" />
                <SequencePoint vc="0" uspid="5727" ordinal="0" offset="1" sl="149" sc="13" el="149" ec="13" bec="0" bev="0" fileid="4" />
                <SequencePoint vc="0" uspid="5728" ordinal="0" offset="13" sl="150" sc="18" el="150" ec="18" bec="0" bev="0" fileid="4" />
                <SequencePoint vc="0" uspid="5729" ordinal="0" offset="18" sl="151" sc="17" el="151" ec="17" bec="0" bev="0" fileid="4" />
                <SequencePoint vc="0" uspid="5730" ordinal="0" offset="60" sl="150" sc="46" el="150" ec="46" bec="0" bev="0" fileid="4" />
                <SequencePoint vc="0" uspid="5731" ordinal="0" offset="66" sl="150" sc="29" el="150" ec="29" bec="0" bev="0" fileid="4" />
                <SequencePoint vc="0" uspid="5732" ordinal="0" offset="82" sl="153" sc="13" el="153" ec="13" bec="0" bev="0" fileid="4" />
                <SequencePoint vc="0" uspid="5733" ordinal="0" offset="88" sl="154" sc="13" el="154" ec="13" bec="0" bev="0" fileid="4" />
                <SequencePoint vc="0" uspid="5734" ordinal="0" offset="98" sl="155" sc="13" el="155" ec="13" bec="0" bev="0" fileid="4" />
                <SequencePoint vc="0" uspid="5735" ordinal="0" offset="106" sl="156" sc="13" el="156" ec="13" bec="0" bev="0" fileid="4" />
                <SequencePoint vc="0" uspid="5736" ordinal="0" offset="115" sl="157" sc="13" el="157" ec="13" bec="0" bev="0" fileid="4" />
                <SequencePoint vc="0" uspid="5737" ordinal="0" offset="145" sl="161" sc="13" el="161" ec="13" bec="0" bev="0" fileid="4" />
                <SequencePoint vc="0" uspid="5738" ordinal="0" offset="150" sl="162" sc="9" el="162" ec="9" bec="0" bev="0" fileid="4" />
              </SequencePoints>
              <BranchPoints />
            </Method>
            <Method visited="false" cyclomaticComplexity="0" nPathComplexity="0" sequenceCoverage="0.0" branchCoverage="0" crapScore="0" isConstructor="false" isStatic="false" isGetter="false" isSetter="false">
              <Summary numSequencePoints="92" visitedSequencePoints="0" numBranchPoints="0" visitedBranchPoints="0" sequenceCoverage="0.0" branchCoverage="0" maxCyclomaticComplexity="0" minCyclomaticComplexity="0" maxCrapScore="0" minCrapScore="0" visitedClasses="0" numClasses="0" visitedMethods="0" numMethods="1" />
              <MetadataToken>100663569</MetadataToken>
              <Name>System.Single[] RacelineOptimizer.PSO::Optimize(System.Collections.Generic.List[ValueTuple`2], System.Collections.Generic.List[CornerSegment], System.Int32, System.Int32)</Name>
              <FileRef uid="4" />
              <SequencePoints>
                <SequencePoint vc="0" uspid="5739" ordinal="0" offset="27" sl="166" sc="9" el="166" ec="9" bec="0" bev="0" fileid="4" />
                <SequencePoint vc="0" uspid="5740" ordinal="0" offset="28" sl="168" sc="13" el="168" ec="13" bec="0" bev="0" fileid="4" />
                <SequencePoint vc="0" uspid="5741" ordinal="0" offset="59" sl="169" sc="13" el="169" ec="13" bec="0" bev="0" fileid="4" />
                <SequencePoint vc="0" uspid="5742" ordinal="0" offset="60" sl="170" sc="17" el="170" ec="17" bec="0" bev="0" fileid="4" />
                <SequencePoint vc="0" uspid="5743" ordinal="0" offset="71" sl="171" sc="17" el="171" ec="17" bec="0" bev="0" fileid="4" />
                <SequencePoint vc="0" uspid="5744" ordinal="0" offset="79" sl="174" sc="13" el="174" ec="13" bec="0" bev="0" fileid="4" />
                <SequencePoint vc="0" uspid="5745" ordinal="0" offset="110" sl="175" sc="13" el="175" ec="13" bec="0" bev="0" fileid="4" />
                <SequencePoint vc="0" uspid="5746" ordinal="0" offset="111" sl="176" sc="17" el="176" ec="17" bec="0" bev="0" fileid="4" />
                <SequencePoint vc="0" uspid="5747" ordinal="0" offset="122" sl="177" sc="17" el="177" ec="17" bec="0" bev="0" fileid="4" />
                <SequencePoint vc="0" uspid="5748" ordinal="0" offset="130" sl="180" sc="13" el="180" ec="13" bec="0" bev="0" fileid="4" />
                <SequencePoint vc="0" uspid="5749" ordinal="0" offset="141" sl="181" sc="13" el="181" ec="13" bec="0" bev="0" fileid="4" />
                <SequencePoint vc="0" uspid="5750" ordinal="0" offset="178" sl="182" sc="13" el="182" ec="13" bec="0" bev="0" fileid="4" />
                <SequencePoint vc="0" uspid="5751" ordinal="0" offset="195" sl="183" sc="13" el="183" ec="13" bec="0" bev="0" fileid="4" />
                <SequencePoint vc="0" uspid="5752" ordinal="0" offset="201" sl="184" sc="13" el="184" ec="13" bec="0" bev="0" fileid="4" />
                <SequencePoint vc="0" uspid="5753" ordinal="0" offset="207" sl="185" sc="13" el="185" ec="13" bec="0" bev="0" fileid="4" />
                <SequencePoint vc="0" uspid="5754" ordinal="0" offset="224" sl="186" sc="13" el="186" ec="13" bec="0" bev="0" fileid="4" />
                <SequencePoint vc="0" uspid="5755" ordinal="0" offset="235" sl="188" sc="13" el="188" ec="13" bec="0" bev="0" fileid="4" />
                <SequencePoint vc="0" uspid="5756" ordinal="0" offset="248" sl="189" sc="13" el="189" ec="13" bec="0" bev="0" fileid="4" />
                <SequencePoint vc="0" uspid="5757" ordinal="0" offset="251" sl="191" sc="18" el="191" ec="18" bec="0" bev="0" fileid="4" />
                <SequencePoint vc="0" uspid="5758" ordinal="0" offset="259" sl="192" sc="13" el="192" ec="13" bec="0" bev="0" fileid="4" />
                <SequencePoint vc="0" uspid="5759" ordinal="0" offset="260" sl="193" sc="17" el="193" ec="17" bec="0" bev="0" fileid="4" />
                <SequencePoint vc="0" uspid="5760" ordinal="0" offset="274" sl="194" sc="17" el="194" ec="17" bec="0" bev="0" fileid="4" />
                <SequencePoint vc="0" uspid="5761" ordinal="0" offset="296" sl="195" sc="17" el="195" ec="17" bec="0" bev="0" fileid="4" />
                <SequencePoint vc="0" uspid="5762" ordinal="0" offset="318" sl="197" sc="17" el="197" ec="17" bec="0" bev="0" fileid="4" />
                <SequencePoint vc="0" uspid="5763" ordinal="0" offset="350" sl="198" sc="17" el="198" ec="17" bec="0" bev="0" fileid="4" />
                <SequencePoint vc="0" uspid="5764" ordinal="0" offset="371" sl="199" sc="17" el="199" ec="17" bec="0" bev="0" fileid="4" />
                <SequencePoint vc="0" uspid="5765" ordinal="0" offset="372" sl="200" sc="21" el="200" ec="21" bec="0" bev="0" fileid="4" />
                <SequencePoint vc="0" uspid="5766" ordinal="0" offset="385" sl="201" sc="21" el="201" ec="21" bec="0" bev="0" fileid="4" />
                <SequencePoint vc="0" uspid="5767" ordinal="0" offset="410" sl="202" sc="17" el="202" ec="17" bec="0" bev="0" fileid="4" />
                <SequencePoint vc="0" uspid="5768" ordinal="0" offset="411" sl="203" sc="17" el="203" ec="17" bec="0" bev="0" fileid="4" />
                <SequencePoint vc="0" uspid="5769" ordinal="0" offset="420" sl="204" sc="13" el="204" ec="13" bec="0" bev="0" fileid="4" />
                <SequencePoint vc="0" uspid="5770" ordinal="0" offset="421" sl="191" sc="47" el="191" ec="47" bec="0" bev="0" fileid="4" />
[...]
                <SequencePoint vc="0" uspid="6160" ordinal="0" offset="0" sl="19" sc="0" el="19" ec="0" bec="0" bev="0" fileid="1" />
              </SequencePoints>
              <BranchPoints />
            </Method>
            <Method visited="false" cyclomaticComplexity="0" nPathComplexity="0" sequenceCoverage="0.0" branchCoverage="0" crapScore="0" isConstructor="false" isStatic="false" isGetter="true" isSetter="false">
              <Summary numSequencePoints="1" visitedSequencePoints="0" numBranchPoints="0" visitedBranchPoints="0" sequenceCoverage="0.0" branchCoverage="0" maxCyclomaticComplexity="0" minCyclomaticComplexity="0" maxCrapScore="0" minCrapScore="0" visitedClasses="0" numClasses="0" visitedMethods="0" numMethods="1" />
              <MetadataToken>100663599</MetadataToken>
              <Name>System.Numerics.Vector2 CornerDetector/CornerSegment::get_OuterStart()</Name>
              <FileRef uid="1" />
              <SequencePoints>
                <SequencePoint vc="0" uspid="6161" ordinal="0" offset="0" sl="20" sc="0" el="20" ec="0" bec="0" bev="0" fileid="1" />
              </SequencePoints>
              <BranchPoints />
            </Method>
            <Method visited="false" cyclomaticComplexity="0" nPathComplexity="0" sequenceCoverage="0.0" branchCoverage="0" crapScore="0" isConstructor="false" isStatic="false" isGetter="true" isSetter="false">
              <Summary numSequencePoints="1" visitedSequencePoints="0" numBranchPoints="0" visitedBranchPoints="0" sequenceCoverage="0.0" branchCoverage="0" maxCyclomaticComplexity="0" minCyclomaticComplexity="0" maxCrapScore="0" minCrapScore="0" visitedClasses="0" numClasses="0" visitedMethods="0" numMethods="1" />
              <MetadataToken>100663600</MetadataToken>
              <Name>System.Numerics.Vector2 CornerDetector/CornerSegment::get_OuterEnd()</Name>
              <FileRef uid="1" />
              <SequencePoints>
                <SequencePoint vc="0" uspid="6162" ordinal="0" offset="0" sl="21" sc="0" el="21" ec="0" bec="0" bev="0" fileid="1" />
              </SequencePoints>
              <BranchPoints />
            </Method>
            <Method visited="false" cyclomaticComplexity="0" nPathComplexity="0" sequenceCoverage="0.0" branchCoverage="0" crapScore="0" isConstructor="false" isStatic="false" isGetter="true" isSetter="false">
              <Summary numSequencePoints="1" visitedSequencePoints="0" numBranchPoints="0" visitedBranchPoints="0" sequenceCoverage="0.0" branchCoverage="0" maxCyclomaticComplexity="0" minCyclomaticComplexity="0" maxCrapScore="0" minCrapScore="0" visitedClasses="0" numClasses="0" visitedMethods="0" numMethods="1" />
              <MetadataToken>100663601</MetadataToken>
              <Name>System.Single CornerDetector/CornerSegment::get_Angle()</Name>
              <FileRef uid="1" />
              <SequencePoints>
                <SequencePoint vc="0" uspid="6163" ordinal="0" offset="0" sl="22" sc="30" el="22" ec="30" bec="0" bev="0" fileid="1" />
              </SequencePoints>
              <BranchPoints />
            </Method>
            <Method visited="false" cyclomaticComplexity="0" nPathComplexity="0" sequenceCoverage="0.0" branchCoverage="0" crapScore="0" isConstructor="false" isStatic="false" isGetter="true" isSetter="false">
              <Summary numSequencePoints="1" visitedSequencePoints="0" numBranchPoints="0" visitedBranchPoints="0" sequenceCoverage="0.0" branchCoverage="0" maxCyclomaticComplexity="0" minCyclomaticComplexity="0" maxCrapScore="0" minCrapScore="0" visitedClasses="0" numClasses="0" visitedMethods="0" numMethods="1" />
              <MetadataToken>100663602</MetadataToken>
              <Name>System.Boolean CornerDetector/CornerSegment::get_IsLeftTurn()</Name>
              <FileRef uid="1" />
              <SequencePoints>
                <SequencePoint vc="0" uspid="6164" ordinal="0" offset="0" sl="23" sc="34" el="23" ec="34" bec="0" bev="0" fileid="1" />
              </SequencePoints>
              <BranchPoints />
            </Method>
            <Method visited="false" cyclomaticComplexity="0" nPathComplexity="0" sequenceCoverage="0.0" branchCoverage="0" crapScore="0" isConstructor="false" isStatic="false" isGetter="true" isSetter="false">
              <Summary numSequencePoints="1" visitedSequencePoints="0" numBranchPoints="0" visitedBranchPoints="0" sequenceCoverage="0.0" branchCoverage="0" maxCyclomaticComplexity="0" minCyclomaticComplexity="0" maxCrapScore="0" minCrapScore="0" visitedClasses="0" numClasses="0" visitedMethods="0" numMethods="1" />
              <MetadataToken>100663603</MetadataToken>
              <Name>System.Int32 CornerDetector/CornerSegment::get_StartIndex()</Name>
              <FileRef uid="1" />
              <SequencePoints>
                <SequencePoint vc="0" uspid="6165" ordinal="0" offset="0" sl="24" sc="33" el="24" ec="33" bec="0" bev="0" fileid="1" />
              </SequencePoints>
              <BranchPoints />
            </Method>
            <Method visited="false" cyclomaticComplexity="0" nPathComplexity="0" sequenceCoverage="0.0" branchCoverage="0" crapScore="0" isConstructor="false" isStatic="false" isGetter="true" isSetter="false">
              <Summary numSequencePoints="1" visitedSequencePoints="0" numBranchPoints="0" visitedBranchPoints="0" sequenceCoverage="0.0" branchCoverage="0" maxCyclomaticComplexity="0" minCyclomaticComplexity="0" maxCrapScore="0" minCrapScore="0" visitedClasses="0" numClasses="0" visitedMethods="0" numMethods="1" />
              <MetadataToken>100663604</MetadataToken>
              <Name>System.Int32 CornerDetector/CornerSegment::get_EndIndex()</Name>
              <FileRef uid="1" />
              <SequencePoints>
                <SequencePoint vc="0" uspid="6166" ordinal="0" offset="0" sl="25" sc="31" el="25" ec="31" bec="0" bev="0" fileid="1" />
              </SequencePoints>
              <BranchPoints />
            </Method>
            <Method visited="false" cyclomaticComplexity="0" nPathComplexity="0" sequenceCoverage="0.0" branchCoverage="0" crapScore="0" isConstructor="false" isStatic="false" isGetter="false" isSetter="false">
              <Summary numSequencePoints="1" visitedSequencePoints="0" numBranchPoints="0" visitedBranchPoints="0" sequenceCoverage="0.0" branchCoverage="0" maxCyclomaticComplexity="0" minCyclomaticComplexity="0" maxCrapScore="0" minCrapScore="0" visitedClasses="0" numClasses="0" visitedMethods="0" numMethods="1" />
              <MetadataToken>100663605</MetadataToken>
              <Name>System.String CornerDetector/CornerSegment::ToString()</Name>
              <FileRef uid="1" />
              <SequencePoints>
                <SequencePoint vc="0" uspid="6167" ordinal="0" offset="0" sl="28" sc="0" el="28" ec="0" bec="0" bev="0" fileid="1" />
              </SequencePoints>
              <BranchPoints />
            </Method>
            <Method visited="false" cyclomaticComplexity="0" nPathComplexity="0" sequenceCoverage="0.0" branchCoverage="0" crapScore="0" isConstructor="true" isStatic="false" isGetter="false" isSetter="false">
              <Summary numSequencePoints="10" visitedSequencePoints="0" numBranchPoints="0" visitedBranchPoints="0" sequenceCoverage="0.0" branchCoverage="0" maxCyclomaticComplexity="0" minCyclomaticComplexity="0" maxCrapScore="0" minCrapScore="0" visitedClasses="0" numClasses="0" visitedMethods="0" numMethods="1" />
              <MetadataToken>100663606</MetadataToken>
              <Name>CornerDetector/CornerSegment::CornerSegment(System.Numerics.Vector2, System.Numerics.Vector2, System.Numerics.Vector2, System.Numerics.Vector2, System.Single, System.Boolean, System.Int32, System.Int32)</Name>
              <FileRef uid="1" />
              <SequencePoints>
                <SequencePoint vc="0" uspid="6168" ordinal="0" offset="0" sl="36" sc="9" el="36" ec="9" bec="0" bev="0" fileid="1" />
                <SequencePoint vc="0" uspid="6169" ordinal="0" offset="1" sl="37" sc="13" el="37" ec="13" bec="0" bev="0" fileid="1" />
                <SequencePoint vc="0" uspid="6170" ordinal="0" offset="8" sl="38" sc="13" el="38" ec="13" bec="0" bev="0" fileid="1" />
                <SequencePoint vc="0" uspid="6171" ordinal="0" offset="15" sl="39" sc="13" el="39" ec="13" bec="0" bev="0" fileid="1" />
                <SequencePoint vc="0" uspid="6172" ordinal="0" offset="22" sl="40" sc="13" el="40" ec="13" bec="0" bev="0" fileid="1" />
                <SequencePoint vc="0" uspid="6173" ordinal="0" offset="30" sl="41" sc="13" el="41" ec="13" bec="0" bev="0" fileid="1" />
                <SequencePoint vc="0" uspid="6174" ordinal="0" offset="38" sl="42" sc="13" el="42" ec="13" bec="0" bev="0" fileid="1" />
                <SequencePoint vc="0" uspid="6175" ordinal="0" offset="46" sl="43" sc="13" el="43" ec="13" bec="0" bev="0" fileid="1" />
                <SequencePoint vc="0" uspid="6176" ordinal="0" offset="54" sl="44" sc="13" el="44" ec="13" bec="0" bev="0" fileid="1" />
                <SequencePoint vc="0" uspid="6177" ordinal="0" offset="62" sl="45" sc="9" el="45" ec="9" bec="0" bev="0" fileid="1" />
              </SequencePoints>
              <BranchPoints />
            </Method>
          </Methods>
        </Class>
        <Class>
          <Summary numSequencePoints="5" visitedSequencePoints="0" numBranchPoints="0" visitedBranchPoints="0" sequenceCoverage="0.0" branchCoverage="0.0" maxCyclomaticComplexity="0" minCyclomaticComplexity="0" maxCrapScore="0" minCrapScore="0" visitedClasses="0" numClasses="1" visitedMethods="0" numMethods="4" />
          <FullName>RacelineOptimizer.PSO/&lt;&gt;c</FullName>
          <Methods>
            <Method visited="false" cyclomaticComplexity="0" nPathComplexity="0" sequenceCoverage="0.0" branchCoverage="0" crapScore="0" isConstructor="false" isStatic="false" isGetter="false" isSetter="false">
              <Summary numSequencePoints="1" visitedSequencePoints="0" numBranchPoints="0" visitedBranchPoints="0" sequenceCoverage="0.0" branchCoverage="0" maxCyclomaticComplexity="0" minCyclomaticComplexity="0" maxCrapScore="0" minCrapScore="0" visitedClasses="0" numClasses="0" visitedMethods="0" numMethods="1" />
              <MetadataToken>100663695</MetadataToken>
              <Name>System.Random RacelineOptimizer.PSO/&lt;&gt;c::&lt;Optimize&gt;b__16_0()</Name>
              <FileRef uid="4" />
              <SequencePoints>
                <SequencePoint vc="0" uspid="6178" ordinal="0" offset="0" sl="181" sc="0" el="181" ec="0" bec="0" bev="0" fileid="4" />
              </SequencePoints>
              <BranchPoints />
            </Method>
            <Method visited="false" cyclomaticComplexity="0" nPathComplexity="0" sequenceCoverage="0.0" branchCoverage="0" crapScore="0" isConstructor="false" isStatic="false" isGetter="false" isSetter="false">
              <Summary numSequencePoints="1" visitedSequencePoints="0" numBranchPoints="0" visitedBranchPoints="0" sequenceCoverage="0.0" branchCoverage="0" maxCyclomaticComplexity="0" minCyclomaticComplexity="0" maxCrapScore="0" minCrapScore="0" visitedClasses="0" numClasses="0" visitedMethods="0" numMethods="1" />
              <MetadataToken>100663696</MetadataToken>
              <Name>System.Random RacelineOptimizer.PSO/&lt;&gt;c::&lt;Optimize&gt;b__16_1()</Name>
              <FileRef uid="4" />
              <SequencePoints>
                <SequencePoint vc="0" uspid="6179" ordinal="0" offset="0" sl="210" sc="51" el="210" ec="51" bec="0" bev="0" fileid="4" />
              </SequencePoints>
              <BranchPoints />
            </Method>
            <Method visited="false" cyclomaticComplexity="0" nPathComplexity="0" sequenceCoverage="0.0" branchCoverage="0" crapScore="0" isConstructor="false" isStatic="false" isGetter="false" isSetter="false">
              <Summary numSequencePoints="2" visitedSequencePoints="0" numBranchPoints="0" visitedBranchPoints="0" sequenceCoverage="0.0" branchCoverage="0" maxCyclomaticComplexity="0" minCyclomaticComplexity="0" maxCrapScore="0" minCrapScore="0" visitedClasses="0" numClasses="0" visitedMethods="0" numMethods="1" />
              <MetadataToken>100663697</MetadataToken>
              <Name>System.Void RacelineOptimizer.PSO/&lt;&gt;c::&lt;Optimize&gt;b__16_3(System.Random)</Name>
              <FileRef uid="4" />
              <SequencePoints>
                <SequencePoint vc="0" uspid="6180" ordinal="0" offset="0" sl="248" sc="25" el="248" ec="25" bec="0" bev="0" fileid="4" />
                <SequencePoint vc="0" uspid="6181" ordinal="0" offset="1" sl="248" sc="27" el="248" ec="27" bec="0" bev="0" fileid="4" />
              </SequencePoints>
              <BranchPoints />
            </Method>
            <Method visited="false" cyclomaticComplexity="0" nPathComplexity="0" sequenceCoverage="0.0" branchCoverage="0" crapScore="0" isConstructor="false" isStatic="false" isGetter="false" isSetter="false">
              <Summary numSequencePoints="1" visitedSequencePoints="0" numBranchPoints="0" visitedBranchPoints="0" sequenceCoverage="0.0" branchCoverage="0" maxCyclomaticComplexity="0" minCyclomaticComplexity="0" maxCrapScore="0" minCrapScore="0" visitedClasses="0" numClasses="0" visitedMethods="0" numMethods="1" />
              <MetadataToken>100663698</MetadataToken>
              <Name>System.Single RacelineOptimizer.PSO/&lt;&gt;c::&lt;Optimize&gt;b__16_4(Particle)</Name>
              <FileRef uid="4" />
              <SequencePoints>
                <SequencePoint vc="0" uspid="6182" ordinal="0" offset="0" sl="257" sc="71" el="257" ec="71" bec="0" bev="0" fileid="4" />
              </SequencePoints>
              <BranchPoints />
            </Method>
          </Methods>
        </Class>
        <Class>
          <Summary numSequencePoints="34" visitedSequencePoints="0" numBranchPoints="0" visitedBranchPoints="0" sequenceCoverage="0.0" branchCoverage="0.0" maxCyclomaticComplexity="0" minCyclomaticComplexity="0" maxCrapScore="0" minCrapScore="0" visitedClasses="0" numClasses="1" visitedMethods="0" numMethods="1" />
          <FullName>RacelineOptimizer.PSO/&lt;&gt;c__DisplayClass16_1</FullName>
          <Methods>
            <Method visited="false" cyclomaticComplexity="0" nPathComplexity="0" sequenceCoverage="0.0" branchCoverage="0" crapScore="0" isConstructor="false" isStatic="false" isGetter="false" isSetter="false">
              <Summary numSequencePoints="34" visitedSequencePoints="0" numBranchPoints="0" visitedBranchPoints="0" sequenceCoverage="0.0" branchCoverage="0" maxCyclomaticComplexity="0" minCyclomaticComplexity="0" maxCrapScore="0" minCrapScore="0" visitedClasses="0" numClasses="0" visitedMethods="0" numMethods="1" />
              <MetadataToken>100663701</MetadataToken>
              <Name>System.Random RacelineOptimizer.PSO/&lt;&gt;c__DisplayClass16_1::&lt;Optimize&gt;b__2(Particle, System.Threading.Tasks.ParallelLoopState, System.Random)</Name>
              <FileRef uid="4" />
              <SequencePoints>
                <SequencePoint vc="0" uspid="6183" ordinal="0" offset="0" sl="211" sc="17" el="211" ec="17" bec="0" bev="0" fileid="4" />
                <SequencePoint vc="0" uspid="6184" ordinal="0" offset="1" sl="212" sc="26" el="212" ec="26" bec="0" bev="0" fileid="4" />
                <SequencePoint vc="0" uspid="6185" ordinal="0" offset="8" sl="213" sc="21" el="213" ec="21" bec="0" bev="0" fileid="4" />
                <SequencePoint vc="0" uspid="6186" ordinal="0" offset="9" sl="214" sc="25" el="214" ec="25" bec="0" bev="0" fileid="4" />
                <SequencePoint vc="0" uspid="6187" ordinal="0" offset="25" sl="215" sc="25" el="215" ec="25" bec="0" bev="0" fileid="4" />
                <SequencePoint vc="0" uspid="6188" ordinal="0" offset="68" sl="216" sc="25" el="216" ec="25" bec="0" bev="0" fileid="4" />
                <SequencePoint vc="0" uspid="6189" ordinal="0" offset="117" sl="218" sc="25" el="218" ec="25" bec="0" bev="0" fileid="4" />
                <SequencePoint vc="0" uspid="6190" ordinal="0" offset="131" sl="219" sc="25" el="219" ec="25" bec="0" bev="0" fileid="4" />
                <SequencePoint vc="0" uspid="6191" ordinal="0" offset="185" sl="221" sc="25" el="221" ec="25" bec="0" bev="0" fileid="4" />
                <SequencePoint vc="0" uspid="6192" ordinal="0" offset="209" sl="222" sc="25" el="222" ec="25" bec="0" bev="0" fileid="4" />
                <SequencePoint vc="0" uspid="6193" ordinal="0" offset="240" sl="223" sc="21" el="223" ec="21" bec="0" bev="0" fileid="4" />
                <SequencePoint vc="0" uspid="6194" ordinal="0" offset="241" sl="212" sc="53" el="212" ec="53" bec="0" bev="0" fileid="4" />
                <SequencePoint vc="0" uspid="6195" ordinal="0" offset="245" sl="212" sc="37" el="212" ec="37" bec="0" bev="0" fileid="4" />
                <SequencePoint vc="0" uspid="6196" ordinal="0" offset="268" sl="224" sc="21" el="224" ec="21" bec="0" bev="0" fileid="4" />
                <SequencePoint vc="0" uspid="6197" ordinal="0" offset="288" sl="226" sc="21" el="226" ec="21" bec="0" bev="0" fileid="4" />
                <SequencePoint vc="0" uspid="6198" ordinal="0" offset="333" sl="227" sc="21" el="227" ec="21" bec="0" bev="0" fileid="4" />
                <SequencePoint vc="0" uspid="6199" ordinal="0" offset="351" sl="228" sc="21" el="228" ec="21" bec="0" bev="0" fileid="4" />
                <SequencePoint vc="0" uspid="6200" ordinal="0" offset="352" sl="229" sc="25" el="229" ec="25" bec="0" bev="0" fileid="4" />
                <SequencePoint vc="0" uspid="6201" ordinal="0" offset="359" sl="230" sc="25" el="230" ec="25" bec="0" bev="0" fileid="4" />
                <SequencePoint vc="0" uspid="6202" ordinal="0" offset="388" sl="231" sc="25" el="231" ec="25" bec="0" bev="0" fileid="4" />
                <SequencePoint vc="0" uspid="6203" ordinal="0" offset="395" sl="233" sc="25" el="233" ec="25" bec="0" bev="0" fileid="4" />
                <SequencePoint vc="0" uspid="6204" ordinal="0" offset="421" sl="234" sc="25" el="234" ec="25" bec="0" bev="0" fileid="4" />
                <SequencePoint vc="0" uspid="6205" ordinal="0" offset="422" sl="235" sc="29" el="235" ec="29" bec="0" bev="0" fileid="4" />
                <SequencePoint vc="0" uspid="6206" ordinal="0" offset="442" sl="236" sc="29" el="236" ec="29" bec="0" bev="0" fileid="4" />
                <SequencePoint vc="0" uspid="6207" ordinal="0" offset="443" sl="237" sc="33" el="237" ec="33" bec="0" bev="0" fileid="4" />
                <SequencePoint vc="0" uspid="6208" ordinal="0" offset="455" sl="238" sc="33" el="238" ec="33" bec="0" bev="0" fileid="4" />
                <SequencePoint vc="0" uspid="6209" ordinal="0" offset="489" sl="239" sc="29" el="239" ec="29" bec="0" bev="0" fileid="4" />
                <SequencePoint vc="0" uspid="6210" ordinal="0" offset="490" sl="240" sc="25" el="240" ec="25" bec="0" bev="0" fileid="4" />
                <SequencePoint vc="0" uspid="6211" ordinal="0" offset="506" sl="241" sc="21" el="241" ec="21" bec="0" bev="0" fileid="4" />
                <SequencePoint vc="0" uspid="6212" ordinal="0" offset="509" sl="243" sc="21" el="243" ec="21" bec="0" bev="0" fileid="4" />
                <SequencePoint vc="0" uspid="6213" ordinal="0" offset="510" sl="244" sc="25" el="244" ec="25" bec="0" bev="0" fileid="4" />
                <SequencePoint vc="0" uspid="6214" ordinal="0" offset="524" sl="245" sc="21" el="245" ec="21" bec="0" bev="0" fileid="4" />
                <SequencePoint vc="0" uspid="6215" ordinal="0" offset="525" sl="247" sc="21" el="247" ec="21" bec="0" bev="0" fileid="4" />
                <SequencePoint vc="0" uspid="6216" ordinal="0" offset="530" sl="248" sc="17" el="248" ec="17" bec="0" bev="0" fileid="4" />
              </SequencePoints>
              <BranchPoints />
            </Method>
          </Methods>
        </Class>
      </Classes>
    </Module>
  </Modules>
</CoverageSession>